<?xml version="1.0" encoding="UTF-8"?>
<testsuite xmlns:xsi="http://www.w3.org/2001/XMLSchema-instance" xsi:noNamespaceSchemaLocation="https://maven.apache.org/surefire/maven-surefire-plugin/xsd/surefire-test-report-3.0.xsd" version="3.0" name="TestSuite" time="123.778" tests="8" errors="0" skipped="1" failures="5">
  <properties>
    <property name="java.specification.version" value="24"/>
    <property name="sun.cpu.isalist" value="amd64"/>
    <property name="sun.jnu.encoding" value="Cp1252"/>
    <property name="java.class.path" value="C:\Users\Anishkumar\eclipse-workspaceMobile\appiumDesign\target\test-classes;C:\Users\Anishkumar\eclipse-workspaceMobile\appiumDesign\target\classes;C:\WINDOWS\system32\config\systemprofile\.m2\repository\org\testng\testng\7.8.0\testng-7.8.0.jar;C:\WINDOWS\system32\config\systemprofile\.m2\repository\org\slf4j\slf4j-api\1.7.36\slf4j-api-1.7.36.jar;C:\WINDOWS\system32\config\systemprofile\.m2\repository\com\beust\jcommander\1.82\jcommander-1.82.jar;C:\WINDOWS\system32\config\systemprofile\.m2\repository\org\webjars\jquery\3.6.1\jquery-3.6.1.jar;C:\WINDOWS\system32\config\systemprofile\.m2\repository\io\appium\java-client\8.6.0\java-client-8.6.0.jar;C:\WINDOWS\system32\config\systemprofile\.m2\repository\org\seleniumhq\selenium\selenium-api\4.13.0\selenium-api-4.13.0.jar;C:\WINDOWS\system32\config\systemprofile\.m2\repository\org\seleniumhq\selenium\selenium-remote-driver\4.13.0\selenium-remote-driver-4.13.0.jar;C:\WINDOWS\system32\config\systemprofile\.m2\repository\com\google\auto\service\auto-service-annotations\1.1.1\auto-service-annotations-1.1.1.jar;C:\WINDOWS\system32\config\systemprofile\.m2\repository\com\google\guava\guava\32.1.2-jre\guava-32.1.2-jre.jar;C:\WINDOWS\system32\config\systemprofile\.m2\repository\com\google\guava\failureaccess\1.0.1\failureaccess-1.0.1.jar;C:\WINDOWS\system32\config\systemprofile\.m2\repository\com\google\guava\listenablefuture\9999.0-empty-to-avoid-conflict-with-guava\listenablefuture-9999.0-empty-to-avoid-conflict-with-guava.jar;C:\WINDOWS\system32\config\systemprofile\.m2\repository\com\google\code\findbugs\jsr305\3.0.2\jsr305-3.0.2.jar;C:\WINDOWS\system32\config\systemprofile\.m2\repository\org\checkerframework\checker-qual\3.33.0\checker-qual-3.33.0.jar;C:\WINDOWS\system32\config\systemprofile\.m2\repository\com\google\errorprone\error_prone_annotations\2.18.0\error_prone_annotations-2.18.0.jar;C:\WINDOWS\system32\config\systemprofile\.m2\repository\com\google\j2objc\j2objc-annotations\2.8\j2objc-annotations-2.8.jar;C:\WINDOWS\system32\config\systemprofile\.m2\repository\io\netty\netty-buffer\4.1.96.Final\netty-buffer-4.1.96.Final.jar;C:\WINDOWS\system32\config\systemprofile\.m2\repository\io\netty\netty-codec-http\4.1.96.Final\netty-codec-http-4.1.96.Final.jar;C:\WINDOWS\system32\config\systemprofile\.m2\repository\io\netty\netty-codec\4.1.96.Final\netty-codec-4.1.96.Final.jar;C:\WINDOWS\system32\config\systemprofile\.m2\repository\io\netty\netty-handler\4.1.96.Final\netty-handler-4.1.96.Final.jar;C:\WINDOWS\system32\config\systemprofile\.m2\repository\io\netty\netty-common\4.1.96.Final\netty-common-4.1.96.Final.jar;C:\WINDOWS\system32\config\systemprofile\.m2\repository\io\netty\netty-transport-classes-epoll\4.1.96.Final\netty-transport-classes-epoll-4.1.96.Final.jar;C:\WINDOWS\system32\config\systemprofile\.m2\repository\io\netty\netty-transport-classes-kqueue\4.1.96.Final\netty-transport-classes-kqueue-4.1.96.Final.jar;C:\WINDOWS\system32\config\systemprofile\.m2\repository\io\netty\netty-transport-native-epoll\4.1.96.Final\netty-transport-native-epoll-4.1.96.Final.jar;C:\WINDOWS\system32\config\systemprofile\.m2\repository\io\netty\netty-transport-native-kqueue\4.1.96.Final\netty-transport-native-kqueue-4.1.96.Final.jar;C:\WINDOWS\system32\config\systemprofile\.m2\repository\io\netty\netty-transport-native-unix-common\4.1.96.Final\netty-transport-native-unix-common-4.1.96.Final.jar;C:\WINDOWS\system32\config\systemprofile\.m2\repository\io\netty\netty-transport\4.1.96.Final\netty-transport-4.1.96.Final.jar;C:\WINDOWS\system32\config\systemprofile\.m2\repository\io\netty\netty-resolver\4.1.96.Final\netty-resolver-4.1.96.Final.jar;C:\WINDOWS\system32\config\systemprofile\.m2\repository\io\opentelemetry\opentelemetry-api\1.28.0\opentelemetry-api-1.28.0.jar;C:\WINDOWS\system32\config\systemprofile\.m2\repository\io\opentelemetry\opentelemetry-context\1.28.0\opentelemetry-context-1.28.0.jar;C:\WINDOWS\system32\config\systemprofile\.m2\repository\io\opentelemetry\opentelemetry-exporter-logging\1.28.0\opentelemetry-exporter-logging-1.28.0.jar;C:\WINDOWS\system32\config\systemprofile\.m2\repository\io\opentelemetry\opentelemetry-sdk-metrics\1.28.0\opentelemetry-sdk-metrics-1.28.0.jar;C:\WINDOWS\system32\config\systemprofile\.m2\repository\io\opentelemetry\opentelemetry-extension-incubator\1.28.0-alpha\opentelemetry-extension-incubator-1.28.0-alpha.jar;C:\WINDOWS\system32\config\systemprofile\.m2\repository\io\opentelemetry\opentelemetry-sdk-logs\1.28.0\opentelemetry-sdk-logs-1.28.0.jar;C:\WINDOWS\system32\config\systemprofile\.m2\repository\io\opentelemetry\opentelemetry-sdk-common\1.28.0\opentelemetry-sdk-common-1.28.0.jar;C:\WINDOWS\system32\config\systemprofile\.m2\repository\io\opentelemetry\opentelemetry-sdk-extension-autoconfigure-spi\1.28.0\opentelemetry-sdk-extension-autoconfigure-spi-1.28.0.jar;C:\WINDOWS\system32\config\systemprofile\.m2\repository\io\opentelemetry\opentelemetry-sdk-extension-autoconfigure\1.28.0\opentelemetry-sdk-extension-autoconfigure-1.28.0.jar;C:\WINDOWS\system32\config\systemprofile\.m2\repository\io\opentelemetry\opentelemetry-api-events\1.28.0-alpha\opentelemetry-api-events-1.28.0-alpha.jar;C:\WINDOWS\system32\config\systemprofile\.m2\repository\io\opentelemetry\opentelemetry-sdk-trace\1.28.0\opentelemetry-sdk-trace-1.28.0.jar;C:\WINDOWS\system32\config\systemprofile\.m2\repository\io\opentelemetry\opentelemetry-sdk\1.28.0\opentelemetry-sdk-1.28.0.jar;C:\WINDOWS\system32\config\systemprofile\.m2\repository\io\opentelemetry\opentelemetry-semconv\1.28.0-alpha\opentelemetry-semconv-1.28.0-alpha.jar;C:\WINDOWS\system32\config\systemprofile\.m2\repository\net\bytebuddy\byte-buddy\1.14.5\byte-buddy-1.14.5.jar;C:\WINDOWS\system32\config\systemprofile\.m2\repository\org\asynchttpclient\async-http-client\2.12.3\async-http-client-2.12.3.jar;C:\WINDOWS\system32\config\systemprofile\.m2\repository\org\asynchttpclient\async-http-client-netty-utils\2.12.3\async-http-client-netty-utils-2.12.3.jar;C:\WINDOWS\system32\config\systemprofile\.m2\repository\io\netty\netty-codec-socks\4.1.60.Final\netty-codec-socks-4.1.60.Final.jar;C:\WINDOWS\system32\config\systemprofile\.m2\repository\io\netty\netty-handler-proxy\4.1.60.Final\netty-handler-proxy-4.1.60.Final.jar;C:\WINDOWS\system32\config\systemprofile\.m2\repository\io\netty\netty-transport-native-epoll\4.1.60.Final\netty-transport-native-epoll-4.1.60.Final-linux-x86_64.jar;C:\WINDOWS\system32\config\systemprofile\.m2\repository\io\netty\netty-transport-native-kqueue\4.1.60.Final\netty-transport-native-kqueue-4.1.60.Final-osx-x86_64.jar;C:\WINDOWS\system32\config\systemprofile\.m2\repository\com\typesafe\netty\netty-reactive-streams\2.0.4\netty-reactive-streams-2.0.4.jar;C:\WINDOWS\system32\config\systemprofile\.m2\repository\com\sun\activation\jakarta.activation\1.2.2\jakarta.activation-1.2.2.jar;C:\WINDOWS\system32\config\systemprofile\.m2\repository\org\seleniumhq\selenium\selenium-http\4.13.0\selenium-http-4.13.0.jar;C:\WINDOWS\system32\config\systemprofile\.m2\repository\dev\failsafe\failsafe\3.3.2\failsafe-3.3.2.jar;C:\WINDOWS\system32\config\systemprofile\.m2\repository\org\seleniumhq\selenium\selenium-json\4.13.0\selenium-json-4.13.0.jar;C:\WINDOWS\system32\config\systemprofile\.m2\repository\org\seleniumhq\selenium\selenium-manager\4.13.0\selenium-manager-4.13.0.jar;C:\WINDOWS\system32\config\systemprofile\.m2\repository\org\seleniumhq\selenium\selenium-os\4.13.0\selenium-os-4.13.0.jar;C:\WINDOWS\system32\config\systemprofile\.m2\repository\org\apache\commons\commons-exec\1.3\commons-exec-1.3.jar;C:\WINDOWS\system32\config\systemprofile\.m2\repository\org\seleniumhq\selenium\selenium-support\4.13.0\selenium-support-4.13.0.jar;C:\WINDOWS\system32\config\systemprofile\.m2\repository\com\google\code\gson\gson\2.10.1\gson-2.10.1.jar;C:\WINDOWS\system32\config\systemprofile\.m2\repository\org\apache\commons\commons-lang3\3.13.0\commons-lang3-3.13.0.jar;C:\WINDOWS\system32\config\systemprofile\.m2\repository\org\seleniumhq\selenium\selenium-java\4.20.0\selenium-java-4.20.0.jar;C:\WINDOWS\system32\config\systemprofile\.m2\repository\org\seleniumhq\selenium\selenium-chrome-driver\4.20.0\selenium-chrome-driver-4.20.0.jar;C:\WINDOWS\system32\config\systemprofile\.m2\repository\org\seleniumhq\selenium\selenium-chromium-driver\4.20.0\selenium-chromium-driver-4.20.0.jar;C:\WINDOWS\system32\config\systemprofile\.m2\repository\org\seleniumhq\selenium\selenium-devtools-v122\4.20.0\selenium-devtools-v122-4.20.0.jar;C:\WINDOWS\system32\config\systemprofile\.m2\repository\org\seleniumhq\selenium\selenium-devtools-v123\4.20.0\selenium-devtools-v123-4.20.0.jar;C:\WINDOWS\system32\config\systemprofile\.m2\repository\org\seleniumhq\selenium\selenium-devtools-v124\4.20.0\selenium-devtools-v124-4.20.0.jar;C:\WINDOWS\system32\config\systemprofile\.m2\repository\org\seleniumhq\selenium\selenium-devtools-v85\4.20.0\selenium-devtools-v85-4.20.0.jar;C:\WINDOWS\system32\config\systemprofile\.m2\repository\org\seleniumhq\selenium\selenium-edge-driver\4.20.0\selenium-edge-driver-4.20.0.jar;C:\WINDOWS\system32\config\systemprofile\.m2\repository\org\seleniumhq\selenium\selenium-firefox-driver\4.20.0\selenium-firefox-driver-4.20.0.jar;C:\WINDOWS\system32\config\systemprofile\.m2\repository\org\seleniumhq\selenium\selenium-ie-driver\4.20.0\selenium-ie-driver-4.20.0.jar;C:\WINDOWS\system32\config\systemprofile\.m2\repository\org\seleniumhq\selenium\selenium-safari-driver\4.20.0\selenium-safari-driver-4.20.0.jar;C:\WINDOWS\system32\config\systemprofile\.m2\repository\com\aventstack\extentreports\5.1.2\extentreports-5.1.2.jar;C:\WINDOWS\system32\config\systemprofile\.m2\repository\io\reactivex\rxjava3\rxjava\3.1.6\rxjava-3.1.6.jar;C:\WINDOWS\system32\config\systemprofile\.m2\repository\org\reactivestreams\reactive-streams\1.0.4\reactive-streams-1.0.4.jar;C:\WINDOWS\system32\config\systemprofile\.m2\repository\org\freemarker\freemarker\2.3.32\freemarker-2.3.32.jar;C:\WINDOWS\system32\config\systemprofile\.m2\repository\org\projectlombok\lombok\1.18.26\lombok-1.18.26.jar;C:\WINDOWS\system32\config\systemprofile\.m2\repository\commons-io\commons-io\2.20.0\commons-io-2.20.0.jar;C:\WINDOWS\system32\config\systemprofile\.m2\repository\com\fasterxml\jackson\core\jackson-databind\2.20.0\jackson-databind-2.20.0.jar;C:\WINDOWS\system32\config\systemprofile\.m2\repository\com\fasterxml\jackson\core\jackson-annotations\2.20\jackson-annotations-2.20.jar;C:\WINDOWS\system32\config\systemprofile\.m2\repository\com\fasterxml\jackson\core\jackson-core\2.20.0\jackson-core-2.20.0.jar;C:\WINDOWS\system32\config\systemprofile\.m2\repository\org\apache\poi\poi-ooxml\5.2.5\poi-ooxml-5.2.5.jar;C:\WINDOWS\system32\config\systemprofile\.m2\repository\org\apache\poi\poi\5.2.5\poi-5.2.5.jar;C:\WINDOWS\system32\config\systemprofile\.m2\repository\commons-codec\commons-codec\1.16.0\commons-codec-1.16.0.jar;C:\WINDOWS\system32\config\systemprofile\.m2\repository\org\apache\commons\commons-math3\3.6.1\commons-math3-3.6.1.jar;C:\WINDOWS\system32\config\systemprofile\.m2\repository\com\zaxxer\SparseBitSet\1.3\SparseBitSet-1.3.jar;C:\WINDOWS\system32\config\systemprofile\.m2\repository\org\apache\poi\poi-ooxml-lite\5.2.5\poi-ooxml-lite-5.2.5.jar;C:\WINDOWS\system32\config\systemprofile\.m2\repository\org\apache\xmlbeans\xmlbeans\5.2.0\xmlbeans-5.2.0.jar;C:\WINDOWS\system32\config\systemprofile\.m2\repository\org\apache\commons\commons-compress\1.25.0\commons-compress-1.25.0.jar;C:\WINDOWS\system32\config\systemprofile\.m2\repository\com\github\virtuald\curvesapi\1.08\curvesapi-1.08.jar;C:\WINDOWS\system32\config\systemprofile\.m2\repository\org\apache\logging\log4j\log4j-api\2.21.1\log4j-api-2.21.1.jar;C:\WINDOWS\system32\config\systemprofile\.m2\repository\org\apache\commons\commons-collections4\4.4\commons-collections4-4.4.jar;C:\WINDOWS\system32\config\systemprofile\.m2\repository\io\github\bonigarcia\webdrivermanager\5.9.2\webdrivermanager-5.9.2.jar;C:\WINDOWS\system32\config\systemprofile\.m2\repository\com\github\docker-java\docker-java\3.4.0\docker-java-3.4.0.jar;C:\WINDOWS\system32\config\systemprofile\.m2\repository\com\github\docker-java\docker-java-core\3.4.0\docker-java-core-3.4.0.jar;C:\WINDOWS\system32\config\systemprofile\.m2\repository\com\github\docker-java\docker-java-api\3.4.0\docker-java-api-3.4.0.jar;C:\WINDOWS\system32\config\systemprofile\.m2\repository\org\slf4j\jcl-over-slf4j\1.7.30\jcl-over-slf4j-1.7.30.jar;C:\WINDOWS\system32\config\systemprofile\.m2\repository\com\github\docker-java\docker-java-transport-httpclient5\3.4.0\docker-java-transport-httpclient5-3.4.0.jar;C:\WINDOWS\system32\config\systemprofile\.m2\repository\com\github\docker-java\docker-java-transport\3.4.0\docker-java-transport-3.4.0.jar;C:\WINDOWS\system32\config\systemprofile\.m2\repository\net\java\dev\jna\jna\5.13.0\jna-5.13.0.jar;C:\WINDOWS\system32\config\systemprofile\.m2\repository\org\brotli\dec\0.1.2\dec-0.1.2.jar;C:\WINDOWS\system32\config\systemprofile\.m2\repository\org\apache\httpcomponents\client5\httpclient5\5.2.1\httpclient5-5.2.1.jar;C:\WINDOWS\system32\config\systemprofile\.m2\repository\org\apache\httpcomponents\core5\httpcore5\5.2\httpcore5-5.2.jar;C:\WINDOWS\system32\config\systemprofile\.m2\repository\org\apache\httpcomponents\core5\httpcore5-h2\5.2\httpcore5-h2-5.2.jar;C:\WINDOWS\system32\config\systemprofile\.m2\repository\com\browserstack\browserstack-java-sdk\1.27.0\browserstack-java-sdk-1.27.0.jar;"/>
    <property name="java.vm.vendor" value="Oracle Corporation"/>
    <property name="sun.arch.data.model" value="64"/>
    <property name="user.variant" value=""/>
    <property name="java.vendor.url" value="https://java.oracle.com/"/>
    <property name="user.timezone" value="Asia/Calcutta"/>
    <property name="os.name" value="Windows 11"/>
    <property name="java.vm.specification.version" value="24"/>
    <property name="sun.java.launcher" value="SUN_STANDARD"/>
    <property name="user.country" value="IN"/>
    <property name="sun.boot.library.path" value="C:\Program Files\Java\jdk-24.0.2\bin"/>
    <property name="sun.java.command" value="C:\Windows\Temp\surefire12629238799795467809\surefirebooter-20250924175322564_3.jar C:\Windows\Temp\surefire12629238799795467809 2025-09-24T17-53-17_886-jvmRun1 surefire-20250924175322564_1tmp surefire_0-20250924175322564_2tmp"/>
    <property name="jdk.debug" value="release"/>
    <property name="surefire.test.class.path" value="C:\Users\Anishkumar\eclipse-workspaceMobile\appiumDesign\target\test-classes;C:\Users\Anishkumar\eclipse-workspaceMobile\appiumDesign\target\classes;C:\WINDOWS\system32\config\systemprofile\.m2\repository\org\testng\testng\7.8.0\testng-7.8.0.jar;C:\WINDOWS\system32\config\systemprofile\.m2\repository\org\slf4j\slf4j-api\1.7.36\slf4j-api-1.7.36.jar;C:\WINDOWS\system32\config\systemprofile\.m2\repository\com\beust\jcommander\1.82\jcommander-1.82.jar;C:\WINDOWS\system32\config\systemprofile\.m2\repository\org\webjars\jquery\3.6.1\jquery-3.6.1.jar;C:\WINDOWS\system32\config\systemprofile\.m2\repository\io\appium\java-client\8.6.0\java-client-8.6.0.jar;C:\WINDOWS\system32\config\systemprofile\.m2\repository\org\seleniumhq\selenium\selenium-api\4.13.0\selenium-api-4.13.0.jar;C:\WINDOWS\system32\config\systemprofile\.m2\repository\org\seleniumhq\selenium\selenium-remote-driver\4.13.0\selenium-remote-driver-4.13.0.jar;C:\WINDOWS\system32\config\systemprofile\.m2\repository\com\google\auto\service\auto-service-annotations\1.1.1\auto-service-annotations-1.1.1.jar;C:\WINDOWS\system32\config\systemprofile\.m2\repository\com\google\guava\guava\32.1.2-jre\guava-32.1.2-jre.jar;C:\WINDOWS\system32\config\systemprofile\.m2\repository\com\google\guava\failureaccess\1.0.1\failureaccess-1.0.1.jar;C:\WINDOWS\system32\config\systemprofile\.m2\repository\com\google\guava\listenablefuture\9999.0-empty-to-avoid-conflict-with-guava\listenablefuture-9999.0-empty-to-avoid-conflict-with-guava.jar;C:\WINDOWS\system32\config\systemprofile\.m2\repository\com\google\code\findbugs\jsr305\3.0.2\jsr305-3.0.2.jar;C:\WINDOWS\system32\config\systemprofile\.m2\repository\org\checkerframework\checker-qual\3.33.0\checker-qual-3.33.0.jar;C:\WINDOWS\system32\config\systemprofile\.m2\repository\com\google\errorprone\error_prone_annotations\2.18.0\error_prone_annotations-2.18.0.jar;C:\WINDOWS\system32\config\systemprofile\.m2\repository\com\google\j2objc\j2objc-annotations\2.8\j2objc-annotations-2.8.jar;C:\WINDOWS\system32\config\systemprofile\.m2\repository\io\netty\netty-buffer\4.1.96.Final\netty-buffer-4.1.96.Final.jar;C:\WINDOWS\system32\config\systemprofile\.m2\repository\io\netty\netty-codec-http\4.1.96.Final\netty-codec-http-4.1.96.Final.jar;C:\WINDOWS\system32\config\systemprofile\.m2\repository\io\netty\netty-codec\4.1.96.Final\netty-codec-4.1.96.Final.jar;C:\WINDOWS\system32\config\systemprofile\.m2\repository\io\netty\netty-handler\4.1.96.Final\netty-handler-4.1.96.Final.jar;C:\WINDOWS\system32\config\systemprofile\.m2\repository\io\netty\netty-common\4.1.96.Final\netty-common-4.1.96.Final.jar;C:\WINDOWS\system32\config\systemprofile\.m2\repository\io\netty\netty-transport-classes-epoll\4.1.96.Final\netty-transport-classes-epoll-4.1.96.Final.jar;C:\WINDOWS\system32\config\systemprofile\.m2\repository\io\netty\netty-transport-classes-kqueue\4.1.96.Final\netty-transport-classes-kqueue-4.1.96.Final.jar;C:\WINDOWS\system32\config\systemprofile\.m2\repository\io\netty\netty-transport-native-epoll\4.1.96.Final\netty-transport-native-epoll-4.1.96.Final.jar;C:\WINDOWS\system32\config\systemprofile\.m2\repository\io\netty\netty-transport-native-kqueue\4.1.96.Final\netty-transport-native-kqueue-4.1.96.Final.jar;C:\WINDOWS\system32\config\systemprofile\.m2\repository\io\netty\netty-transport-native-unix-common\4.1.96.Final\netty-transport-native-unix-common-4.1.96.Final.jar;C:\WINDOWS\system32\config\systemprofile\.m2\repository\io\netty\netty-transport\4.1.96.Final\netty-transport-4.1.96.Final.jar;C:\WINDOWS\system32\config\systemprofile\.m2\repository\io\netty\netty-resolver\4.1.96.Final\netty-resolver-4.1.96.Final.jar;C:\WINDOWS\system32\config\systemprofile\.m2\repository\io\opentelemetry\opentelemetry-api\1.28.0\opentelemetry-api-1.28.0.jar;C:\WINDOWS\system32\config\systemprofile\.m2\repository\io\opentelemetry\opentelemetry-context\1.28.0\opentelemetry-context-1.28.0.jar;C:\WINDOWS\system32\config\systemprofile\.m2\repository\io\opentelemetry\opentelemetry-exporter-logging\1.28.0\opentelemetry-exporter-logging-1.28.0.jar;C:\WINDOWS\system32\config\systemprofile\.m2\repository\io\opentelemetry\opentelemetry-sdk-metrics\1.28.0\opentelemetry-sdk-metrics-1.28.0.jar;C:\WINDOWS\system32\config\systemprofile\.m2\repository\io\opentelemetry\opentelemetry-extension-incubator\1.28.0-alpha\opentelemetry-extension-incubator-1.28.0-alpha.jar;C:\WINDOWS\system32\config\systemprofile\.m2\repository\io\opentelemetry\opentelemetry-sdk-logs\1.28.0\opentelemetry-sdk-logs-1.28.0.jar;C:\WINDOWS\system32\config\systemprofile\.m2\repository\io\opentelemetry\opentelemetry-sdk-common\1.28.0\opentelemetry-sdk-common-1.28.0.jar;C:\WINDOWS\system32\config\systemprofile\.m2\repository\io\opentelemetry\opentelemetry-sdk-extension-autoconfigure-spi\1.28.0\opentelemetry-sdk-extension-autoconfigure-spi-1.28.0.jar;C:\WINDOWS\system32\config\systemprofile\.m2\repository\io\opentelemetry\opentelemetry-sdk-extension-autoconfigure\1.28.0\opentelemetry-sdk-extension-autoconfigure-1.28.0.jar;C:\WINDOWS\system32\config\systemprofile\.m2\repository\io\opentelemetry\opentelemetry-api-events\1.28.0-alpha\opentelemetry-api-events-1.28.0-alpha.jar;C:\WINDOWS\system32\config\systemprofile\.m2\repository\io\opentelemetry\opentelemetry-sdk-trace\1.28.0\opentelemetry-sdk-trace-1.28.0.jar;C:\WINDOWS\system32\config\systemprofile\.m2\repository\io\opentelemetry\opentelemetry-sdk\1.28.0\opentelemetry-sdk-1.28.0.jar;C:\WINDOWS\system32\config\systemprofile\.m2\repository\io\opentelemetry\opentelemetry-semconv\1.28.0-alpha\opentelemetry-semconv-1.28.0-alpha.jar;C:\WINDOWS\system32\config\systemprofile\.m2\repository\net\bytebuddy\byte-buddy\1.14.5\byte-buddy-1.14.5.jar;C:\WINDOWS\system32\config\systemprofile\.m2\repository\org\asynchttpclient\async-http-client\2.12.3\async-http-client-2.12.3.jar;C:\WINDOWS\system32\config\systemprofile\.m2\repository\org\asynchttpclient\async-http-client-netty-utils\2.12.3\async-http-client-netty-utils-2.12.3.jar;C:\WINDOWS\system32\config\systemprofile\.m2\repository\io\netty\netty-codec-socks\4.1.60.Final\netty-codec-socks-4.1.60.Final.jar;C:\WINDOWS\system32\config\systemprofile\.m2\repository\io\netty\netty-handler-proxy\4.1.60.Final\netty-handler-proxy-4.1.60.Final.jar;C:\WINDOWS\system32\config\systemprofile\.m2\repository\io\netty\netty-transport-native-epoll\4.1.60.Final\netty-transport-native-epoll-4.1.60.Final-linux-x86_64.jar;C:\WINDOWS\system32\config\systemprofile\.m2\repository\io\netty\netty-transport-native-kqueue\4.1.60.Final\netty-transport-native-kqueue-4.1.60.Final-osx-x86_64.jar;C:\WINDOWS\system32\config\systemprofile\.m2\repository\com\typesafe\netty\netty-reactive-streams\2.0.4\netty-reactive-streams-2.0.4.jar;C:\WINDOWS\system32\config\systemprofile\.m2\repository\com\sun\activation\jakarta.activation\1.2.2\jakarta.activation-1.2.2.jar;C:\WINDOWS\system32\config\systemprofile\.m2\repository\org\seleniumhq\selenium\selenium-http\4.13.0\selenium-http-4.13.0.jar;C:\WINDOWS\system32\config\systemprofile\.m2\repository\dev\failsafe\failsafe\3.3.2\failsafe-3.3.2.jar;C:\WINDOWS\system32\config\systemprofile\.m2\repository\org\seleniumhq\selenium\selenium-json\4.13.0\selenium-json-4.13.0.jar;C:\WINDOWS\system32\config\systemprofile\.m2\repository\org\seleniumhq\selenium\selenium-manager\4.13.0\selenium-manager-4.13.0.jar;C:\WINDOWS\system32\config\systemprofile\.m2\repository\org\seleniumhq\selenium\selenium-os\4.13.0\selenium-os-4.13.0.jar;C:\WINDOWS\system32\config\systemprofile\.m2\repository\org\apache\commons\commons-exec\1.3\commons-exec-1.3.jar;C:\WINDOWS\system32\config\systemprofile\.m2\repository\org\seleniumhq\selenium\selenium-support\4.13.0\selenium-support-4.13.0.jar;C:\WINDOWS\system32\config\systemprofile\.m2\repository\com\google\code\gson\gson\2.10.1\gson-2.10.1.jar;C:\WINDOWS\system32\config\systemprofile\.m2\repository\org\apache\commons\commons-lang3\3.13.0\commons-lang3-3.13.0.jar;C:\WINDOWS\system32\config\systemprofile\.m2\repository\org\seleniumhq\selenium\selenium-java\4.20.0\selenium-java-4.20.0.jar;C:\WINDOWS\system32\config\systemprofile\.m2\repository\org\seleniumhq\selenium\selenium-chrome-driver\4.20.0\selenium-chrome-driver-4.20.0.jar;C:\WINDOWS\system32\config\systemprofile\.m2\repository\org\seleniumhq\selenium\selenium-chromium-driver\4.20.0\selenium-chromium-driver-4.20.0.jar;C:\WINDOWS\system32\config\systemprofile\.m2\repository\org\seleniumhq\selenium\selenium-devtools-v122\4.20.0\selenium-devtools-v122-4.20.0.jar;C:\WINDOWS\system32\config\systemprofile\.m2\repository\org\seleniumhq\selenium\selenium-devtools-v123\4.20.0\selenium-devtools-v123-4.20.0.jar;C:\WINDOWS\system32\config\systemprofile\.m2\repository\org\seleniumhq\selenium\selenium-devtools-v124\4.20.0\selenium-devtools-v124-4.20.0.jar;C:\WINDOWS\system32\config\systemprofile\.m2\repository\org\seleniumhq\selenium\selenium-devtools-v85\4.20.0\selenium-devtools-v85-4.20.0.jar;C:\WINDOWS\system32\config\systemprofile\.m2\repository\org\seleniumhq\selenium\selenium-edge-driver\4.20.0\selenium-edge-driver-4.20.0.jar;C:\WINDOWS\system32\config\systemprofile\.m2\repository\org\seleniumhq\selenium\selenium-firefox-driver\4.20.0\selenium-firefox-driver-4.20.0.jar;C:\WINDOWS\system32\config\systemprofile\.m2\repository\org\seleniumhq\selenium\selenium-ie-driver\4.20.0\selenium-ie-driver-4.20.0.jar;C:\WINDOWS\system32\config\systemprofile\.m2\repository\org\seleniumhq\selenium\selenium-safari-driver\4.20.0\selenium-safari-driver-4.20.0.jar;C:\WINDOWS\system32\config\systemprofile\.m2\repository\com\aventstack\extentreports\5.1.2\extentreports-5.1.2.jar;C:\WINDOWS\system32\config\systemprofile\.m2\repository\io\reactivex\rxjava3\rxjava\3.1.6\rxjava-3.1.6.jar;C:\WINDOWS\system32\config\systemprofile\.m2\repository\org\reactivestreams\reactive-streams\1.0.4\reactive-streams-1.0.4.jar;C:\WINDOWS\system32\config\systemprofile\.m2\repository\org\freemarker\freemarker\2.3.32\freemarker-2.3.32.jar;C:\WINDOWS\system32\config\systemprofile\.m2\repository\org\projectlombok\lombok\1.18.26\lombok-1.18.26.jar;C:\WINDOWS\system32\config\systemprofile\.m2\repository\commons-io\commons-io\2.20.0\commons-io-2.20.0.jar;C:\WINDOWS\system32\config\systemprofile\.m2\repository\com\fasterxml\jackson\core\jackson-databind\2.20.0\jackson-databind-2.20.0.jar;C:\WINDOWS\system32\config\systemprofile\.m2\repository\com\fasterxml\jackson\core\jackson-annotations\2.20\jackson-annotations-2.20.jar;C:\WINDOWS\system32\config\systemprofile\.m2\repository\com\fasterxml\jackson\core\jackson-core\2.20.0\jackson-core-2.20.0.jar;C:\WINDOWS\system32\config\systemprofile\.m2\repository\org\apache\poi\poi-ooxml\5.2.5\poi-ooxml-5.2.5.jar;C:\WINDOWS\system32\config\systemprofile\.m2\repository\org\apache\poi\poi\5.2.5\poi-5.2.5.jar;C:\WINDOWS\system32\config\systemprofile\.m2\repository\commons-codec\commons-codec\1.16.0\commons-codec-1.16.0.jar;C:\WINDOWS\system32\config\systemprofile\.m2\repository\org\apache\commons\commons-math3\3.6.1\commons-math3-3.6.1.jar;C:\WINDOWS\system32\config\systemprofile\.m2\repository\com\zaxxer\SparseBitSet\1.3\SparseBitSet-1.3.jar;C:\WINDOWS\system32\config\systemprofile\.m2\repository\org\apache\poi\poi-ooxml-lite\5.2.5\poi-ooxml-lite-5.2.5.jar;C:\WINDOWS\system32\config\systemprofile\.m2\repository\org\apache\xmlbeans\xmlbeans\5.2.0\xmlbeans-5.2.0.jar;C:\WINDOWS\system32\config\systemprofile\.m2\repository\org\apache\commons\commons-compress\1.25.0\commons-compress-1.25.0.jar;C:\WINDOWS\system32\config\systemprofile\.m2\repository\com\github\virtuald\curvesapi\1.08\curvesapi-1.08.jar;C:\WINDOWS\system32\config\systemprofile\.m2\repository\org\apache\logging\log4j\log4j-api\2.21.1\log4j-api-2.21.1.jar;C:\WINDOWS\system32\config\systemprofile\.m2\repository\org\apache\commons\commons-collections4\4.4\commons-collections4-4.4.jar;C:\WINDOWS\system32\config\systemprofile\.m2\repository\io\github\bonigarcia\webdrivermanager\5.9.2\webdrivermanager-5.9.2.jar;C:\WINDOWS\system32\config\systemprofile\.m2\repository\com\github\docker-java\docker-java\3.4.0\docker-java-3.4.0.jar;C:\WINDOWS\system32\config\systemprofile\.m2\repository\com\github\docker-java\docker-java-core\3.4.0\docker-java-core-3.4.0.jar;C:\WINDOWS\system32\config\systemprofile\.m2\repository\com\github\docker-java\docker-java-api\3.4.0\docker-java-api-3.4.0.jar;C:\WINDOWS\system32\config\systemprofile\.m2\repository\org\slf4j\jcl-over-slf4j\1.7.30\jcl-over-slf4j-1.7.30.jar;C:\WINDOWS\system32\config\systemprofile\.m2\repository\com\github\docker-java\docker-java-transport-httpclient5\3.4.0\docker-java-transport-httpclient5-3.4.0.jar;C:\WINDOWS\system32\config\systemprofile\.m2\repository\com\github\docker-java\docker-java-transport\3.4.0\docker-java-transport-3.4.0.jar;C:\WINDOWS\system32\config\systemprofile\.m2\repository\net\java\dev\jna\jna\5.13.0\jna-5.13.0.jar;C:\WINDOWS\system32\config\systemprofile\.m2\repository\org\brotli\dec\0.1.2\dec-0.1.2.jar;C:\WINDOWS\system32\config\systemprofile\.m2\repository\org\apache\httpcomponents\client5\httpclient5\5.2.1\httpclient5-5.2.1.jar;C:\WINDOWS\system32\config\systemprofile\.m2\repository\org\apache\httpcomponents\core5\httpcore5\5.2\httpcore5-5.2.jar;C:\WINDOWS\system32\config\systemprofile\.m2\repository\org\apache\httpcomponents\core5\httpcore5-h2\5.2\httpcore5-h2-5.2.jar;C:\WINDOWS\system32\config\systemprofile\.m2\repository\com\browserstack\browserstack-java-sdk\1.27.0\browserstack-java-sdk-1.27.0.jar;"/>
    <property name="sun.cpu.endian" value="little"/>
    <property name="user.home" value="C:\WINDOWS\system32\config\systemprofile"/>
    <property name="user.language" value="en"/>
    <property name="ipAddress" value="127.0.0.1"/>
    <property name="java.specification.vendor" value="Oracle Corporation"/>
    <property name="java.version.date" value="2025-07-15"/>
    <property name="java.home" value="C:\Program Files\Java\jdk-24.0.2"/>
    <property name="file.separator" value="\"/>
    <property name="basedir" value="C:\Users\Anishkumar\eclipse-workspaceMobile\appiumDesign"/>
    <property name="java.vm.compressedOopsMode" value="Zero based"/>
    <property name="line.separator" value="&#10;"/>
    <property name="java.vm.specification.vendor" value="Oracle Corporation"/>
    <property name="java.specification.name" value="Java Platform API Specification"/>
    <property name="surefire.real.class.path" value="C:\Windows\Temp\surefire12629238799795467809\surefirebooter-20250924175322564_3.jar"/>
    <property name="user.script" value=""/>
    <property name="sun.management.compiler" value="HotSpot 64-Bit Tiered Compilers"/>
    <property name="java.runtime.version" value="24.0.2+12-54"/>
    <property name="user.name" value="ANISH$"/>
    <property name="stdout.encoding" value="Cp1252"/>
    <property name="path.separator" value=";"/>
    <property name="os.version" value="10.0"/>
    <property name="java.runtime.name" value="Java(TM) SE Runtime Environment"/>
    <property name="file.encoding" value="UTF-8"/>
    <property name="java.vm.name" value="Java HotSpot(TM) 64-Bit Server VM"/>
    <property name="localRepository" value="C:\WINDOWS\system32\config\systemprofile\.m2\repository"/>
    <property name="java.vendor.url.bug" value="https://bugreport.java.com/bugreport/"/>
    <property name="java.io.tmpdir" value="C:\WINDOWS\TEMP\"/>
    <property name="java.version" value="24.0.2"/>
    <property name="user.dir" value="C:\Users\Anishkumar\eclipse-workspaceMobile\appiumDesign"/>
    <property name="os.arch" value="amd64"/>
    <property name="java.vm.specification.name" value="Java Virtual Machine Specification"/>
    <property name="sun.os.patch.level" value=""/>
    <property name="native.encoding" value="Cp1252"/>
    <property name="java.library.path" value="C:\Program Files\Java\jdk-24.0.2\bin;C:\WINDOWS\Sun\Java\bin;C:\WINDOWS\system32;C:\WINDOWS;C:\build tools\apache-maven-3.9.9/bin;C:\Program Files\Java\jdk-24.0.2/bin;C:\Program Files\Java\jdk-24.0.2/bin;C:\Python313\Scripts\;C:\Python313\;C:\Program Files\Common Files\Oracle\Java\javapath;C:\windows\system32;C:\windows;C:\windows\System32\Wbem;C:\windows\System32\WindowsPowerShell\v1.0\;C:\windows\System32\OpenSSH\;C:\Program Files (x86)\NVIDIA Corporation\PhysX\Common;C:\Program Files\NVIDIA Corporation\NVIDIA NvDLISR;C:\ProgramData\chocolatey\bin;C:\Users\Anishkumar\AppData\Local\Android\Sdk\tools\bin;C:\Users\Anishkumar\AppData\Local\Android\Sdk\tools;C:\Users\Anishkumar\AppData\Local\Android\Sdk\platform-tools;C:\Program Files\Java\jdk-24.0.2\bin;C:\Program Files\Git\bin;C:\Program Files\Git\cmd;D:\allure-2.28.0\allure-2.28.0\bin;C:\Users\Anishkumar\Documents\A Jenkin Integration\apache-maven-3.9.9\bin;C:\build tools\apache-maven-3.9.9\bin;C:\Program Files\dotnet\;C:\Program Files\nodejs\;C:\WINDOWS\system32;C:\WINDOWS;C:\WINDOWS\System32\Wbem;C:\WINDOWS\System32\WindowsPowerShell\v1.0\;C:\WINDOWS\System32\OpenSSH\;C:\Users\Anishkumar\AppData\Local\Android\Sdk\tools\bin;C:\Users\Anishkumar\AppData\Local\Android\Sdk\tools;C:\Program Files\nodejs\node_modules\npm\bin;C:\WINDOWS\system32\config\systemprofile\AppData\Local\Microsoft\WindowsApps;."/>
    <property name="java.vm.info" value="mixed mode, sharing"/>
    <property name="stderr.encoding" value="Cp1252"/>
    <property name="java.vendor" value="Oracle Corporation"/>
    <property name="java.vm.version" value="24.0.2+12-54"/>
    <property name="sun.io.unicode.encoding" value="UnicodeLittle"/>
    <property name="java.class.version" value="68.0"/>
  </properties>
  <testcase name="ConfigureAppium" classname="DataProviderFirst.DataProvider2" time="20.548">
    <failure message="[The local appium server has not been started, Reason: Timed out waiting for [http://127.0.0.1:4725/status] to be available after 20001 ms, Consider increasing the server startup timeout value (currently 20000ms), Node.js executable path: C:\Program Files\nodejs\node.exe, Arguments: [C:\Users\Anishkumar\AppData\Roaming\npm\node_modules\appium\build\lib\main.js, --port, 4725, --address, 127.0.0.1], Output: &amp;#27;[38;5;112m[Appium]&amp;#27;[0m Welcome to Appium v2.19.0&#10;&amp;#27;[38;5;112m[Appium]&amp;#27;[0m Non-default server args:&#10;&amp;#27;[38;5;112m[Appium]&amp;#27;[0m { address: &amp;#27;[32m&apos;127.0.0.1&apos;&amp;#27;[39m, port: &amp;#27;[33m4725&amp;#27;[39m }&#10;&amp;#27;[38;5;112m[Appium]&amp;#27;[0m The autodetected Appium home path: C:\Users\Anishkumar&#10;&amp;#27;[38;5;112m[Appium]&amp;#27;[0m Attempting to load driver uiautomator2...&#10;&amp;#27;[38;5;112m[Appium]&amp;#27;[0m Requiring driver at C:\Users\Anishkumar\node_modules\appium-uiautomator2-driver\build\index.js&#10;&amp;#27;[38;5;112m[Appium]&amp;#27;[0m AndroidUiautomator2Driver has been successfully loaded in 1.021s&#10;&amp;#27;[38;5;86m[HTTP]&amp;#27;[0m Could not start REST http interface listener. The requested port may already be in use. Please make sure there is no other instance of this server running already.&#10;&amp;#27;[38;5;112m[Appium]&amp;#27;[0m Could not configure Appium server. It&apos;s possible that a driver or plugin tried to update the server and failed. Original error: listen EADDRINUSE: address already in use 127.0.0.1:4725&#10;&amp;#27;[38;5;112m[Appium]&amp;#27;[0m Error: listen EADDRINUSE: address already in use 127.0.0.1:4725&#10;    at Server.setupListenHandle [as _listen2] (node:net:1937:16)&#10;    at listenInCluster (node:net:1994:12)&#10;    at node:net:2203:7&#10;    at processTicksAndRejections (node:internal/process/task_queues:90:21)&#10;]" type="io.appium.java_client.service.local.AppiumServerHasNotBeenStartedLocallyException"><![CDATA[io.appium.java_client.service.local.AppiumServerHasNotBeenStartedLocallyException: 
[The local appium server has not been started, Reason: Timed out waiting for [http://127.0.0.1:4725/status] to be available after 20001 ms, Consider increasing the server startup timeout value (currently 20000ms), Node.js executable path: C:\Program Files\nodejs\node.exe, Arguments: [C:\Users\Anishkumar\AppData\Roaming\npm\node_modules\appium\build\lib\main.js, --port, 4725, --address, 127.0.0.1], Output: &amp#27;[38;5;112m[Appium]&amp#27;[0m Welcome to Appium v2.19.0
&amp#27;[38;5;112m[Appium]&amp#27;[0m Non-default server args:
&amp#27;[38;5;112m[Appium]&amp#27;[0m { address: &amp#27;[32m'127.0.0.1'&amp#27;[39m, port: &amp#27;[33m4725&amp#27;[39m }
&amp#27;[38;5;112m[Appium]&amp#27;[0m The autodetected Appium home path: C:\Users\Anishkumar
&amp#27;[38;5;112m[Appium]&amp#27;[0m Attempting to load driver uiautomator2...
&amp#27;[38;5;112m[Appium]&amp#27;[0m Requiring driver at C:\Users\Anishkumar\node_modules\appium-uiautomator2-driver\build\index.js
&amp#27;[38;5;112m[Appium]&amp#27;[0m AndroidUiautomator2Driver has been successfully loaded in 1.021s
&amp#27;[38;5;86m[HTTP]&amp#27;[0m Could not start REST http interface listener. The requested port may already be in use. Please make sure there is no other instance of this server running already.
&amp#27;[38;5;112m[Appium]&amp#27;[0m Could not configure Appium server. It's possible that a driver or plugin tried to update the server and failed. Original error: listen EADDRINUSE: address already in use 127.0.0.1:4725
&amp#27;[38;5;112m[Appium]&amp#27;[0m Error: listen EADDRINUSE: address already in use 127.0.0.1:4725
    at Server.setupListenHandle [as _listen2] (node:net:1937:16)
    at listenInCluster (node:net:1994:12)
    at node:net:2203:7
    at processTicksAndRejections (node:internal/process/task_queues:90:21)
]
	at io.appium.java_client.service.local.AppiumDriverLocalService.start(AppiumDriverLocalService.java:203)
	at org.stc.utils.AppiumUtils.startAppiumServer(AppiumUtils.java:50)
	at org.ecommerce.AndroidBaseTest.ConfigureAppium(AndroidBaseTest.java:33)
	at java.base/jdk.internal.reflect.DirectMethodHandleAccessor.invoke(DirectMethodHandleAccessor.java:104)
	at java.base/java.lang.reflect.Method.invoke(Method.java:565)
	at org.testng.internal.invokers.MethodInvocationHelper.invokeMethod(MethodInvocationHelper.java:139)
	at org.testng.internal.invokers.MethodInvocationHelper.invokeMethodConsideringTimeout(MethodInvocationHelper.java:69)
	at org.testng.internal.invokers.ConfigInvoker.invokeConfigurationMethod(ConfigInvoker.java:390)
	at org.testng.internal.invokers.ConfigInvoker.invokeConfigurations(ConfigInvoker.java:325)
	at org.testng.internal.invokers.TestMethodWorker.invokeBeforeClassMethods(TestMethodWorker.java:180)
	at org.testng.internal.invokers.TestMethodWorker.run(TestMethodWorker.java:122)
	at java.base/java.util.ArrayList.forEach(ArrayList.java:1604)
	at org.testng.TestRunner.privateRun(TestRunner.java:848)
	at org.testng.TestRunner.run(TestRunner.java:621)
	at org.testng.SuiteRunner.runTest(SuiteRunner.java:443)
	at org.testng.SuiteRunner.runSequentially(SuiteRunner.java:437)
	at org.testng.SuiteRunner.privateRun(SuiteRunner.java:397)
	at org.testng.SuiteRunner.run(SuiteRunner.java:336)
	at org.testng.SuiteRunnerWorker.runSuite(SuiteRunnerWorker.java:52)
	at org.testng.SuiteRunnerWorker.run(SuiteRunnerWorker.java:95)
	at org.testng.TestNG.runSuitesSequentially(TestNG.java:1280)
	at org.testng.TestNG.runSuitesLocally(TestNG.java:1200)
	at org.testng.TestNG.runSuites(TestNG.java:1114)
	at org.testng.TestNG.run(TestNG.java:1082)
	at org.apache.maven.surefire.testng.TestNGExecutor.run(TestNGExecutor.java:324)
	at org.apache.maven.surefire.testng.TestNGXmlTestSuite.execute(TestNGXmlTestSuite.java:74)
	at org.apache.maven.surefire.testng.TestNGProvider.invoke(TestNGProvider.java:123)
	at org.apache.maven.surefire.booter.ForkedBooter.runSuitesInProcess(ForkedBooter.java:456)
	at org.apache.maven.surefire.booter.ForkedBooter.execute(ForkedBooter.java:169)
	at org.apache.maven.surefire.booter.ForkedBooter.run(ForkedBooter.java:595)
	at org.apache.maven.surefire.booter.ForkedBooter.main(ForkedBooter.java:581)
Caused by: org.openqa.selenium.net.UrlChecker$TimeoutException: Timed out waiting for [http://127.0.0.1:4725/status] to be available after 20001 ms
	at org.openqa.selenium.net.UrlChecker.waitUntilAvailable(UrlChecker.java:94)
	at io.appium.java_client.service.local.AppiumDriverLocalService.ping(AppiumDriverLocalService.java:157)
	at io.appium.java_client.service.local.AppiumDriverLocalService.start(AppiumDriverLocalService.java:182)
	... 30 more
Caused by: java.util.concurrent.TimeoutException
	at java.base/java.util.concurrent.FutureTask.get(FutureTask.java:206)
	at org.openqa.selenium.net.UrlChecker.waitUntilAvailable(UrlChecker.java:91)
	... 32 more
]]></failure>
    <system-out><![CDATA[127.0.0.1
&amp#27;[38;5;112m[Appium]&amp#27;[0m Welcome to Appium v2.19.0
&amp#27;[38;5;112m[Appium]&amp#27;[0m Non-default server args:
&amp#27;[38;5;112m[Appium]&amp#27;[0m { address: &amp#27;[32m'127.0.0.1'&amp#27;[39m, port: &amp#27;[33m4725&amp#27;[39m }
&amp#27;[38;5;112m[Appium]&amp#27;[0m The autodetected Appium home path: C:\Users\Anishkumar
&amp#27;[38;5;112m[Appium]&amp#27;[0m Attempting to load driver uiautomator2...
&amp#27;[38;5;112m[Appium]&amp#27;[0m Requiring driver at C:\Users\Anishkumar\node_modules\appium-uiautomator2-driver\build\index.js
&amp#27;[38;5;112m[Appium]&amp#27;[0m AndroidUiautomator2Driver has been successfully loaded in 1.021s
&amp#27;[38;5;86m[HTTP]&amp#27;[0m Could not start REST http interface listener. The requested port may already be in use. Please make sure there is no other instance of this server running already.
&amp#27;[38;5;112m[Appium]&amp#27;[0m Could not configure Appium server. It's possible that a driver or plugin tried to update the server and failed. Original error: listen EADDRINUSE: address already in use 127.0.0.1:4725
&amp#27;[38;5;112m[Appium]&amp#27;[0m Error: listen EADDRINUSE: address already in use 127.0.0.1:4725
    at Server.setupListenHandle [as _listen2] (node:net:1937:16)
    at listenInCluster (node:net:1994:12)
    at node:net:2203:7
    at processTicksAndRejections (node:internal/process/task_queues:90:21)
]]></system-out>
    <system-err><![CDATA[SLF4J: Failed to load class "org.slf4j.impl.StaticLoggerBinder".
SLF4J: Defaulting to no-operation (NOP) logger implementation
SLF4J: See http://www.slf4j.org/codes.html#StaticLoggerBinder for further details.
]]></system-err>
  </testcase>
  <testcase name="POM_App[Test Message, female, Argentina](1)" classname="DataProviderFirst.DataProvider2" time="0">
    <skipped message="[The local appium server has not been started, Reason: Timed out waiting for [http://127.0.0.1:4725/status] to be available after 20001 ms, Consider increasing the server startup timeout value (currently 20000ms), Node.js executable path: C:\Program Files\nodejs\node.exe, Arguments: [C:\Users\Anishkumar\AppData\Roaming\npm\node_modules\appium\build\lib\main.js, --port, 4725, --address, 127.0.0.1], Output: &amp;#27;[38;5;112m[Appium]&amp;#27;[0m Welcome to Appium v2.19.0&#10;&amp;#27;[38;5;112m[Appium]&amp;#27;[0m Non-default server args:&#10;&amp;#27;[38;5;112m[Appium]&amp;#27;[0m { address: &amp;#27;[32m&apos;127.0.0.1&apos;&amp;#27;[39m, port: &amp;#27;[33m4725&amp;#27;[39m }&#10;&amp;#27;[38;5;112m[Appium]&amp;#27;[0m The autodetected Appium home path: C:\Users\Anishkumar&#10;&amp;#27;[38;5;112m[Appium]&amp;#27;[0m Attempting to load driver uiautomator2...&#10;&amp;#27;[38;5;112m[Appium]&amp;#27;[0m Requiring driver at C:\Users\Anishkumar\node_modules\appium-uiautomator2-driver\build\index.js&#10;&amp;#27;[38;5;112m[Appium]&amp;#27;[0m AndroidUiautomator2Driver has been successfully loaded in 1.021s&#10;&amp;#27;[38;5;86m[HTTP]&amp;#27;[0m Could not start REST http interface listener. The requested port may already be in use. Please make sure there is no other instance of this server running already.&#10;&amp;#27;[38;5;112m[Appium]&amp;#27;[0m Could not configure Appium server. It&apos;s possible that a driver or plugin tried to update the server and failed. Original error: listen EADDRINUSE: address already in use 127.0.0.1:4725&#10;&amp;#27;[38;5;112m[Appium]&amp;#27;[0m Error: listen EADDRINUSE: address already in use 127.0.0.1:4725&#10;    at Server.setupListenHandle [as _listen2] (node:net:1937:16)&#10;    at listenInCluster (node:net:1994:12)&#10;    at node:net:2203:7&#10;    at processTicksAndRejections (node:internal/process/task_queues:90:21)&#10;]"/>
  </testcase>
  <testcase name="tearDown" classname="DataProviderFirst.DataProvider2" time="0.031">
    <failure message="Cannot invoke &quot;io.appium.java_client.android.AndroidDriver.quit()&quot; because &quot;this.driver&quot; is null" type="java.lang.NullPointerException"><![CDATA[java.lang.NullPointerException: Cannot invoke "io.appium.java_client.android.AndroidDriver.quit()" because "this.driver" is null
	at org.ecommerce.AndroidBaseTest.tearDown(AndroidBaseTest.java:55)
	at java.base/jdk.internal.reflect.DirectMethodHandleAccessor.invoke(DirectMethodHandleAccessor.java:104)
	at java.base/java.lang.reflect.Method.invoke(Method.java:565)
	at org.testng.internal.invokers.MethodInvocationHelper.invokeMethod(MethodInvocationHelper.java:139)
	at org.testng.internal.invokers.MethodInvocationHelper.invokeMethodConsideringTimeout(MethodInvocationHelper.java:69)
	at org.testng.internal.invokers.ConfigInvoker.invokeConfigurationMethod(ConfigInvoker.java:390)
	at org.testng.internal.invokers.ConfigInvoker.invokeConfigurations(ConfigInvoker.java:325)
	at org.testng.internal.invokers.TestMethodWorker.invokeAfterClassConfigurations(TestMethodWorker.java:229)
	at org.testng.internal.invokers.TestMethodWorker.invokeAfterClassMethods(TestMethodWorker.java:215)
	at org.testng.internal.invokers.TestMethodWorker.run(TestMethodWorker.java:131)
	at java.base/java.util.ArrayList.forEach(ArrayList.java:1604)
	at org.testng.TestRunner.privateRun(TestRunner.java:848)
	at org.testng.TestRunner.run(TestRunner.java:621)
	at org.testng.SuiteRunner.runTest(SuiteRunner.java:443)
	at org.testng.SuiteRunner.runSequentially(SuiteRunner.java:437)
	at org.testng.SuiteRunner.privateRun(SuiteRunner.java:397)
	at org.testng.SuiteRunner.run(SuiteRunner.java:336)
	at org.testng.SuiteRunnerWorker.runSuite(SuiteRunnerWorker.java:52)
	at org.testng.SuiteRunnerWorker.run(SuiteRunnerWorker.java:95)
	at org.testng.TestNG.runSuitesSequentially(TestNG.java:1280)
	at org.testng.TestNG.runSuitesLocally(TestNG.java:1200)
	at org.testng.TestNG.runSuites(TestNG.java:1114)
	at org.testng.TestNG.run(TestNG.java:1082)
	at org.apache.maven.surefire.testng.TestNGExecutor.run(TestNGExecutor.java:324)
	at org.apache.maven.surefire.testng.TestNGXmlTestSuite.execute(TestNGXmlTestSuite.java:74)
	at org.apache.maven.surefire.testng.TestNGProvider.invoke(TestNGProvider.java:123)
	at org.apache.maven.surefire.booter.ForkedBooter.runSuitesInProcess(ForkedBooter.java:456)
	at org.apache.maven.surefire.booter.ForkedBooter.execute(ForkedBooter.java:169)
	at org.apache.maven.surefire.booter.ForkedBooter.run(ForkedBooter.java:595)
	at org.apache.maven.surefire.booter.ForkedBooter.main(ForkedBooter.java:581)
]]></failure>
  </testcase>
  <testcase name="homePage" classname="DataProviderFirst.DataProvider1" time="13.203">
    <failure message="java.lang.IndexOutOfBoundsException: Index 1 out of bounds for length 1" type="java.lang.RuntimeException"><![CDATA[java.lang.RuntimeException: java.lang.IndexOutOfBoundsException: Index 1 out of bounds for length 1
	at org.testng.internal.invokers.MethodInvocationHelper.invokeMethodNoCheckedException(MethodInvocationHelper.java:57)
	at org.testng.internal.invokers.MethodInvocationHelper.invokeDataProvider(MethodInvocationHelper.java:157)
	at org.testng.internal.Parameters.handleParameters(Parameters.java:803)
	at org.testng.internal.Parameters.handleParameters(Parameters.java:728)
	at org.testng.internal.invokers.ParameterHandler.handleParameters(ParameterHandler.java:72)
	at org.testng.internal.invokers.ParameterHandler.createParameters(ParameterHandler.java:51)
	at org.testng.internal.invokers.TestInvoker$MethodInvocationAgent.invoke(TestInvoker.java:911)
	at org.testng.internal.invokers.TestInvoker.invokeTestMethods(TestInvoker.java:200)
	at org.testng.internal.invokers.TestMethodWorker.invokeTestMethods(TestMethodWorker.java:148)
	at org.testng.internal.invokers.TestMethodWorker.run(TestMethodWorker.java:128)
	at java.base/java.util.ArrayList.forEach(ArrayList.java:1604)
	at org.testng.TestRunner.privateRun(TestRunner.java:848)
	at org.testng.TestRunner.run(TestRunner.java:621)
	at org.testng.SuiteRunner.runTest(SuiteRunner.java:443)
	at org.testng.SuiteRunner.runSequentially(SuiteRunner.java:437)
	at org.testng.SuiteRunner.privateRun(SuiteRunner.java:397)
	at org.testng.SuiteRunner.run(SuiteRunner.java:336)
	at org.testng.SuiteRunnerWorker.runSuite(SuiteRunnerWorker.java:52)
	at org.testng.SuiteRunnerWorker.run(SuiteRunnerWorker.java:95)
	at org.testng.TestNG.runSuitesSequentially(TestNG.java:1280)
	at org.testng.TestNG.runSuitesLocally(TestNG.java:1200)
	at org.testng.TestNG.runSuites(TestNG.java:1114)
	at org.testng.TestNG.run(TestNG.java:1082)
	at org.apache.maven.surefire.testng.TestNGExecutor.run(TestNGExecutor.java:324)
	at org.apache.maven.surefire.testng.TestNGXmlTestSuite.execute(TestNGXmlTestSuite.java:74)
	at org.apache.maven.surefire.testng.TestNGProvider.invoke(TestNGProvider.java:123)
	at org.apache.maven.surefire.booter.ForkedBooter.runSuitesInProcess(ForkedBooter.java:456)
	at org.apache.maven.surefire.booter.ForkedBooter.execute(ForkedBooter.java:169)
	at org.apache.maven.surefire.booter.ForkedBooter.run(ForkedBooter.java:595)
	at org.apache.maven.surefire.booter.ForkedBooter.main(ForkedBooter.java:581)
Caused by: java.lang.IndexOutOfBoundsException: Index 1 out of bounds for length 1
	at java.base/jdk.internal.util.Preconditions.outOfBounds(Preconditions.java:100)
	at java.base/jdk.internal.util.Preconditions.outOfBoundsCheckIndex(Preconditions.java:106)
	at java.base/jdk.internal.util.Preconditions.checkIndex(Preconditions.java:302)
	at java.base/java.util.Objects.checkIndex(Objects.java:365)
	at java.base/java.util.ArrayList.get(ArrayList.java:428)
	at DataProviderFirst.DataProvider1.getData(DataProvider1.java:65)
	at java.base/jdk.internal.reflect.DirectMethodHandleAccessor.invoke(DirectMethodHandleAccessor.java:104)
	at java.base/java.lang.reflect.Method.invoke(Method.java:565)
	at org.testng.internal.invokers.MethodInvocationHelper.invokeMethod(MethodInvocationHelper.java:139)
	at org.testng.internal.invokers.MethodInvocationHelper.invokeMethod(MethodInvocationHelper.java:84)
	at org.testng.internal.invokers.MethodInvocationHelper.invokeMethodNoCheckedException(MethodInvocationHelper.java:53)
	... 29 more
]]></failure>
    <system-out><![CDATA[127.0.0.1
&amp#27;[38;5;112m[Appium]&amp#27;[0m Welcome to Appium v2.19.0
&amp#27;[38;5;112m[Appium]&amp#27;[0m Non-default server args:
&amp#27;[38;5;112m[Appium]&amp#27;[0m { address: &amp#27;[32m'127.0.0.1'&amp#27;[39m, port: &amp#27;[33m4725&amp#27;[39m }
&amp#27;[38;5;112m[Appium]&amp#27;[0m The autodetected Appium home path: C:\Users\Anishkumar
&amp#27;[38;5;112m[Appium]&amp#27;[0m Attempting to load driver uiautomator2...
&amp#27;[38;5;112m[Appium]&amp#27;[0m Requiring driver at C:\Users\Anishkumar\node_modules\appium-uiautomator2-driver\build\index.js
&amp#27;[38;5;112m[Appium]&amp#27;[0m AndroidUiautomator2Driver has been successfully loaded in 0.802s
&amp#27;[38;5;112m[Appium]&amp#27;[0m Appium REST http interface listener started on http://127.0.0.1:4725
&amp#27;[38;5;112m[Appium]&amp#27;[0m Available drivers:
&amp#27;[38;5;112m[Appium]&amp#27;[0m   - uiautomator2@3.10.0 (automationName 'UiAutomator2')
&amp#27;[38;5;112m[Appium]&amp#27;[0m No plugins have been installed. Use the "appium plugin" command to install the one(s) you want to use.
&amp#27;[38;5;86m[HTTP]&amp#27;[0m &amp#27;[37m-->&amp#27;[39m &amp#27;[37mGET&amp#27;[39m &amp#27;[37m/status&amp#27;[39m &amp#27;[90m{}&amp#27;[39m
&amp#27;[38;5;146m[AppiumDriver@a0dc]&amp#27;[0m Calling AppiumDriver.getStatus() with args: []
&amp#27;[38;5;146m[AppiumDriver@a0dc]&amp#27;[0m Responding to client with driver.getStatus() result: {"ready":true,"message":"The server is ready to accept new connections","build":{"version":"2.19.0"}}
&amp#27;[38;5;86m[HTTP]&amp#27;[0m &amp#27;[37m<-- GET /status &amp#27;[39m&amp#27;[32m200&amp#27;[39m &amp#27;[90m4 ms - 111&amp#27;[39m &amp#27;[90m&amp#27;[39m
&amp#27;[38;5;86m[HTTP]&amp#27;[0m &amp#27;[37m-->&amp#27;[39m &amp#27;[37mGET&amp#27;[39m &amp#27;[37m/status&amp#27;[39m &amp#27;[90m{}&amp#27;[39m
&amp#27;[38;5;146m[AppiumDriver@a0dc]&amp#27;[0m Calling AppiumDriver.getStatus() with args: []
&amp#27;[38;5;146m[AppiumDriver@a0dc]&amp#27;[0m Responding to client with driver.getStatus() result: {"ready":true,"message":"The server is ready to accept new connections","build":{"version":"2.19.0"}}
&amp#27;[38;5;86m[HTTP]&amp#27;[0m &amp#27;[37m<-- GET /status &amp#27;[39m&amp#27;[32m200&amp#27;[39m &amp#27;[90m1 ms - 111&amp#27;[39m &amp#27;[90m&amp#27;[39m
&amp#27;[38;5;86m[HTTP]&amp#27;[0m Request idempotency key: e8983c11-ac87-46d4-937f-e9866da91145
&amp#27;[38;5;86m[HTTP]&amp#27;[0m &amp#27;[37m-->&amp#27;[39m &amp#27;[37mPOST&amp#27;[39m &amp#27;[37m/session&amp#27;[39m &amp#27;[90m{"capabilities":{"firstMatch":[{}],"alwaysMatch":{"appium:app":"C:\\Users\\Anishkumar\\eclipse-workspaceMobile\\appiumDesign//src//test//java//org//rsa//resources//General-Store.apk","appium:automationName":"UIAutomator2","appium:deviceName":"AnishEmulator","platformName":"ANDROID"}}}&amp#27;[39m
&amp#27;[38;5;146m[AppiumDriver@a0dc]&amp#27;[0m Calling AppiumDriver.createSession() with args: [null,null,{"firstMatch":[{}],"alwaysMatch":{"appium:app":"C:\\Users\\Anishkumar\\eclipse-workspaceMobile\\appiumDesign//src//test//java//org//rsa//resources//General-Store.apk","appium:automationName":"UIAutomator2","appium:deviceName":"AnishEmulator","platformName":"ANDROID"}}]
&amp#27;[38;5;146m[AppiumDriver@a0dc]&amp#27;[0m Event 'newSessionRequested' logged at 1758716631118 (17:53:51 GMT+0530 (India Standard Time))
&amp#27;[38;5;112m[Appium]&amp#27;[0m Attempting to find matching driver for automationName 'UIAutomator2' and platformName 'ANDROID'
&amp#27;[38;5;112m[Appium]&amp#27;[0m The 'uiautomator2' driver was installed and matched caps.
&amp#27;[38;5;112m[Appium]&amp#27;[0m Will require it at C:\Users\Anishkumar\node_modules\appium-uiautomator2-driver
&amp#27;[38;5;112m[Appium]&amp#27;[0m Requiring driver at C:\Users\Anishkumar\node_modules\appium-uiautomator2-driver\build\index.js
&amp#27;[38;5;146m[AppiumDriver@a0dc]&amp#27;[0m Appium v2.19.0 creating new AndroidUiautomator2Driver (v3.10.0) session
&amp#27;[38;5;146m[AppiumDriver@a0dc]&amp#27;[0m Checking BaseDriver versions for Appium and AndroidUiautomator2Driver
&amp#27;[38;5;146m[AppiumDriver@a0dc]&amp#27;[0m Appium's BaseDriver version is 9.18.0
&amp#27;[38;5;146m[AppiumDriver@a0dc]&amp#27;[0m AndroidUiautomator2Driver's BaseDriver version is 9.15.0
&amp#27;[38;5;-54m[AndroidUiautomator2Driver@38c1]&amp#27;[0m 
&amp#27;[38;5;-54m[AndroidUiautomator2Driver@38c1]&amp#27;[0m Creating session with W3C capabilities: {
  "alwaysMatch": {
    "platformName": "ANDROID",
    "appium:app": "C:\\Users\\Anishkumar\\eclipse-workspaceMobile\\appiumDesign//src//test//java//org//rsa//resources//General-Store.apk",
    "appium:automationName": "UIAutomator2",
    "appium:deviceName": "AnishEmulator"
  },
  "firstMatch": [
    {}
  ]
}
&amp#27;[38;5;214m[54cb3698]&amp#27;[0m&amp#27;[38;5;-54m[AndroidUiautomator2Driver@38c1]&amp#27;[0m Session created with session id: 54cb3698-e03f-4cbd-b4e9-fe0dcbe108de
&amp#27;[38;5;214m[54cb3698]&amp#27;[0m&amp#27;[38;5;229m[ADB]&amp#27;[0m Found 2 'build-tools' folders under 'C:\Users\Anishkumar\AppData\Local\Android\Sdk' (newest first):
&amp#27;[38;5;214m[54cb3698]&amp#27;[0m&amp#27;[38;5;229m[ADB]&amp#27;[0m     C:\Users\Anishkumar\AppData\Local\Android\Sdk\build-tools\34.0.0
&amp#27;[38;5;214m[54cb3698]&amp#27;[0m&amp#27;[38;5;229m[ADB]&amp#27;[0m     C:\Users\Anishkumar\AppData\Local\Android\Sdk\build-tools\33.0.1
&amp#27;[38;5;214m[54cb3698]&amp#27;[0m&amp#27;[38;5;229m[ADB]&amp#27;[0m Using 'adb.exe' from 'C:\Users\Anishkumar\AppData\Local\Android\Sdk\platform-tools\adb.exe'
&amp#27;[38;5;214m[54cb3698]&amp#27;[0m&amp#27;[38;5;229m[ADB]&amp#27;[0m Running 'C:\Users\Anishkumar\AppData\Local\Android\Sdk\platform-tools\adb.exe -P 5037 start-server'
&amp#27;[38;5;214m[54cb3698]&amp#27;[0m&amp#27;[38;5;-54m[AndroidUiautomator2Driver@38c1]&amp#27;[0m Retrieving device list
&amp#27;[38;5;214m[54cb3698]&amp#27;[0m&amp#27;[38;5;229m[ADB]&amp#27;[0m Trying to find connected Android devices
&amp#27;[38;5;214m[54cb3698]&amp#27;[0m&amp#27;[38;5;229m[ADB]&amp#27;[0m Getting connected devices
&amp#27;[38;5;214m[54cb3698]&amp#27;[0m&amp#27;[38;5;229m[ADB]&amp#27;[0m Connected devices: [{"udid":"RZCW30P5DQB","state":"device"}]
&amp#27;[38;5;214m[54cb3698]&amp#27;[0m&amp#27;[38;5;-54m[AndroidUiautomator2Driver@38c1]&amp#27;[0m Using device: RZCW30P5DQB
&amp#27;[38;5;214m[54cb3698]&amp#27;[0m&amp#27;[38;5;229m[ADB]&amp#27;[0m Using 'adb.exe' from 'C:\Users\Anishkumar\AppData\Local\Android\Sdk\platform-tools\adb.exe'
&amp#27;[38;5;214m[54cb3698]&amp#27;[0m&amp#27;[38;5;229m[ADB]&amp#27;[0m Running 'C:\Users\Anishkumar\AppData\Local\Android\Sdk\platform-tools\adb.exe -P 5037 start-server'
&amp#27;[38;5;214m[54cb3698]&amp#27;[0m&amp#27;[38;5;229m[ADB]&amp#27;[0m Setting device id to RZCW30P5DQB
&amp#27;[38;5;214m[54cb3698]&amp#27;[0m&amp#27;[38;5;123m[BaseDriver]&amp#27;[0m Using local app 'C:\Users\Anishkumar\eclipse-workspaceMobile\appiumDesign//src//test//java//org//rsa//resources//General-Store.apk'
&amp#27;[38;5;214m[54cb3698]&amp#27;[0m&amp#27;[38;5;-54m[AndroidUiautomator2Driver@38c1]&amp#27;[0m Checking whether app is actually present
&amp#27;[38;5;214m[54cb3698]&amp#27;[0m&amp#27;[38;5;229m[ADB]&amp#27;[0m Running 'C:\Users\Anishkumar\AppData\Local\Android\Sdk\platform-tools\adb.exe -P 5037 -s RZCW30P5DQB shell getprop ro.build.version.sdk'
&amp#27;[38;5;214m[54cb3698]&amp#27;[0m&amp#27;[38;5;229m[ADB]&amp#27;[0m Current device property 'ro.build.version.sdk': 35
&amp#27;[38;5;214m[54cb3698]&amp#27;[0m&amp#27;[38;5;229m[ADB]&amp#27;[0m Getting device platform version
&amp#27;[38;5;214m[54cb3698]&amp#27;[0m&amp#27;[38;5;229m[ADB]&amp#27;[0m Running 'C:\Users\Anishkumar\AppData\Local\Android\Sdk\platform-tools\adb.exe -P 5037 -s RZCW30P5DQB shell getprop ro.build.version.release'
&amp#27;[38;5;214m[54cb3698]&amp#27;[0m&amp#27;[38;5;229m[ADB]&amp#27;[0m Current device property 'ro.build.version.release': 15
&amp#27;[38;5;214m[54cb3698]&amp#27;[0m&amp#27;[38;5;229m[ADB]&amp#27;[0m Device API level: 35
&amp#27;[38;5;214m[54cb3698]&amp#27;[0m&amp#27;[38;5;-54m[AndroidUiautomator2Driver@38c1]&amp#27;[0m Relaxing hidden api policy
&amp#27;[38;5;214m[54cb3698]&amp#27;[0m&amp#27;[38;5;229m[ADB]&amp#27;[0m Running 'C:\Users\Anishkumar\AppData\Local\Android\Sdk\platform-tools\adb.exe -P 5037 -s RZCW30P5DQB shell 'settings put global hidden_api_policy_pre_p_apps 1;settings put global hidden_api_policy_p_apps 1;settings put global hidden_api_policy 1''
&amp#27;[38;5;214m[54cb3698]&amp#27;[0m&amp#27;[38;5;-54m[AndroidUiautomator2Driver@38c1]&amp#27;[0m Parsing package and activity from the 'General-Store.apk' file manifest
&amp#27;[38;5;214m[54cb3698]&amp#27;[0m&amp#27;[38;5;-54m[AndroidUiautomator2Driver@38c1]&amp#27;[0m Pushing settings apk to the device...
&amp#27;[38;5;214m[54cb3698]&amp#27;[0m&amp#27;[38;5;229m[ADB]&amp#27;[0m Getting package info for 'io.appium.settings'
&amp#27;[38;5;214m[54cb3698]&amp#27;[0m&amp#27;[38;5;229m[ADB]&amp#27;[0m Running 'C:\Users\Anishkumar\AppData\Local\Android\Sdk\platform-tools\adb.exe -P 5037 -s RZCW30P5DQB shell dumpsys package io.appium.settings'
&amp#27;[38;5;214m[54cb3698]&amp#27;[0m&amp#27;[38;5;229m[ADB]&amp#27;[0m Using 'aapt2.exe' from 'C:\Users\Anishkumar\AppData\Local\Android\Sdk\build-tools\34.0.0\aapt2.exe'
&amp#27;[38;5;214m[54cb3698]&amp#27;[0m&amp#27;[38;5;229m[ADB]&amp#27;[0m Reading package manifest: 'C:\\Users\\Anishkumar\\AppData\\Local\\Android\\Sdk\\build-tools\\34.0.0\\aapt2.exe dump badging C:\\Users\\Anishkumar\\eclipse-workspaceMobile\\appiumDesign//src//test//java//org//rsa//resources//General-Store.apk'
&amp#27;[38;5;214m[54cb3698]&amp#27;[0m&amp#27;[38;5;229m[ADB]&amp#27;[0m Package name: 'com.androidsample.generalstore'
&amp#27;[38;5;214m[54cb3698]&amp#27;[0m&amp#27;[38;5;229m[ADB]&amp#27;[0m Main activity name: 'com.androidsample.generalstore.SplashActivity'
&amp#27;[38;5;214m[54cb3698]&amp#27;[0m&amp#27;[38;5;-54m[AndroidUiautomator2Driver@38c1]&amp#27;[0m Resolved launch package -> activity: com.androidsample.generalstore -> com.androidsample.generalstore.SplashActivity
&amp#27;[38;5;214m[54cb3698]&amp#27;[0m&amp#27;[38;5;-54m[AndroidUiautomator2Driver@38c1]&amp#27;[0m Resolved wait package -> activity: com.androidsample.generalstore -> com.androidsample.generalstore.SplashActivity
&amp#27;[38;5;214m[54cb3698]&amp#27;[0m&amp#27;[38;5;229m[ADB]&amp#27;[0m Reading package manifest: 'C:\\Users\\Anishkumar\\AppData\\Local\\Android\\Sdk\\build-tools\\34.0.0\\aapt2.exe dump badging C:\\Users\\Anishkumar\\node_modules\\appium-uiautomator2-driver\\node_modules\\io.appium.settings\\apks\\settings_apk-debug.apk'
&amp#27;[38;5;214m[54cb3698]&amp#27;[0m&amp#27;[38;5;229m[ADB]&amp#27;[0m The version code of the installed 'io.appium.settings' is greater than the application version code (128 > 112)
&amp#27;[38;5;214m[54cb3698]&amp#27;[0m&amp#27;[38;5;229m[ADB]&amp#27;[0m There is no need to downgrade 'io.appium.settings'
&amp#27;[38;5;214m[54cb3698]&amp#27;[0m&amp#27;[38;5;229m[ADB]&amp#27;[0m Running 'C:\Users\Anishkumar\AppData\Local\Android\Sdk\platform-tools\adb.exe -P 5037 -s RZCW30P5DQB shell dumpsys activity services io.appium.settings'
&amp#27;[38;5;214m[54cb3698]&amp#27;[0m&amp#27;[38;5;-54m[AndroidUiautomator2Driver@38c1]&amp#27;[0m io.appium.settings is already running. There is no need to reset its permissions.
&amp#27;[38;5;214m[54cb3698]&amp#27;[0m&amp#27;[38;5;160m[Logcat]&amp#27;[0m Starting logs capture with command: C:\\Users\\Anishkumar\\AppData\\Local\\Android\\Sdk\\platform-tools\\adb.exe -P 5037 -s RZCW30P5DQB logcat -v threadtime
&amp#27;[38;5;214m[54cb3698]&amp#27;[0m&amp#27;[38;5;229m[ADB]&amp#27;[0m Running 'C:\Users\Anishkumar\AppData\Local\Android\Sdk\platform-tools\adb.exe -P 5037 -s RZCW30P5DQB shell appops set io.appium.settings android:mock_location allow'
&amp#27;[38;5;214m[54cb3698]&amp#27;[0m&amp#27;[38;5;229m[ADB]&amp#27;[0m Running 'C:\Users\Anishkumar\AppData\Local\Android\Sdk\platform-tools\adb.exe -P 5037 -s RZCW30P5DQB shell "[ -e '/data/local/tmp/mock_apps.json' ] && echo __PASS__"'
&amp#27;[38;5;214m[54cb3698]&amp#27;[0m&amp#27;[38;5;229m[ADB]&amp#27;[0m Running 'C:\Users\Anishkumar\AppData\Local\Android\Sdk\platform-tools\adb.exe -P 5037 -s RZCW30P5DQB shell cat /data/local/tmp/mock_apps.json'
&amp#27;[38;5;214m[54cb3698]&amp#27;[0m&amp#27;[38;5;-54m[AndroidUiautomator2Driver@38c1]&amp#27;[0m Forwarding UiAutomator2 Server port 6790 to local port 8200
&amp#27;[38;5;214m[54cb3698]&amp#27;[0m&amp#27;[38;5;229m[ADB]&amp#27;[0m Forwarding system: 8200 to device: 6790
&amp#27;[38;5;214m[54cb3698]&amp#27;[0m&amp#27;[38;5;229m[ADB]&amp#27;[0m Running 'C:\Users\Anishkumar\AppData\Local\Android\Sdk\platform-tools\adb.exe -P 5037 -s RZCW30P5DQB forward tcp:8200 tcp:6790'
&amp#27;[38;5;214m[54cb3698]&amp#27;[0m&amp#27;[38;5;229m[ADB]&amp#27;[0m Getting package info for 'io.appium.uiautomator2.server'
&amp#27;[38;5;214m[54cb3698]&amp#27;[0m&amp#27;[38;5;229m[ADB]&amp#27;[0m Running 'C:\Users\Anishkumar\AppData\Local\Android\Sdk\platform-tools\adb.exe -P 5037 -s RZCW30P5DQB shell dumpsys package io.appium.uiautomator2.server'
&amp#27;[38;5;214m[54cb3698]&amp#27;[0m&amp#27;[38;5;229m[ADB]&amp#27;[0m Getting install status for io.appium.uiautomator2.server.test
&amp#27;[38;5;214m[54cb3698]&amp#27;[0m&amp#27;[38;5;229m[ADB]&amp#27;[0m Checking app cert for C:\Users\Anishkumar\eclipse-workspaceMobile\appiumDesign//src//test//java//org//rsa//resources//General-Store.apk
&amp#27;[38;5;214m[54cb3698]&amp#27;[0m&amp#27;[38;5;229m[ADB]&amp#27;[0m Running 'C:\Users\Anishkumar\AppData\Local\Android\Sdk\platform-tools\adb.exe -P 5037 -s RZCW30P5DQB shell cmd package list packages'
&amp#27;[38;5;214m[54cb3698]&amp#27;[0m&amp#27;[38;5;229m[ADB]&amp#27;[0m Using 'apksigner.jar' from 'C:\Users\Anishkumar\AppData\Local\Android\Sdk\build-tools\34.0.0\lib\apksigner.jar'
&amp#27;[38;5;214m[54cb3698]&amp#27;[0m&amp#27;[38;5;229m[ADB]&amp#27;[0m Starting apksigner: 'C:\\Program Files\\Java\\jdk-24.0.2\\bin\\java.exe' -Xmx1024M -Xss1m -jar C:\\Users\\Anishkumar\\AppData\\Local\\Android\\Sdk\\build-tools\\34.0.0\\lib\\apksigner.jar verify --print-certs C:\\Users\\Anishkumar\\eclipse-workspaceMobile\\appiumDesign//src//test//java//org//rsa//resources//General-Store.apk
&amp#27;[38;5;214m[54cb3698]&amp#27;[0m&amp#27;[38;5;229m[ADB]&amp#27;[0m 'io.appium.uiautomator2.server.test' is installed
&amp#27;[38;5;214m[54cb3698]&amp#27;[0m&amp#27;[38;5;229m[ADB]&amp#27;[0m Reading package manifest: 'C:\\Users\\Anishkumar\\AppData\\Local\\Android\\Sdk\\build-tools\\34.0.0\\aapt2.exe dump badging C:\\Users\\Anishkumar\\node_modules\\appium-uiautomator2-driver\\node_modules\\appium-uiautomator2-server\\apks\\appium-uiautomator2-server-v7.1.11.apk'
&amp#27;[38;5;214m[54cb3698]&amp#27;[0m&amp#27;[38;5;229m[ADB]&amp#27;[0m The version name of the installed 'io.appium.uiautomator2.server' is greater or equal to the application version name ('7.1.11' >= '7.1.11')
&amp#27;[38;5;214m[54cb3698]&amp#27;[0m&amp#27;[38;5;-54m[AndroidUiautomator2Driver@38c1]&amp#27;[0m Server packages status: [{"installState":"sameVersionInstalled","appPath":"C:\\Users\\Anishkumar\\node_modules\\appium-uiautomator2-driver\\node_modules\\appium-uiautomator2-server\\apks\\appium-uiautomator2-server-v7.1.11.apk","appId":"io.appium.uiautomator2.server"},{"installState":"sameVersionInstalled","appPath":"C:\\Users\\Anishkumar\\node_modules\\appium-uiautomator2-driver\\node_modules\\appium-uiautomator2-server\\apks\\appium-uiautomator2-server-debug-androidTest.apk","appId":"io.appium.uiautomator2.server.test"}]
&amp#27;[38;5;214m[54cb3698]&amp#27;[0m&amp#27;[38;5;-54m[AndroidUiautomator2Driver@38c1]&amp#27;[0m Server packages are not going to be (re)installed
&amp#27;[38;5;214m[54cb3698]&amp#27;[0m&amp#27;[38;5;-54m[AndroidUiautomator2Driver@38c1]&amp#27;[0m Waiting up to 30000ms for services to be available
&amp#27;[38;5;214m[54cb3698]&amp#27;[0m&amp#27;[38;5;229m[ADB]&amp#27;[0m Running 'C:\Users\Anishkumar\AppData\Local\Android\Sdk\platform-tools\adb.exe -P 5037 -s RZCW30P5DQB shell pm list instrumentation'
&amp#27;[38;5;214m[54cb3698]&amp#27;[0m&amp#27;[38;5;-54m[AndroidUiautomator2Driver@38c1]&amp#27;[0m Instrumentation target 'io.appium.uiautomator2.server.test/androidx.test.runner.AndroidJUnitRunner' is available
&amp#27;[38;5;214m[54cb3698]&amp#27;[0m&amp#27;[38;5;229m[ADB]&amp#27;[0m Adding packages ["io.appium.settings","io.appium.uiautomator2.server","io.appium.uiautomator2.server.test"] to Doze whitelist
&amp#27;[38;5;214m[54cb3698]&amp#27;[0m&amp#27;[38;5;229m[ADB]&amp#27;[0m Got the following command chunks to execute: [["dumpsys","deviceidle","whitelist","+io.appium.settings",";","dumpsys","deviceidle","whitelist","+io.appium.uiautomator2.server",";","dumpsys","deviceidle","whitelist","+io.appium.uiautomator2.server.test",";"]]
&amp#27;[38;5;214m[54cb3698]&amp#27;[0m&amp#27;[38;5;229m[ADB]&amp#27;[0m Running 'C:\Users\Anishkumar\AppData\Local\Android\Sdk\platform-tools\adb.exe -P 5037 -s RZCW30P5DQB shell dumpsys deviceidle whitelist +io.appium.settings ; dumpsys deviceidle whitelist +io.appium.uiautomator2.server ; dumpsys deviceidle whitelist +io.appium.uiautomator2.server.test ;'
&amp#27;[38;5;214m[54cb3698]&amp#27;[0m&amp#27;[38;5;229m[ADB]&amp#27;[0m apksigner stdout: Signer #1 certificate DN: C=US, O=Android, CN=Android Debug
Signer #1 certificate SHA-256 digest: f5f5931c019be6bff8a26255f76ae9ef8a8e631d2a702ec10e91110231549eef
Signer #1 certificate SHA-1 digest: b250161db8b5d0a1bd39154c9fd749bdad79c1a3
Signer #1 certificate MD5 digest: 7a5550323d84472ca25a0861c63e0a6c

&amp#27;[38;5;214m[54cb3698]&amp#27;[0m&amp#27;[38;5;229m[ADB]&amp#27;[0m apksigner stderr: WARNING: A restricted method in java.lang.System has been called
WARNING: java.lang.System::loadLibrary has been called by org.conscrypt.NativeLibraryUtil in an unnamed module (file:/C:/Users/Anishkumar/AppData/Local/Android/Sdk/build-tools/34.0.0/lib/apksigner.jar)
WARNING: Use --enable-native-access=ALL-UNNAMED to avoid a warning for callers in this module
WARNING: Restricted methods will be blocked in a future release unless native access is enabled


&amp#27;[38;5;214m[54cb3698]&amp#27;[0m&amp#27;[38;5;229m[ADB]&amp#27;[0m 'C:\Users\Anishkumar\eclipse-workspaceMobile\appiumDesign//src//test//java//org//rsa//resources//General-Store.apk' is signed with a non-default certificate
&amp#27;[38;5;214m[54cb3698]&amp#27;[0m&amp#27;[38;5;229m[ADB]&amp#27;[0m Getting package info for 'com.androidsample.generalstore'
&amp#27;[38;5;214m[54cb3698]&amp#27;[0m&amp#27;[38;5;229m[ADB]&amp#27;[0m Running 'C:\Users\Anishkumar\AppData\Local\Android\Sdk\platform-tools\adb.exe -P 5037 -s RZCW30P5DQB shell dumpsys package com.androidsample.generalstore'
&amp#27;[38;5;214m[54cb3698]&amp#27;[0m&amp#27;[38;5;229m[ADB]&amp#27;[0m Reading package manifest: 'C:\\Users\\Anishkumar\\AppData\\Local\\Android\\Sdk\\build-tools\\34.0.0\\aapt2.exe dump badging C:\\Users\\Anishkumar\\eclipse-workspaceMobile\\appiumDesign//src//test//java//org//rsa//resources//General-Store.apk'
&amp#27;[38;5;214m[54cb3698]&amp#27;[0m&amp#27;[38;5;229m[ADB]&amp#27;[0m The version name of the installed 'com.androidsample.generalstore' is greater or equal to the application version name ('1.0.0' >= '1.0.0')
&amp#27;[38;5;214m[54cb3698]&amp#27;[0m&amp#27;[38;5;229m[ADB]&amp#27;[0m There is no need to install/upgrade 'C:\Users\Anishkumar\eclipse-workspaceMobile\appiumDesign//src//test//java//org//rsa//resources//General-Store.apk'
&amp#27;[38;5;214m[54cb3698]&amp#27;[0m&amp#27;[38;5;-54m[AndroidUiautomator2Driver@38c1]&amp#27;[0m Performing fast reset on 'com.androidsample.generalstore'
&amp#27;[38;5;214m[54cb3698]&amp#27;[0m&amp#27;[38;5;229m[ADB]&amp#27;[0m Getting install status for com.androidsample.generalstore
&amp#27;[38;5;214m[54cb3698]&amp#27;[0m&amp#27;[38;5;229m[ADB]&amp#27;[0m Running 'C:\Users\Anishkumar\AppData\Local\Android\Sdk\platform-tools\adb.exe -P 5037 -s RZCW30P5DQB shell cmd package list packages'
&amp#27;[38;5;214m[54cb3698]&amp#27;[0m&amp#27;[38;5;229m[ADB]&amp#27;[0m 'com.androidsample.generalstore' is installed
&amp#27;[38;5;214m[54cb3698]&amp#27;[0m&amp#27;[38;5;229m[ADB]&amp#27;[0m Running 'C:\Users\Anishkumar\AppData\Local\Android\Sdk\platform-tools\adb.exe -P 5037 -s RZCW30P5DQB shell am force-stop com.androidsample.generalstore'
&amp#27;[38;5;214m[54cb3698]&amp#27;[0m&amp#27;[38;5;229m[ADB]&amp#27;[0m Running 'C:\Users\Anishkumar\AppData\Local\Android\Sdk\platform-tools\adb.exe -P 5037 -s RZCW30P5DQB shell pm clear com.androidsample.generalstore'
&amp#27;[38;5;214m[54cb3698]&amp#27;[0m&amp#27;[38;5;-54m[AndroidUiautomator2Driver@38c1]&amp#27;[0m Performed fast reset on the installed 'com.androidsample.generalstore' application (stop and clear)
&amp#27;[38;5;214m[54cb3698]&amp#27;[0m&amp#27;[38;5;-54m[AndroidUiautomator2Driver@38c1]&amp#27;[0m Performing shallow cleanup of automation leftovers
&amp#27;[38;5;214m[54cb3698]&amp#27;[0m&amp#27;[38;5;-54m[AndroidUiautomator2Driver@38c1]&amp#27;[0m No obsolete sessions have been detected (socket hang up)
&amp#27;[38;5;214m[54cb3698]&amp#27;[0m&amp#27;[38;5;229m[ADB]&amp#27;[0m Running 'C:\Users\Anishkumar\AppData\Local\Android\Sdk\platform-tools\adb.exe -P 5037 -s RZCW30P5DQB shell am force-stop io.appium.uiautomator2.server'
&amp#27;[38;5;214m[54cb3698]&amp#27;[0m&amp#27;[38;5;229m[ADB]&amp#27;[0m Running 'C:\Users\Anishkumar\AppData\Local\Android\Sdk\platform-tools\adb.exe -P 5037 -s RZCW30P5DQB shell am force-stop io.appium.uiautomator2.server.test'
&amp#27;[38;5;214m[54cb3698]&amp#27;[0m&amp#27;[38;5;-54m[AndroidUiautomator2Driver@38c1]&amp#27;[0m Starting UIAutomator2 server 7.1.11
&amp#27;[38;5;214m[54cb3698]&amp#27;[0m&amp#27;[38;5;-54m[AndroidUiautomator2Driver@38c1]&amp#27;[0m Using UIAutomator2 server from 'C:\Users\Anishkumar\node_modules\appium-uiautomator2-driver\node_modules\appium-uiautomator2-server\apks\appium-uiautomator2-server-v7.1.11.apk' and test from 'C:\Users\Anishkumar\node_modules\appium-uiautomator2-driver\node_modules\appium-uiautomator2-server\apks\appium-uiautomator2-server-debug-androidTest.apk'
&amp#27;[38;5;214m[54cb3698]&amp#27;[0m&amp#27;[38;5;-54m[AndroidUiautomator2Driver@38c1]&amp#27;[0m Waiting up to 30000ms for UiAutomator2 to be online...
&amp#27;[38;5;214m[54cb3698]&amp#27;[0m&amp#27;[38;5;229m[ADB]&amp#27;[0m Creating ADB subprocess with args: ["-P","5037","-s","RZCW30P5DQB","shell","am","instrument","-w","-e","disableAnalytics","true","io.appium.uiautomator2.server.test/androidx.test.runner.AndroidJUnitRunner"]
&amp#27;[38;5;214m[54cb3698]&amp#27;[0m&amp#27;[38;5;-54m[AndroidUiautomator2Driver@38c1]&amp#27;[0m Matched '/status' to command name 'getStatus'
&amp#27;[38;5;214m[54cb3698]&amp#27;[0m&amp#27;[38;5;-54m[AndroidUiautomator2Driver@38c1]&amp#27;[0m Proxying [GET /status] to [GET http://127.0.0.1:8200/status] with no body
&amp#27;[38;5;214m[54cb3698]&amp#27;[0m&amp#27;[38;5;-54m[AndroidUiautomator2Driver@38c1]&amp#27;[0m socket hang up
&amp#27;[38;5;214m[54cb3698]&amp#27;[0m&amp#27;[38;5;-54m[AndroidUiautomator2Driver@38c1]&amp#27;[0m Matched '/status' to command name 'getStatus'
&amp#27;[38;5;214m[54cb3698]&amp#27;[0m&amp#27;[38;5;-54m[AndroidUiautomator2Driver@38c1]&amp#27;[0m Proxying [GET /status] to [GET http://127.0.0.1:8200/status] with no body
&amp#27;[38;5;214m[54cb3698]&amp#27;[0m&amp#27;[38;5;-54m[AndroidUiautomator2Driver@38c1]&amp#27;[0m socket hang up
&amp#27;[38;5;214m[54cb3698]&amp#27;[0m&amp#27;[38;5;-54m[AndroidUiautomator2Driver@38c1]&amp#27;[0m [Instrumentation] 
&amp#27;[38;5;214m[54cb3698]&amp#27;[0m&amp#27;[38;5;-54m[AndroidUiautomator2Driver@38c1]&amp#27;[0m Matched '/status' to command name 'getStatus'
&amp#27;[38;5;214m[54cb3698]&amp#27;[0m&amp#27;[38;5;-54m[AndroidUiautomator2Driver@38c1]&amp#27;[0m Proxying [GET /status] to [GET http://127.0.0.1:8200/status] with no body
&amp#27;[38;5;214m[54cb3698]&amp#27;[0m&amp#27;[38;5;-54m[AndroidUiautomator2Driver@38c1]&amp#27;[0m socket hang up
&amp#27;[38;5;214m[54cb3698]&amp#27;[0m&amp#27;[38;5;-54m[AndroidUiautomator2Driver@38c1]&amp#27;[0m Matched '/status' to command name 'getStatus'
&amp#27;[38;5;214m[54cb3698]&amp#27;[0m&amp#27;[38;5;-54m[AndroidUiautomator2Driver@38c1]&amp#27;[0m Proxying [GET /status] to [GET http://127.0.0.1:8200/status] with no body
&amp#27;[38;5;214m[54cb3698]&amp#27;[0m&amp#27;[38;5;-54m[AndroidUiautomator2Driver@38c1]&amp#27;[0m Got response with status 200: {"sessionId":"None","value":{"message":"UiAutomator2 Server is ready to accept commands","ready":true}}
&amp#27;[38;5;214m[54cb3698]&amp#27;[0m&amp#27;[38;5;-54m[AndroidUiautomator2Driver@38c1]&amp#27;[0m The initialization of the instrumentation process took 3128ms
&amp#27;[38;5;214m[54cb3698]&amp#27;[0m&amp#27;[38;5;-54m[AndroidUiautomator2Driver@38c1]&amp#27;[0m Matched '/session' to command name 'createSession'
&amp#27;[38;5;214m[54cb3698]&amp#27;[0m&amp#27;[38;5;-54m[AndroidUiautomator2Driver@38c1]&amp#27;[0m Proxying [POST /session] to [POST http://127.0.0.1:8200/session] with body: {"capabilities":{"firstMatch":[{"platformName":"ANDROID","app":"C:\\Users\\Anishkumar\\eclipse-workspaceMobile\\appiumDesign//src//test//java//org//rsa//resources//General-Store.apk","automationName":"UIAutomator2","deviceName":"RZCW30P5DQB","platform":"LINUX","webStorageEnabled":false,"takesScreenshot":true,"javascriptEnabled":true,"databaseEnabled":false,"networkConnectionEnabled":true,"locationContextEnabled":false,"warnings":{},"desired":{"platformName":"ANDROID","app":"C:\\Users\\Anishkumar\\eclipse-workspaceMobile\\appiumDesign//src//test//java//org//rsa//resources//General-Store.apk","automationName":"UIAutomator2","deviceName":"AnishEmulator"},"deviceUDID":"RZCW30P5DQB","appPackage":"com.androidsample.generalstore","appActivity":"com.androidsample.generalstore.SplashActivity"}],"alwaysMatch":{}}}
&amp#27;[38;5;214m[54cb3698]&amp#27;[0m&amp#27;[38;5;-54m[AndroidUiautomator2Driver@38c1]&amp#27;[0m Got response with status 200: {"sessionId":"7af5b591-ed58-44b6-be45-0eb8b1fbd11d","value":{"capabilities":{"firstMatch":[{"platformName":"ANDROID","app":"C:\\Users\\Anishkumar\\eclipse-workspaceMobile\\appiumDesign//src//test//java//org//rsa//resources//General-Store.apk","automationName":"UIAutomator2","deviceName":"RZCW30P5DQB","platform":"LINUX","webStorageEnabled":false,"takesScreenshot":true,"javascriptEnabled":true,"databaseEnabled":false,"networkConnectionEnabled":true,"locationContextEnabled":false,"warnings":{},"desired":{"platformName":"ANDROID","app":"C:\\Users\\Anishkumar\\eclipse-workspaceMobile\\appiumDesign//src//test//java//org//rsa//resources//General-Store.apk","automationName":"UIAutomator2","deviceName":"AnishEmulator"},"deviceUDID":"RZCW30P5DQB","appPackage":"com.androidsample.generalstore","appActivity":"com.androidsample.generalstore.SplashActivity"}],"alwaysMatch":{}},"sessionId":"7af5b591-ed58-44b6-be45-0eb8b1fbd11d"}}
&amp#27;[38;5;214m[54cb3698]&amp#27;[0m&amp#27;[38;5;-54m[AndroidUiautomator2Driver@38c1]&amp#27;[0m Determined the downstream protocol as 'W3C'
&amp#27;[38;5;214m[54cb3698]&amp#27;[0m&amp#27;[38;5;-54m[AndroidUiautomator2Driver@38c1]&amp#27;[0m Proxying [GET /appium/device/pixel_ratio] to [GET http://127.0.0.1:8200/session/7af5b591-ed58-44b6-be45-0eb8b1fbd11d/appium/device/pixel_ratio] with no body
&amp#27;[38;5;214m[54cb3698]&amp#27;[0m&amp#27;[38;5;-54m[AndroidUiautomator2Driver@38c1]&amp#27;[0m Matched '/appium/device/system_bars' to command name 'getSystemBars'
&amp#27;[38;5;214m[54cb3698]&amp#27;[0m&amp#27;[38;5;-54m[AndroidUiautomator2Driver@38c1]&amp#27;[0m Proxying [GET /appium/device/system_bars] to [GET http://127.0.0.1:8200/session/7af5b591-ed58-44b6-be45-0eb8b1fbd11d/appium/device/system_bars] with no body
&amp#27;[38;5;214m[54cb3698]&amp#27;[0m&amp#27;[38;5;-54m[AndroidUiautomator2Driver@38c1]&amp#27;[0m Matched '/window/current/size' to command name 'getWindowSize'
&amp#27;[38;5;214m[54cb3698]&amp#27;[0m&amp#27;[38;5;-54m[AndroidUiautomator2Driver@38c1]&amp#27;[0m Proxying [GET /window/current/size] to [GET http://127.0.0.1:8200/session/7af5b591-ed58-44b6-be45-0eb8b1fbd11d/window/current/size] with no body
&amp#27;[38;5;214m[54cb3698]&amp#27;[0m&amp#27;[38;5;-54m[AndroidUiautomator2Driver@38c1]&amp#27;[0m Proxying [GET /appium/device/info] to [GET http://127.0.0.1:8200/session/7af5b591-ed58-44b6-be45-0eb8b1fbd11d/appium/device/info] with no body
&amp#27;[38;5;214m[54cb3698]&amp#27;[0m&amp#27;[38;5;229m[ADB]&amp#27;[0m Running 'C:\Users\Anishkumar\AppData\Local\Android\Sdk\platform-tools\adb.exe -P 5037 -s RZCW30P5DQB shell dumpsys window'
&amp#27;[38;5;214m[54cb3698]&amp#27;[0m&amp#27;[38;5;229m[ADB]&amp#27;[0m Running 'C:\Users\Anishkumar\AppData\Local\Android\Sdk\platform-tools\adb.exe -P 5037 -s RZCW30P5DQB shell dumpsys power'
&amp#27;[38;5;214m[54cb3698]&amp#27;[0m&amp#27;[38;5;-54m[AndroidUiautomator2Driver@38c1]&amp#27;[0m Got response with status 200: {"sessionId":"7af5b591-ed58-44b6-be45-0eb8b1fbd11d","value":2.8125}
&amp#27;[38;5;214m[54cb3698]&amp#27;[0m&amp#27;[38;5;-54m[AndroidUiautomator2Driver@38c1]&amp#27;[0m Got response with status 200: {"sessionId":"7af5b591-ed58-44b6-be45-0eb8b1fbd11d","value":{"androidId":"d3bfe7668c35ec90","apiVersion":"35","bluetooth":{"state":"ON"},"brand":"samsung","carrierName":"JIO 4G","displayDensity":450,"locale":"en_IN","manufacturer":"samsung","model":"SM-A146B","networks":[{"capabilities":{"SSID":null,"linkDownBandwidthKbps":15890,"linkUpstreamBandwidthKbps":13644,"networkCapabilities":"NET_CAPABILITY_IMS,NET_CAPABILITY_NOT_METERED,NET_CAPABILITY_TRUSTED,NET_CAPABILITY_NOT_VPN,NET_CAPABILITY_VALIDATED,NET_CAPABILITY_NOT_ROAMING,NET_CAPABILITY_FOREGROUND,NET_CAPABILITY_NOT_CONGESTED,NET_CAPABILITY_NOT_SUSPENDED","signalStrength":-2147483648,"transportTypes":"TRANSPORT_CELLULAR"},"detailedState":"CONNECTED","extraInfo":"IMS","isAvailable":true,"isConnected":true,"isFailover":false,"isRoaming":false,"state":"CONNECTED","subtype":13,"subtypeName":"LTE","type":0,"typeName":"MOBILE"},{"capabilities":{"SSID":null,"linkDownBandwidthKbps":15890,"linkUpstreamBandwidthKbps":13644,"networkCapabilities":"NET_CAPABILITY_S...
&amp#27;[38;5;214m[54cb3698]&amp#27;[0m&amp#27;[38;5;-54m[AndroidUiautomator2Driver@38c1]&amp#27;[0m Got response with status 200: {"sessionId":"7af5b591-ed58-44b6-be45-0eb8b1fbd11d","value":{"height":2408,"width":1080}}
&amp#27;[38;5;214m[54cb3698]&amp#27;[0m&amp#27;[38;5;-54m[AndroidUiautomator2Driver@38c1]&amp#27;[0m Got response with status 200: {"sessionId":"7af5b591-ed58-44b6-be45-0eb8b1fbd11d","value":{"statusBar":65}}
&amp#27;[38;5;214m[54cb3698]&amp#27;[0m&amp#27;[38;5;-54m[AndroidUiautomator2Driver@38c1]&amp#27;[0m Screen already unlocked, doing nothing
&amp#27;[38;5;214m[54cb3698]&amp#27;[0m&amp#27;[38;5;-54m[AndroidUiautomator2Driver@38c1]&amp#27;[0m Starting 'com.androidsample.generalstore/com.androidsample.generalstore.SplashActivity' and waiting for 'com.androidsample.generalstore/com.androidsample.generalstore.SplashActivity'
&amp#27;[38;5;214m[54cb3698]&amp#27;[0m&amp#27;[38;5;229m[ADB]&amp#27;[0m Running 'C:\Users\Anishkumar\AppData\Local\Android\Sdk\platform-tools\adb.exe -P 5037 -s RZCW30P5DQB shell am start-activity -W -n com.androidsample.generalstore/com.androidsample.generalstore.SplashActivity -S -a android.intent.action.MAIN -c android.intent.category.LAUNCHER -f 0x10200000'
&amp#27;[38;5;214m[54cb3698]&amp#27;[0m&amp#27;[38;5;229m[ADB]&amp#27;[0m Expected package names to be focused within 20000ms: 'com.androidsample.generalstore'
&amp#27;[38;5;214m[54cb3698]&amp#27;[0m&amp#27;[38;5;229m[ADB]&amp#27;[0m Expected activity name patterns to be focused within 20000ms: '/^com\.androidsample\.generalstore\.SplashActivity$/'
&amp#27;[38;5;214m[54cb3698]&amp#27;[0m&amp#27;[38;5;229m[ADB]&amp#27;[0m Getting focused package and activity
&amp#27;[38;5;214m[54cb3698]&amp#27;[0m&amp#27;[38;5;229m[ADB]&amp#27;[0m Running 'C:\Users\Anishkumar\AppData\Local\Android\Sdk\platform-tools\adb.exe -P 5037 -s RZCW30P5DQB shell dumpsys window displays'
&amp#27;[38;5;214m[54cb3698]&amp#27;[0m&amp#27;[38;5;229m[ADB]&amp#27;[0m Focused package: com.androidsample.generalstore
&amp#27;[38;5;214m[54cb3698]&amp#27;[0m&amp#27;[38;5;229m[ADB]&amp#27;[0m Focused fully qualified activity name: com.androidsample.generalstore.SplashActivity
&amp#27;[38;5;214m[54cb3698]&amp#27;[0m&amp#27;[38;5;146m[AppiumDriver@a0dc]&amp#27;[0m New AndroidUiautomator2Driver session created successfully, session 54cb3698-e03f-4cbd-b4e9-fe0dcbe108de added to master session list
&amp#27;[38;5;214m[54cb3698]&amp#27;[0m&amp#27;[38;5;146m[AppiumDriver@a0dc]&amp#27;[0m Event 'newSessionStarted' logged at 1758716638051 (17:53:58 GMT+0530 (India Standard Time))
&amp#27;[38;5;214m[54cb3698]&amp#27;[0m&amp#27;[38;5;-54m[AndroidUiautomator2Driver@38c1]&amp#27;[0m Cached the protocol value 'W3C' for the new session 54cb3698-e03f-4cbd-b4e9-fe0dcbe108de
&amp#27;[38;5;214m[54cb3698]&amp#27;[0m&amp#27;[38;5;-54m[AndroidUiautomator2Driver@38c1]&amp#27;[0m Responding to client with driver.createSession() result: {"capabilities":{"platformName":"ANDROID","app":"C:\\Users\\Anishkumar\\eclipse-workspaceMobile\\appiumDesign//src//test//java//org//rsa//resources//General-Store.apk","automationName":"UIAutomator2","deviceName":"RZCW30P5DQB","platform":"LINUX","webStorageEnabled":false,"takesScreenshot":true,"javascriptEnabled":true,"databaseEnabled":false,"networkConnectionEnabled":true,"locationContextEnabled":false,"warnings":{},"desired":{"platformName":"ANDROID","app":"C:\\Users\\Anishkumar\\eclipse-workspaceMobile\\appiumDesign//src//test//java//org//rsa//resources//General-Store.apk","automationName":"UIAutomator2","deviceName":"AnishEmulator"},"deviceUDID":"RZCW30P5DQB","appPackage":"com.androidsample.generalstore","appActivity":"com.androidsample.generalstore.SplashActivity","pixelRatio":"2.8125","statBarHeight":65,"viewportRect":{"left":0,"top":65,"width":1080,"height":2343},"deviceApiLevel":35,"platformVersion":"15","deviceManufacturer":"samsung","deviceModel":"SM-A146B","deviceScreenSize":"1080x2408","deviceS...
&amp#27;[38;5;214m[54cb3698]&amp#27;[0m&amp#27;[38;5;86m[HTTP]&amp#27;[0m &amp#27;[37m<-- POST /session &amp#27;[39m&amp#27;[32m200&amp#27;[39m &amp#27;[90m6934 ms - 1101&amp#27;[39m &amp#27;[90m&amp#27;[39m
&amp#27;[38;5;214m[54cb3698]&amp#27;[0m&amp#27;[38;5;86m[HTTP]&amp#27;[0m &amp#27;[37m-->&amp#27;[39m &amp#27;[37mPOST&amp#27;[39m &amp#27;[37m/session/54cb3698-e03f-4cbd-b4e9-fe0dcbe108de/timeouts&amp#27;[39m &amp#27;[90m{"implicit":20000}&amp#27;[39m
&amp#27;[38;5;214m[54cb3698]&amp#27;[0m&amp#27;[38;5;-54m[AndroidUiautomator2Driver@38c1]&amp#27;[0m Calling AppiumDriver.timeouts() with args: [null,null,null,null,20000,"54cb3698-e03f-4cbd-b4e9-fe0dcbe108de"]
&amp#27;[38;5;214m[54cb3698]&amp#27;[0m&amp#27;[38;5;-54m[AndroidUiautomator2Driver@38c1]&amp#27;[0m W3C timeout argument: {"implicit":20000}}
&amp#27;[38;5;214m[54cb3698]&amp#27;[0m&amp#27;[38;5;-54m[AndroidUiautomator2Driver@38c1]&amp#27;[0m Set implicit wait to 20000ms
&amp#27;[38;5;214m[54cb3698]&amp#27;[0m&amp#27;[38;5;-54m[AndroidUiautomator2Driver@38c1]&amp#27;[0m Responding to client with driver.timeouts() result: null
&amp#27;[38;5;214m[54cb3698]&amp#27;[0m&amp#27;[38;5;86m[HTTP]&amp#27;[0m &amp#27;[37m<-- POST /session/54cb3698-e03f-4cbd-b4e9-fe0dcbe108de/timeouts &amp#27;[39m&amp#27;[32m200&amp#27;[39m &amp#27;[90m3 ms - 14&amp#27;[39m &amp#27;[90m&amp#27;[39m
&amp#27;[38;5;214m[54cb3698]&amp#27;[0m&amp#27;[38;5;86m[HTTP]&amp#27;[0m &amp#27;[37m-->&amp#27;[39m &amp#27;[37mGET&amp#27;[39m &amp#27;[37m/session/54cb3698-e03f-4cbd-b4e9-fe0dcbe108de/screenshot&amp#27;[39m &amp#27;[90m{}&amp#27;[39m
&amp#27;[38;5;214m[54cb3698]&amp#27;[0m&amp#27;[38;5;-54m[AndroidUiautomator2Driver@38c1]&amp#27;[0m Calling AppiumDriver.getScreenshot() with args: ["54cb3698-e03f-4cbd-b4e9-fe0dcbe108de"]
&amp#27;[38;5;214m[54cb3698]&amp#27;[0m&amp#27;[38;5;-54m[AndroidUiautomator2Driver@38c1]&amp#27;[0m Matched '/screenshot' to command name 'getScreenshot'
&amp#27;[38;5;214m[54cb3698]&amp#27;[0m&amp#27;[38;5;-54m[AndroidUiautomator2Driver@38c1]&amp#27;[0m Proxying [GET /screenshot] to [GET http://127.0.0.1:8200/session/7af5b591-ed58-44b6-be45-0eb8b1fbd11d/screenshot] with no body
&amp#27;[38;5;214m[54cb3698]&amp#27;[0m&amp#27;[38;5;-54m[AndroidUiautomator2Driver@38c1]&amp#27;[0m Got response with status 200: {"sessionId":"7af5b591-ed58-44b6-be45-0eb8b1fbd11d","value":"iVBORw0KGgoAAAANSUhEUgAABDgAAAloCAYAAACBSQW4AAAAAXNSR0IArs4c6QAAAARzQklUCAgICHwIZIgAACAASURBVHic7NtbkiLXFUDRQ0I9u9Wegkbj+U/FkrrrBaQ/gKJaln8s260dsVZE1r2VRUBCfbHj5GZm1gEAAAAIW370BQAAAAD8WQIHAAAAkCdwAAAAAHkCBwAAAJAncAAAAAB5AgcAAACQJ3AAAAAAeQIHAAAAkCdwAAAAAHkCBwAAAJAncAAAAAB5AgcAAACQJ3AAAAAAeQIHAAAAkCdwAAAAAHkCBwAAAJAncAAAAAB5AgcAAACQJ3AAAAAAeQIHAAAAkCdwAAAAAHkCBwAAAJAncAAAAAB5AgcAAACQJ3AAAAAAeQIHAAAAkCdwAAAAAHkCBwAAAJAncAAAAAB5AgcAAACQJ3AAAAAAeQIHAAAAkCdwAAAAAHkCBwAAAJAncAAAAAB5AgcAAACQJ3AAAAAAeQIHAAAAkCdwAAAAAHkCBwAAAJAncAAAAAB5AgcAAACQJ3AAAAAAeQIHAAAAkCdwAAAAAHkCBwAAAJAncAAAAAB5AgcAAACQJ3AAAAAAeQIHAAAAkCdwAAAAAHkCBwAAAJAncAAAAAB5AgcAAACQJ3AAAAAAeQIHAAAAkCdwAAAAAHkCBwAAAJAncAAAAAB5AgcAAACQJ3AAAAAAeQIHAAAAkCdwAAAAAHkCBwAAAJC3+/nnv//oawAAAAD4U0xwAAAAAHkCBwAAAJAncAAAAAB5AgcAAACQJ3AAAAAAeQIHAAAAkCdwAAAAAHkCBwAAAJAncAAAAAB5AgcAAACQJ3AAAAAAeQIHAAAAkCdwAAAAAHkCBwAAAJAncAAAAAB5AgcAAACQJ3AAAAAAeQIHAAAAkCdwAAAAAHkCBwAAAJAncAAAAAB5AgcAAACQJ3AAAAAAeQIHAAAAkCdw...
&amp#27;[38;5;214m[54cb3698]&amp#27;[0m&amp#27;[38;5;-54m[AndroidUiautomator2Driver@38c1]&amp#27;[0m Responding to client with driver.getScreenshot() result: "iVBORw0KGgoAAAANSUhEUgAABDgAAAloCAYAAACBSQW4AAAAAXNSR0IArs4c6QAAAARzQklUCAgICHwIZIgAACAASURBVHic7NtbkiLXFUDRQ0I9u9Wegkbj+U/FkrrrBaQ/gKJaln8s260dsVZE1r2VRUBCfbHj5GZm1gEAAAAIW370BQAAAAD8WQIHAAAAkCdwAAAAAHkCBwAAAJAncAAAAAB5AgcAAACQJ3AAAAAAeQIHAAAAkCdwAAAAAHkCBwAAAJAncAAAAAB5AgcAAACQJ3AAAAAAeQIHAAAAkCdwAAAAAHkCBwAAAJAncAAAAAB5AgcAAACQJ3AAAAAAeQIHAAAAkCdwAAAAAHkCBwAAAJAncAAAAAB5AgcAAACQJ3AAAAAAeQIHAAAAkCdwAAAAAHkCBwAAAJAncAAAAAB5AgcAAACQJ3AAAAAAeQIHAAAAkCdwAAAAAHkCBwAAAJAncAAAAAB5AgcAAACQJ3AAAAAAeQIHAAAAkCdwAAAAAHkCBwAAAJAncAAAAAB5AgcAAACQJ3AAAAAAeQIHAAAAkCdwAAAAAHkCBwAAAJAncAAAAAB5AgcAAACQJ3AAAAAAeQIHAAAAkCdwAAAAAHkCBwAAAJAncAAAAAB5AgcAAACQJ3AAAAAAeQIHAAAAkCdwAAAAAHkCBwAAAJAncAAAAAB5AgcAAACQJ3AAAAAAeQIHAAAAkCdwAAAAAHkCBwAAAJC3+/nnv//oawAAAAD4U0xwAAAAAHkCBwAAAJAncAAAAAB5AgcAAACQJ3AAAAAAeQIHAAAAkCdwAAAAAHkCBwAAAJAncAAAAAB5AgcAAACQJ3AAAAAAeQIHAAAAkCdwAAAAAHkCBwAAAJAncAAAAAB5AgcAAACQJ3AAAAAAeQIHAAAAkCdwAAAAAHkCBwAAAJAncAAAAAB5AgcAAACQJ3AAAAAAeQIHAAAAkCdwAAAAAHkCBwAAAJAncAAAAAB5AgcAAACQJ3AAAAAAeQIHAAAAkCdwAAAAAHkC...
&amp#27;[38;5;214m[54cb3698]&amp#27;[0m&amp#27;[38;5;86m[HTTP]&amp#27;[0m &amp#27;[37m<-- GET /session/54cb3698-e03f-4cbd-b4e9-fe0dcbe108de/screenshot &amp#27;[39m&amp#27;[32m200&amp#27;[39m &amp#27;[90m673 ms - 85160&amp#27;[39m &amp#27;[90m&amp#27;[39m
]]></system-out>
  </testcase>
  <testcase name="findProduct" classname="DataProviderFirst.DataProvider1" time="24.751">
    <failure message="An element could not be located on the page using the given search parameters.&#10;For documentation on this error, please visit: https://www.selenium.dev/documentation/webdriver/troubleshooting/errors#no-such-element-exception&#10;Build info: version: &apos;4.13.0&apos;, revision: &apos;ba948ece5b*&apos;&#10;System info: os.name: &apos;Windows 11&apos;, os.arch: &apos;amd64&apos;, os.version: &apos;10.0&apos;, java.version: &apos;24.0.2&apos;&#10;Driver info: io.appium.java_client.android.AndroidDriver&#10;Command: [54cb3698-e03f-4cbd-b4e9-fe0dcbe108de, findElement {using=-android uiautomator, value=new UiScrollable(new UiSelector().className(&quot;android.widget.ScrollView&quot;)).scrollIntoView(new UiSelector().text(&quot;Air Jordan 9 Retro&quot;))}]&#10;Capabilities {appium:app: C:\Users\Anishkumar\eclipse..., appium:appActivity: com.androidsample.generalst..., appium:appPackage: com.androidsample.generalstore, appium:automationName: UIAutomator2, appium:databaseEnabled: false, appium:desired: {app: C:\Users\Anishkumar\eclipse..., automationName: UIAutomator2, deviceName: AnishEmulator, platformName: ANDROID}, appium:deviceApiLevel: 35, appium:deviceManufacturer: samsung, appium:deviceModel: SM-A146B, appium:deviceName: RZCW30P5DQB, appium:deviceScreenDensity: 450, appium:deviceScreenSize: 1080x2408, appium:deviceUDID: RZCW30P5DQB, appium:javascriptEnabled: true, appium:locationContextEnabled: false, appium:networkConnectionEnabled: true, appium:pixelRatio: 2.8125, appium:platformVersion: 15, appium:statBarHeight: 65, appium:takesScreenshot: true, appium:viewportRect: {height: 2343, left: 0, top: 65, width: 1080}, appium:warnings: {}, appium:webStorageEnabled: false, platformName: ANDROID}&#10;Session ID: 54cb3698-e03f-4cbd-b4e9-fe0dcbe108de" type="org.openqa.selenium.NoSuchElementException"><![CDATA[org.openqa.selenium.NoSuchElementException: 
An element could not be located on the page using the given search parameters.
For documentation on this error, please visit: https://www.selenium.dev/documentation/webdriver/troubleshooting/errors#no-such-element-exception
Build info: version: '4.13.0', revision: 'ba948ece5b*'
System info: os.name: 'Windows 11', os.arch: 'amd64', os.version: '10.0', java.version: '24.0.2'
Driver info: io.appium.java_client.android.AndroidDriver
Command: [54cb3698-e03f-4cbd-b4e9-fe0dcbe108de, findElement {using=-android uiautomator, value=new UiScrollable(new UiSelector().className("android.widget.ScrollView")).scrollIntoView(new UiSelector().text("Air Jordan 9 Retro"))}]
Capabilities {appium:app: C:\Users\Anishkumar\eclipse..., appium:appActivity: com.androidsample.generalst..., appium:appPackage: com.androidsample.generalstore, appium:automationName: UIAutomator2, appium:databaseEnabled: false, appium:desired: {app: C:\Users\Anishkumar\eclipse..., automationName: UIAutomator2, deviceName: AnishEmulator, platformName: ANDROID}, appium:deviceApiLevel: 35, appium:deviceManufacturer: samsung, appium:deviceModel: SM-A146B, appium:deviceName: RZCW30P5DQB, appium:deviceScreenDensity: 450, appium:deviceScreenSize: 1080x2408, appium:deviceUDID: RZCW30P5DQB, appium:javascriptEnabled: true, appium:locationContextEnabled: false, appium:networkConnectionEnabled: true, appium:pixelRatio: 2.8125, appium:platformVersion: 15, appium:statBarHeight: 65, appium:takesScreenshot: true, appium:viewportRect: {height: 2343, left: 0, top: 65, width: 1080}, appium:warnings: {}, appium:webStorageEnabled: false, platformName: ANDROID}
Session ID: 54cb3698-e03f-4cbd-b4e9-fe0dcbe108de
	at java.base/jdk.internal.reflect.DirectConstructorHandleAccessor.newInstance(DirectConstructorHandleAccessor.java:62)
	at java.base/java.lang.reflect.Constructor.newInstanceWithCaller(Constructor.java:499)
	at java.base/java.lang.reflect.Constructor.newInstance(Constructor.java:483)
	at org.openqa.selenium.remote.codec.w3c.W3CHttpResponseCodec.createException(W3CHttpResponseCodec.java:200)
	at org.openqa.selenium.remote.codec.w3c.W3CHttpResponseCodec.decode(W3CHttpResponseCodec.java:133)
	at org.openqa.selenium.remote.codec.w3c.W3CHttpResponseCodec.decode(W3CHttpResponseCodec.java:52)
	at org.openqa.selenium.remote.HttpCommandExecutor.execute(HttpCommandExecutor.java:191)
	at io.appium.java_client.remote.AppiumCommandExecutor.execute(AppiumCommandExecutor.java:250)
	at org.openqa.selenium.remote.RemoteWebDriver.execute(RemoteWebDriver.java:602)
	at org.openqa.selenium.remote.ElementLocation$ElementFinder$2.findElement(ElementLocation.java:165)
	at org.openqa.selenium.remote.ElementLocation.findElement(ElementLocation.java:66)
	at org.openqa.selenium.remote.RemoteWebDriver.findElement(RemoteWebDriver.java:359)
	at org.openqa.selenium.remote.RemoteWebDriver.findElement(RemoteWebDriver.java:353)
	at org.stc.utils.AndroidActions.scrollText(AndroidActions.java:48)
	at DataProviderFirst.DataProvider1.findProduct(DataProvider1.java:36)
	at java.base/jdk.internal.reflect.DirectMethodHandleAccessor.invoke(DirectMethodHandleAccessor.java:104)
	at java.base/java.lang.reflect.Method.invoke(Method.java:565)
	at org.testng.internal.invokers.MethodInvocationHelper.invokeMethod(MethodInvocationHelper.java:139)
	at org.testng.internal.invokers.TestInvoker.invokeMethod(TestInvoker.java:664)
	at org.testng.internal.invokers.TestInvoker.invokeTestMethod(TestInvoker.java:227)
	at org.testng.internal.invokers.MethodRunner.runInSequence(MethodRunner.java:50)
	at org.testng.internal.invokers.TestInvoker$MethodInvocationAgent.invoke(TestInvoker.java:957)
	at org.testng.internal.invokers.TestInvoker.invokeTestMethods(TestInvoker.java:200)
	at org.testng.internal.invokers.TestMethodWorker.invokeTestMethods(TestMethodWorker.java:148)
	at org.testng.internal.invokers.TestMethodWorker.run(TestMethodWorker.java:128)
	at java.base/java.util.ArrayList.forEach(ArrayList.java:1604)
	at org.testng.TestRunner.privateRun(TestRunner.java:848)
	at org.testng.TestRunner.run(TestRunner.java:621)
	at org.testng.SuiteRunner.runTest(SuiteRunner.java:443)
	at org.testng.SuiteRunner.runSequentially(SuiteRunner.java:437)
	at org.testng.SuiteRunner.privateRun(SuiteRunner.java:397)
	at org.testng.SuiteRunner.run(SuiteRunner.java:336)
	at org.testng.SuiteRunnerWorker.runSuite(SuiteRunnerWorker.java:52)
	at org.testng.SuiteRunnerWorker.run(SuiteRunnerWorker.java:95)
	at org.testng.TestNG.runSuitesSequentially(TestNG.java:1280)
	at org.testng.TestNG.runSuitesLocally(TestNG.java:1200)
	at org.testng.TestNG.runSuites(TestNG.java:1114)
	at org.testng.TestNG.run(TestNG.java:1082)
	at org.apache.maven.surefire.testng.TestNGExecutor.run(TestNGExecutor.java:324)
	at org.apache.maven.surefire.testng.TestNGXmlTestSuite.execute(TestNGXmlTestSuite.java:74)
	at org.apache.maven.surefire.testng.TestNGProvider.invoke(TestNGProvider.java:123)
	at org.apache.maven.surefire.booter.ForkedBooter.runSuitesInProcess(ForkedBooter.java:456)
	at org.apache.maven.surefire.booter.ForkedBooter.execute(ForkedBooter.java:169)
	at org.apache.maven.surefire.booter.ForkedBooter.run(ForkedBooter.java:595)
	at org.apache.maven.surefire.booter.ForkedBooter.main(ForkedBooter.java:581)
]]></failure>
    <system-out><![CDATA[&amp#27;[38;5;214m[54cb3698]&amp#27;[0m&amp#27;[38;5;86m[HTTP]&amp#27;[0m &amp#27;[37m-->&amp#27;[39m &amp#27;[37mPOST&amp#27;[39m &amp#27;[37m/session/54cb3698-e03f-4cbd-b4e9-fe0dcbe108de/element&amp#27;[39m &amp#27;[90m{"using":"-android uiautomator","value":"new UiScrollable(new UiSelector().className(\"android.widget.ScrollView\")).scrollIntoView(new UiSelector().text(\"Air Jordan 9 Retro\"))"}&amp#27;[39m
&amp#27;[38;5;214m[54cb3698]&amp#27;[0m&amp#27;[38;5;-54m[AndroidUiautomator2Driver@38c1]&amp#27;[0m Calling AppiumDriver.findElement() with args: ["-android uiautomator","new UiScrollable(new UiSelector().className(\"android.widget.ScrollView\")).scrollIntoView(new UiSelector().text(\"Air Jordan 9 Retro\"))","54cb3698-e03f-4cbd-b4e9-fe0dcbe108de"]
&amp#27;[38;5;214m[54cb3698]&amp#27;[0m&amp#27;[38;5;-54m[AndroidUiautomator2Driver@38c1]&amp#27;[0m Valid locator strategies for this request: xpath, id, class name, accessibility id, css selector, -android uiautomator
&amp#27;[38;5;214m[54cb3698]&amp#27;[0m&amp#27;[38;5;-54m[AndroidUiautomator2Driver@38c1]&amp#27;[0m Waiting up to 20000 ms for condition
&amp#27;[38;5;214m[54cb3698]&amp#27;[0m&amp#27;[38;5;-54m[AndroidUiautomator2Driver@38c1]&amp#27;[0m Matched '/element' to command name 'findElement'
&amp#27;[38;5;214m[54cb3698]&amp#27;[0m&amp#27;[38;5;-54m[AndroidUiautomator2Driver@38c1]&amp#27;[0m Proxying [POST /element] to [POST http://127.0.0.1:8200/session/7af5b591-ed58-44b6-be45-0eb8b1fbd11d/element] with body: {"strategy":"-android uiautomator","selector":"new UiScrollable(new UiSelector().className(\"android.widget.ScrollView\")).scrollIntoView(new UiSelector().text(\"Air Jordan 9 Retro\"))","context":"","multiple":false}
&amp#27;[38;5;214m[54cb3698]&amp#27;[0m&amp#27;[38;5;-54m[AndroidUiautomator2Driver@38c1]&amp#27;[0m Got response with status 404: {"sessionId":"7af5b591-ed58-44b6-be45-0eb8b1fbd11d","value":{"error":"no such element","message":"androidx.test.uiautomator.UiObjectNotFoundException: UiSelector[CLASS=android.widget.ScrollView]","stacktrace":"io.appium.uiautomator2.common.exceptions.ElementNotFoundException: androidx.test.uiautomator.UiObjectNotFoundException: UiSelector[CLASS=android.widget.ScrollView]\n\tat io.appium.uiautomator2.utils.UiExpressionParser.invokeMethod(UiExpressionParser.java:250)\n\tat io.appium.uiautomator2.utils.UiScrollableParser.consumeMethodCall(UiScrollableParser.java:143)\n\tat io.appium.uiautomator2.utils.UiScrollableParser.parse(UiScrollableParser.java:66)\n\tat io.appium.uiautomator2.utils.UiAutomatorParser.consumeStatement(UiAutomatorParser.java:91)\n\tat io.appium.uiautomator2.utils.UiAutomatorParser.parse(UiAutomatorParser.java:47)\n\tat io.appium.uiautomator2.utils.ElementLocationHelpers.toSelectors(ElementLocationHelpers.java:135)\n\tat io.appium.uiautomator2.utils.ElementLocationHelpers.toSelector(Element...
&amp#27;[38;5;214m[54cb3698]&amp#27;[0m&amp#27;[38;5;123m[W3C]&amp#27;[0m Matched W3C error code 'no such element' to NoSuchElementError
&amp#27;[38;5;214m[54cb3698]&amp#27;[0m&amp#27;[38;5;-54m[AndroidUiautomator2Driver@38c1]&amp#27;[0m Waited for 12025 ms so far
&amp#27;[38;5;214m[54cb3698]&amp#27;[0m&amp#27;[38;5;-54m[AndroidUiautomator2Driver@38c1]&amp#27;[0m Matched '/element' to command name 'findElement'
&amp#27;[38;5;214m[54cb3698]&amp#27;[0m&amp#27;[38;5;-54m[AndroidUiautomator2Driver@38c1]&amp#27;[0m Proxying [POST /element] to [POST http://127.0.0.1:8200/session/7af5b591-ed58-44b6-be45-0eb8b1fbd11d/element] with body: {"strategy":"-android uiautomator","selector":"new UiScrollable(new UiSelector().className(\"android.widget.ScrollView\")).scrollIntoView(new UiSelector().text(\"Air Jordan 9 Retro\"))","context":"","multiple":false}
&amp#27;[38;5;214m[54cb3698]&amp#27;[0m&amp#27;[38;5;-54m[AndroidUiautomator2Driver@38c1]&amp#27;[0m Got response with status 404: {"sessionId":"7af5b591-ed58-44b6-be45-0eb8b1fbd11d","value":{"error":"no such element","message":"androidx.test.uiautomator.UiObjectNotFoundException: UiSelector[CLASS=android.widget.ScrollView]","stacktrace":"io.appium.uiautomator2.common.exceptions.ElementNotFoundException: androidx.test.uiautomator.UiObjectNotFoundException: UiSelector[CLASS=android.widget.ScrollView]\n\tat io.appium.uiautomator2.utils.UiExpressionParser.invokeMethod(UiExpressionParser.java:250)\n\tat io.appium.uiautomator2.utils.UiScrollableParser.consumeMethodCall(UiScrollableParser.java:143)\n\tat io.appium.uiautomator2.utils.UiScrollableParser.parse(UiScrollableParser.java:66)\n\tat io.appium.uiautomator2.utils.UiAutomatorParser.consumeStatement(UiAutomatorParser.java:91)\n\tat io.appium.uiautomator2.utils.UiAutomatorParser.parse(UiAutomatorParser.java:47)\n\tat io.appium.uiautomator2.utils.ElementLocationHelpers.toSelectors(ElementLocationHelpers.java:135)\n\tat io.appium.uiautomator2.utils.ElementLocationHelpers.toSelector(Element...
&amp#27;[38;5;214m[54cb3698]&amp#27;[0m&amp#27;[38;5;123m[W3C]&amp#27;[0m Matched W3C error code 'no such element' to NoSuchElementError
&amp#27;[38;5;214m[54cb3698]&amp#27;[0m&amp#27;[38;5;-54m[AndroidUiautomator2Driver@38c1]&amp#27;[0m Encountered internal error running command: NoSuchElementError: An element could not be located on the page using the given search parameters.
    at AndroidUiautomator2Driver.findElOrEls (C:\Users\Anishkumar\node_modules\appium-uiautomator2-driver\node_modules\appium-android-driver\lib\commands\find.ts:86:11)
    at processTicksAndRejections (node:internal/process/task_queues:105:5)
    at AndroidUiautomator2Driver.findElOrElsWithProcessing (C:\Users\Anishkumar\node_modules\appium-uiautomator2-driver\node_modules\@appium\base-driver\lib\basedriver\commands\find.ts:60:12)
    at AndroidUiautomator2Driver.findElement (C:\Users\Anishkumar\node_modules\appium-uiautomator2-driver\node_modules\@appium\base-driver\lib\basedriver\commands\find.ts:75:12)
&amp#27;[38;5;214m[54cb3698]&amp#27;[0m&amp#27;[38;5;86m[HTTP]&amp#27;[0m &amp#27;[37m<-- POST /session/54cb3698-e03f-4cbd-b4e9-fe0dcbe108de/element &amp#27;[39m&amp#27;[33m404&amp#27;[39m &amp#27;[90m23808 ms - 891&amp#27;[39m &amp#27;[90m&amp#27;[39m
&amp#27;[38;5;214m[54cb3698]&amp#27;[0m&amp#27;[38;5;86m[HTTP]&amp#27;[0m &amp#27;[37m-->&amp#27;[39m &amp#27;[37mGET&amp#27;[39m &amp#27;[37m/session/54cb3698-e03f-4cbd-b4e9-fe0dcbe108de/screenshot&amp#27;[39m &amp#27;[90m{}&amp#27;[39m
&amp#27;[38;5;214m[54cb3698]&amp#27;[0m&amp#27;[38;5;-54m[AndroidUiautomator2Driver@38c1]&amp#27;[0m Calling AppiumDriver.getScreenshot() with args: ["54cb3698-e03f-4cbd-b4e9-fe0dcbe108de"]
&amp#27;[38;5;214m[54cb3698]&amp#27;[0m&amp#27;[38;5;-54m[AndroidUiautomator2Driver@38c1]&amp#27;[0m Matched '/screenshot' to command name 'getScreenshot'
&amp#27;[38;5;214m[54cb3698]&amp#27;[0m&amp#27;[38;5;-54m[AndroidUiautomator2Driver@38c1]&amp#27;[0m Proxying [GET /screenshot] to [GET http://127.0.0.1:8200/session/7af5b591-ed58-44b6-be45-0eb8b1fbd11d/screenshot] with no body
&amp#27;[38;5;214m[54cb3698]&amp#27;[0m&amp#27;[38;5;-54m[AndroidUiautomator2Driver@38c1]&amp#27;[0m Got response with status 200: {"sessionId":"7af5b591-ed58-44b6-be45-0eb8b1fbd11d","value":"iVBORw0KGgoAAAANSUhEUgAABDgAAAloCAYAAACBSQW4AAAAAXNSR0IArs4c6QAAAARzQklUCAgICHwIZIgAACAASURBVHic7N13eBzV2Tbw+0zZql7cZLn3bnAvgA0GYzDY9G5aGoQQCLwESCF5yfcS0ggQEhIIhIRiSMD0ahwwpuOGu427LMvqfcvMnO8PFSTtzmpXWkm74v5dFxfWlLPPyDvrPc+c8xyRue0KCSIiIiIiIiKiJKb0dABERERERERERJ3FBAcRERERERERJT0mOIiIiIiIiIgo6THBQURERERERERJjwkOIiIiIiIiIkp6THAQERERERERUdJjgoOIiIiIiIiIkh4THERERERERESU9JjgICIiIiIiIqKkxwQHERERERERESU9JjiIiIiIiIiIKOkxwUFERERERERESY8JDiIiIiIiIiJKekxwEBEREREREVHS03o6ACIiIiIiIiIAEBDIVL2Y6xmDca58DNSyMUDPRD8tA17F1dPhxVWt5cNRowJHguU4bJRim+8Q1tXtQLlZCwnZ0+ElJZG57Qr+5oiIiIiIiKjbCQhoQkGulo4zUo7DySmTMN09oqfD6lGf1u/G6pov8VrNehQblQhKs6dDShpMcBAREREREVG3EhBwKTr6aRlYljoDl2eehHTF09NhJZQKsxb/rHgPz1d9jGNGFfwyyJEd7WCCg4iIiIiIiLqNCgX99UyckXocLk6fjzw9CwrLQ4ZlwcKBQDGerFyLt2s2oTBYDhNWT4eVsJjgICIiIiIiom7hFDrGOQfimqyTscA7AS7h6OmQkkK95cd/67bi0bLV2OY/BL80ejqkhMQio5QU3IoDQ/U+GOsciBGOfsjV0uFWHNCFCqfQoUG1PTcIE34riCAM1Fp+HA2WY1egEDv8BTgQLIbBOW1ERERERF0uRXFhjmc0rspciONcw6AJ++/w1Jpb...
&amp#27;[38;5;214m[54cb3698]&amp#27;[0m&amp#27;[38;5;-54m[AndroidUiautomator2Driver@38c1]&amp#27;[0m Responding to client with driver.getScreenshot() result: "iVBORw0KGgoAAAANSUhEUgAABDgAAAloCAYAAACBSQW4AAAAAXNSR0IArs4c6QAAAARzQklUCAgICHwIZIgAACAASURBVHic7N13eBzV2Tbw+0zZql7cZLn3bnAvgA0GYzDY9G5aGoQQCLwESCF5yfcS0ggQEhIIhIRiSMD0ahwwpuOGu427LMvqfcvMnO8PFSTtzmpXWkm74v5dFxfWlLPPyDvrPc+c8xyRue0KCSIiIiIiIiKiJKb0dABERERERERERJ3FBAcRERERERERJT0mOIiIiIiIiIgo6THBQURERERERERJjwkOIiIiIiIiIkp6THAQERERERERUdJjgoOIiIiIiIiIkh4THERERERERESU9JjgICIiIiIiIqKkxwQHERERERERESU9JjiIiIiIiIiIKOkxwUFERERERERESY8JDiIiIiIiIiJKekxwEBEREREREVHS03o6ACIiIiIiIiIAEBDIVL2Y6xmDca58DNSyMUDPRD8tA17F1dPhxVWt5cNRowJHguU4bJRim+8Q1tXtQLlZCwnZ0+ElJZG57Qr+5oiIiIiIiKjbCQhoQkGulo4zUo7DySmTMN09oqfD6lGf1u/G6pov8VrNehQblQhKs6dDShpMcBAREREREVG3EhBwKTr6aRlYljoDl2eehHTF09NhJZQKsxb/rHgPz1d9jGNGFfwyyJEd7WCCg4iIiIiIiLqNCgX99UyckXocLk6fjzw9CwrLQ4ZlwcKBQDGerFyLt2s2oTBYDhNWT4eVsJjgICIiIiIiom7hFDrGOQfimqyTscA7AS7h6OmQkkK95cd/67bi0bLV2OY/BL80ejqkhMQio5QU3IoDQ/U+GOsciBGOfsjV0uFWHNCFCqfQoUG1PTcIE34riCAM1Fp+HA2WY1egEDv8BTgQLIbBOW1ERERERF0uRXFhjmc0rspciONcw6AJ++/w1JpbcWKRdzIylRQ8VvEuPqnbjWqrvqfDSjhMcLSR0onKvCYs1FuBOEaTGPG4FQfU...
&amp#27;[38;5;214m[54cb3698]&amp#27;[0m&amp#27;[38;5;86m[HTTP]&amp#27;[0m &amp#27;[37m<-- GET /session/54cb3698-e03f-4cbd-b4e9-fe0dcbe108de/screenshot &amp#27;[39m&amp#27;[32m200&amp#27;[39m &amp#27;[90m835 ms - 643008&amp#27;[39m &amp#27;[90m&amp#27;[39m
]]></system-out>
  </testcase>
  <testcase name="addProduct" classname="DataProviderFirst.DataProvider1" time="36.096">
    <system-out><![CDATA[&amp#27;[38;5;214m[54cb3698]&amp#27;[0m&amp#27;[38;5;86m[HTTP]&amp#27;[0m &amp#27;[37m-->&amp#27;[39m &amp#27;[37mPOST&amp#27;[39m &amp#27;[37m/session/54cb3698-e03f-4cbd-b4e9-fe0dcbe108de/elements&amp#27;[39m &amp#27;[90m{"using":"id","value":"com.androidsample.generalstore:id/productName"}&amp#27;[39m
&amp#27;[38;5;214m[54cb3698]&amp#27;[0m&amp#27;[38;5;-54m[AndroidUiautomator2Driver@38c1]&amp#27;[0m Calling AppiumDriver.findElements() with args: ["id","com.androidsample.generalstore:id/productName","54cb3698-e03f-4cbd-b4e9-fe0dcbe108de"]
&amp#27;[38;5;214m[54cb3698]&amp#27;[0m&amp#27;[38;5;-54m[AndroidUiautomator2Driver@38c1]&amp#27;[0m Valid locator strategies for this request: xpath, id, class name, accessibility id, css selector, -android uiautomator
&amp#27;[38;5;214m[54cb3698]&amp#27;[0m&amp#27;[38;5;-54m[AndroidUiautomator2Driver@38c1]&amp#27;[0m Waiting up to 20000 ms for condition
&amp#27;[38;5;214m[54cb3698]&amp#27;[0m&amp#27;[38;5;-54m[AndroidUiautomator2Driver@38c1]&amp#27;[0m Matched '/elements' to command name 'findElements'
&amp#27;[38;5;214m[54cb3698]&amp#27;[0m&amp#27;[38;5;-54m[AndroidUiautomator2Driver@38c1]&amp#27;[0m Proxying [POST /elements] to [POST http://127.0.0.1:8200/session/7af5b591-ed58-44b6-be45-0eb8b1fbd11d/elements] with body: {"strategy":"id","selector":"com.androidsample.generalstore:id/productName","context":"","multiple":true}
&amp#27;[38;5;214m[54cb3698]&amp#27;[0m&amp#27;[38;5;-54m[AndroidUiautomator2Driver@38c1]&amp#27;[0m Got response with status 200: {"sessionId":"7af5b591-ed58-44b6-be45-0eb8b1fbd11d","value":[]}
&amp#27;[38;5;214m[54cb3698]&amp#27;[0m&amp#27;[38;5;-54m[AndroidUiautomator2Driver@38c1]&amp#27;[0m Waited for 108 ms so far
&amp#27;[38;5;214m[54cb3698]&amp#27;[0m&amp#27;[38;5;-54m[AndroidUiautomator2Driver@38c1]&amp#27;[0m Matched '/elements' to command name 'findElements'
&amp#27;[38;5;214m[54cb3698]&amp#27;[0m&amp#27;[38;5;-54m[AndroidUiautomator2Driver@38c1]&amp#27;[0m Proxying [POST /elements] to [POST http://127.0.0.1:8200/session/7af5b591-ed58-44b6-be45-0eb8b1fbd11d/elements] with body: {"strategy":"id","selector":"com.androidsample.generalstore:id/productName","context":"","multiple":true}
&amp#27;[38;5;214m[54cb3698]&amp#27;[0m&amp#27;[38;5;-54m[AndroidUiautomator2Driver@38c1]&amp#27;[0m Got response with status 200: {"sessionId":"7af5b591-ed58-44b6-be45-0eb8b1fbd11d","value":[]}
&amp#27;[38;5;214m[54cb3698]&amp#27;[0m&amp#27;[38;5;-54m[AndroidUiautomator2Driver@38c1]&amp#27;[0m Waited for 708 ms so far
&amp#27;[38;5;214m[54cb3698]&amp#27;[0m&amp#27;[38;5;-54m[AndroidUiautomator2Driver@38c1]&amp#27;[0m Matched '/elements' to command name 'findElements'
&amp#27;[38;5;214m[54cb3698]&amp#27;[0m&amp#27;[38;5;-54m[AndroidUiautomator2Driver@38c1]&amp#27;[0m Proxying [POST /elements] to [POST http://127.0.0.1:8200/session/7af5b591-ed58-44b6-be45-0eb8b1fbd11d/elements] with body: {"strategy":"id","selector":"com.androidsample.generalstore:id/productName","context":"","multiple":true}
&amp#27;[38;5;214m[54cb3698]&amp#27;[0m&amp#27;[38;5;-54m[AndroidUiautomator2Driver@38c1]&amp#27;[0m Got response with status 200: {"sessionId":"7af5b591-ed58-44b6-be45-0eb8b1fbd11d","value":[]}
&amp#27;[38;5;214m[54cb3698]&amp#27;[0m&amp#27;[38;5;-54m[AndroidUiautomator2Driver@38c1]&amp#27;[0m Waited for 1327 ms so far
&amp#27;[38;5;214m[54cb3698]&amp#27;[0m&amp#27;[38;5;-54m[AndroidUiautomator2Driver@38c1]&amp#27;[0m Matched '/elements' to command name 'findElements'
&amp#27;[38;5;214m[54cb3698]&amp#27;[0m&amp#27;[38;5;-54m[AndroidUiautomator2Driver@38c1]&amp#27;[0m Proxying [POST /elements] to [POST http://127.0.0.1:8200/session/7af5b591-ed58-44b6-be45-0eb8b1fbd11d/elements] with body: {"strategy":"id","selector":"com.androidsample.generalstore:id/productName","context":"","multiple":true}
&amp#27;[38;5;214m[54cb3698]&amp#27;[0m&amp#27;[38;5;-54m[AndroidUiautomator2Driver@38c1]&amp#27;[0m Got response with status 200: {"sessionId":"7af5b591-ed58-44b6-be45-0eb8b1fbd11d","value":[]}
&amp#27;[38;5;214m[54cb3698]&amp#27;[0m&amp#27;[38;5;-54m[AndroidUiautomator2Driver@38c1]&amp#27;[0m Waited for 1953 ms so far
&amp#27;[38;5;214m[54cb3698]&amp#27;[0m&amp#27;[38;5;-54m[AndroidUiautomator2Driver@38c1]&amp#27;[0m Matched '/elements' to command name 'findElements'
&amp#27;[38;5;214m[54cb3698]&amp#27;[0m&amp#27;[38;5;-54m[AndroidUiautomator2Driver@38c1]&amp#27;[0m Proxying [POST /elements] to [POST http://127.0.0.1:8200/session/7af5b591-ed58-44b6-be45-0eb8b1fbd11d/elements] with body: {"strategy":"id","selector":"com.androidsample.generalstore:id/productName","context":"","multiple":true}
&amp#27;[38;5;214m[54cb3698]&amp#27;[0m&amp#27;[38;5;-54m[AndroidUiautomator2Driver@38c1]&amp#27;[0m Got response with status 200: {"sessionId":"7af5b591-ed58-44b6-be45-0eb8b1fbd11d","value":[]}
&amp#27;[38;5;214m[54cb3698]&amp#27;[0m&amp#27;[38;5;-54m[AndroidUiautomator2Driver@38c1]&amp#27;[0m Waited for 2587 ms so far
&amp#27;[38;5;214m[54cb3698]&amp#27;[0m&amp#27;[38;5;-54m[AndroidUiautomator2Driver@38c1]&amp#27;[0m Matched '/elements' to command name 'findElements'
&amp#27;[38;5;214m[54cb3698]&amp#27;[0m&amp#27;[38;5;-54m[AndroidUiautomator2Driver@38c1]&amp#27;[0m Proxying [POST /elements] to [POST http://127.0.0.1:8200/session/7af5b591-ed58-44b6-be45-0eb8b1fbd11d/elements] with body: {"strategy":"id","selector":"com.androidsample.generalstore:id/productName","context":"","multiple":true}
&amp#27;[38;5;214m[54cb3698]&amp#27;[0m&amp#27;[38;5;-54m[AndroidUiautomator2Driver@38c1]&amp#27;[0m Got response with status 200: {"sessionId":"7af5b591-ed58-44b6-be45-0eb8b1fbd11d","value":[]}
&amp#27;[38;5;214m[54cb3698]&amp#27;[0m&amp#27;[38;5;-54m[AndroidUiautomator2Driver@38c1]&amp#27;[0m Waited for 3221 ms so far
&amp#27;[38;5;214m[54cb3698]&amp#27;[0m&amp#27;[38;5;-54m[AndroidUiautomator2Driver@38c1]&amp#27;[0m Matched '/elements' to command name 'findElements'
&amp#27;[38;5;214m[54cb3698]&amp#27;[0m&amp#27;[38;5;-54m[AndroidUiautomator2Driver@38c1]&amp#27;[0m Proxying [POST /elements] to [POST http://127.0.0.1:8200/session/7af5b591-ed58-44b6-be45-0eb8b1fbd11d/elements] with body: {"strategy":"id","selector":"com.androidsample.generalstore:id/productName","context":"","multiple":true}
&amp#27;[38;5;214m[54cb3698]&amp#27;[0m&amp#27;[38;5;-54m[AndroidUiautomator2Driver@38c1]&amp#27;[0m Got response with status 200: {"sessionId":"7af5b591-ed58-44b6-be45-0eb8b1fbd11d","value":[]}
&amp#27;[38;5;214m[54cb3698]&amp#27;[0m&amp#27;[38;5;-54m[AndroidUiautomator2Driver@38c1]&amp#27;[0m Waited for 3808 ms so far
&amp#27;[38;5;214m[54cb3698]&amp#27;[0m&amp#27;[38;5;-54m[AndroidUiautomator2Driver@38c1]&amp#27;[0m Matched '/elements' to command name 'findElements'
&amp#27;[38;5;214m[54cb3698]&amp#27;[0m&amp#27;[38;5;-54m[AndroidUiautomator2Driver@38c1]&amp#27;[0m Proxying [POST /elements] to [POST http://127.0.0.1:8200/session/7af5b591-ed58-44b6-be45-0eb8b1fbd11d/elements] with body: {"strategy":"id","selector":"com.androidsample.generalstore:id/productName","context":"","multiple":true}
&amp#27;[38;5;214m[54cb3698]&amp#27;[0m&amp#27;[38;5;-54m[AndroidUiautomator2Driver@38c1]&amp#27;[0m Got response with status 200: {"sessionId":"7af5b591-ed58-44b6-be45-0eb8b1fbd11d","value":[]}
&amp#27;[38;5;214m[54cb3698]&amp#27;[0m&amp#27;[38;5;-54m[AndroidUiautomator2Driver@38c1]&amp#27;[0m Waited for 4438 ms so far
&amp#27;[38;5;214m[54cb3698]&amp#27;[0m&amp#27;[38;5;-54m[AndroidUiautomator2Driver@38c1]&amp#27;[0m Matched '/elements' to command name 'findElements'
&amp#27;[38;5;214m[54cb3698]&amp#27;[0m&amp#27;[38;5;-54m[AndroidUiautomator2Driver@38c1]&amp#27;[0m Proxying [POST /elements] to [POST http://127.0.0.1:8200/session/7af5b591-ed58-44b6-be45-0eb8b1fbd11d/elements] with body: {"strategy":"id","selector":"com.androidsample.generalstore:id/productName","context":"","multiple":true}
&amp#27;[38;5;214m[54cb3698]&amp#27;[0m&amp#27;[38;5;-54m[AndroidUiautomator2Driver@38c1]&amp#27;[0m Got response with status 200: {"sessionId":"7af5b591-ed58-44b6-be45-0eb8b1fbd11d","value":[]}
&amp#27;[38;5;214m[54cb3698]&amp#27;[0m&amp#27;[38;5;-54m[AndroidUiautomator2Driver@38c1]&amp#27;[0m Waited for 5054 ms so far
&amp#27;[38;5;214m[54cb3698]&amp#27;[0m&amp#27;[38;5;-54m[AndroidUiautomator2Driver@38c1]&amp#27;[0m Matched '/elements' to command name 'findElements'
&amp#27;[38;5;214m[54cb3698]&amp#27;[0m&amp#27;[38;5;-54m[AndroidUiautomator2Driver@38c1]&amp#27;[0m Proxying [POST /elements] to [POST http://127.0.0.1:8200/session/7af5b591-ed58-44b6-be45-0eb8b1fbd11d/elements] with body: {"strategy":"id","selector":"com.androidsample.generalstore:id/productName","context":"","multiple":true}
&amp#27;[38;5;214m[54cb3698]&amp#27;[0m&amp#27;[38;5;-54m[AndroidUiautomator2Driver@38c1]&amp#27;[0m Got response with status 200: {"sessionId":"7af5b591-ed58-44b6-be45-0eb8b1fbd11d","value":[]}
&amp#27;[38;5;214m[54cb3698]&amp#27;[0m&amp#27;[38;5;-54m[AndroidUiautomator2Driver@38c1]&amp#27;[0m Waited for 5667 ms so far
&amp#27;[38;5;214m[54cb3698]&amp#27;[0m&amp#27;[38;5;-54m[AndroidUiautomator2Driver@38c1]&amp#27;[0m Matched '/elements' to command name 'findElements'
&amp#27;[38;5;214m[54cb3698]&amp#27;[0m&amp#27;[38;5;-54m[AndroidUiautomator2Driver@38c1]&amp#27;[0m Proxying [POST /elements] to [POST http://127.0.0.1:8200/session/7af5b591-ed58-44b6-be45-0eb8b1fbd11d/elements] with body: {"strategy":"id","selector":"com.androidsample.generalstore:id/productName","context":"","multiple":true}
&amp#27;[38;5;214m[54cb3698]&amp#27;[0m&amp#27;[38;5;-54m[AndroidUiautomator2Driver@38c1]&amp#27;[0m Got response with status 200: {"sessionId":"7af5b591-ed58-44b6-be45-0eb8b1fbd11d","value":[]}
&amp#27;[38;5;214m[54cb3698]&amp#27;[0m&amp#27;[38;5;-54m[AndroidUiautomator2Driver@38c1]&amp#27;[0m Waited for 6309 ms so far
&amp#27;[38;5;214m[54cb3698]&amp#27;[0m&amp#27;[38;5;-54m[AndroidUiautomator2Driver@38c1]&amp#27;[0m Matched '/elements' to command name 'findElements'
&amp#27;[38;5;214m[54cb3698]&amp#27;[0m&amp#27;[38;5;-54m[AndroidUiautomator2Driver@38c1]&amp#27;[0m Proxying [POST /elements] to [POST http://127.0.0.1:8200/session/7af5b591-ed58-44b6-be45-0eb8b1fbd11d/elements] with body: {"strategy":"id","selector":"com.androidsample.generalstore:id/productName","context":"","multiple":true}
&amp#27;[38;5;214m[54cb3698]&amp#27;[0m&amp#27;[38;5;-54m[AndroidUiautomator2Driver@38c1]&amp#27;[0m Got response with status 200: {"sessionId":"7af5b591-ed58-44b6-be45-0eb8b1fbd11d","value":[]}
&amp#27;[38;5;214m[54cb3698]&amp#27;[0m&amp#27;[38;5;-54m[AndroidUiautomator2Driver@38c1]&amp#27;[0m Waited for 6949 ms so far
&amp#27;[38;5;214m[54cb3698]&amp#27;[0m&amp#27;[38;5;-54m[AndroidUiautomator2Driver@38c1]&amp#27;[0m Matched '/elements' to command name 'findElements'
&amp#27;[38;5;214m[54cb3698]&amp#27;[0m&amp#27;[38;5;-54m[AndroidUiautomator2Driver@38c1]&amp#27;[0m Proxying [POST /elements] to [POST http://127.0.0.1:8200/session/7af5b591-ed58-44b6-be45-0eb8b1fbd11d/elements] with body: {"strategy":"id","selector":"com.androidsample.generalstore:id/productName","context":"","multiple":true}
&amp#27;[38;5;214m[54cb3698]&amp#27;[0m&amp#27;[38;5;-54m[AndroidUiautomator2Driver@38c1]&amp#27;[0m Got response with status 200: {"sessionId":"7af5b591-ed58-44b6-be45-0eb8b1fbd11d","value":[]}
&amp#27;[38;5;214m[54cb3698]&amp#27;[0m&amp#27;[38;5;-54m[AndroidUiautomator2Driver@38c1]&amp#27;[0m Waited for 7575 ms so far
&amp#27;[38;5;214m[54cb3698]&amp#27;[0m&amp#27;[38;5;-54m[AndroidUiautomator2Driver@38c1]&amp#27;[0m Matched '/elements' to command name 'findElements'
&amp#27;[38;5;214m[54cb3698]&amp#27;[0m&amp#27;[38;5;-54m[AndroidUiautomator2Driver@38c1]&amp#27;[0m Proxying [POST /elements] to [POST http://127.0.0.1:8200/session/7af5b591-ed58-44b6-be45-0eb8b1fbd11d/elements] with body: {"strategy":"id","selector":"com.androidsample.generalstore:id/productName","context":"","multiple":true}
&amp#27;[38;5;214m[54cb3698]&amp#27;[0m&amp#27;[38;5;-54m[AndroidUiautomator2Driver@38c1]&amp#27;[0m Got response with status 200: {"sessionId":"7af5b591-ed58-44b6-be45-0eb8b1fbd11d","value":[]}
&amp#27;[38;5;214m[54cb3698]&amp#27;[0m&amp#27;[38;5;-54m[AndroidUiautomator2Driver@38c1]&amp#27;[0m Waited for 8190 ms so far
&amp#27;[38;5;214m[54cb3698]&amp#27;[0m&amp#27;[38;5;-54m[AndroidUiautomator2Driver@38c1]&amp#27;[0m Matched '/elements' to command name 'findElements'
&amp#27;[38;5;214m[54cb3698]&amp#27;[0m&amp#27;[38;5;-54m[AndroidUiautomator2Driver@38c1]&amp#27;[0m Proxying [POST /elements] to [POST http://127.0.0.1:8200/session/7af5b591-ed58-44b6-be45-0eb8b1fbd11d/elements] with body: {"strategy":"id","selector":"com.androidsample.generalstore:id/productName","context":"","multiple":true}
&amp#27;[38;5;214m[54cb3698]&amp#27;[0m&amp#27;[38;5;-54m[AndroidUiautomator2Driver@38c1]&amp#27;[0m Got response with status 200: {"sessionId":"7af5b591-ed58-44b6-be45-0eb8b1fbd11d","value":[]}
&amp#27;[38;5;214m[54cb3698]&amp#27;[0m&amp#27;[38;5;-54m[AndroidUiautomator2Driver@38c1]&amp#27;[0m Waited for 8809 ms so far
&amp#27;[38;5;214m[54cb3698]&amp#27;[0m&amp#27;[38;5;-54m[AndroidUiautomator2Driver@38c1]&amp#27;[0m Matched '/elements' to command name 'findElements'
&amp#27;[38;5;214m[54cb3698]&amp#27;[0m&amp#27;[38;5;-54m[AndroidUiautomator2Driver@38c1]&amp#27;[0m Proxying [POST /elements] to [POST http://127.0.0.1:8200/session/7af5b591-ed58-44b6-be45-0eb8b1fbd11d/elements] with body: {"strategy":"id","selector":"com.androidsample.generalstore:id/productName","context":"","multiple":true}
&amp#27;[38;5;214m[54cb3698]&amp#27;[0m&amp#27;[38;5;-54m[AndroidUiautomator2Driver@38c1]&amp#27;[0m Got response with status 200: {"sessionId":"7af5b591-ed58-44b6-be45-0eb8b1fbd11d","value":[]}
&amp#27;[38;5;214m[54cb3698]&amp#27;[0m&amp#27;[38;5;-54m[AndroidUiautomator2Driver@38c1]&amp#27;[0m Waited for 9423 ms so far
&amp#27;[38;5;214m[54cb3698]&amp#27;[0m&amp#27;[38;5;-54m[AndroidUiautomator2Driver@38c1]&amp#27;[0m Matched '/elements' to command name 'findElements'
&amp#27;[38;5;214m[54cb3698]&amp#27;[0m&amp#27;[38;5;-54m[AndroidUiautomator2Driver@38c1]&amp#27;[0m Proxying [POST /elements] to [POST http://127.0.0.1:8200/session/7af5b591-ed58-44b6-be45-0eb8b1fbd11d/elements] with body: {"strategy":"id","selector":"com.androidsample.generalstore:id/productName","context":"","multiple":true}
&amp#27;[38;5;214m[54cb3698]&amp#27;[0m&amp#27;[38;5;-54m[AndroidUiautomator2Driver@38c1]&amp#27;[0m Got response with status 200: {"sessionId":"7af5b591-ed58-44b6-be45-0eb8b1fbd11d","value":[]}
&amp#27;[38;5;214m[54cb3698]&amp#27;[0m&amp#27;[38;5;-54m[AndroidUiautomator2Driver@38c1]&amp#27;[0m Waited for 10115 ms so far
&amp#27;[38;5;214m[54cb3698]&amp#27;[0m&amp#27;[38;5;-54m[AndroidUiautomator2Driver@38c1]&amp#27;[0m Matched '/elements' to command name 'findElements'
&amp#27;[38;5;214m[54cb3698]&amp#27;[0m&amp#27;[38;5;-54m[AndroidUiautomator2Driver@38c1]&amp#27;[0m Proxying [POST /elements] to [POST http://127.0.0.1:8200/session/7af5b591-ed58-44b6-be45-0eb8b1fbd11d/elements] with body: {"strategy":"id","selector":"com.androidsample.generalstore:id/productName","context":"","multiple":true}
&amp#27;[38;5;214m[54cb3698]&amp#27;[0m&amp#27;[38;5;-54m[AndroidUiautomator2Driver@38c1]&amp#27;[0m Got response with status 200: {"sessionId":"7af5b591-ed58-44b6-be45-0eb8b1fbd11d","value":[]}
&amp#27;[38;5;214m[54cb3698]&amp#27;[0m&amp#27;[38;5;-54m[AndroidUiautomator2Driver@38c1]&amp#27;[0m Waited for 10717 ms so far
&amp#27;[38;5;214m[54cb3698]&amp#27;[0m&amp#27;[38;5;-54m[AndroidUiautomator2Driver@38c1]&amp#27;[0m Matched '/elements' to command name 'findElements'
&amp#27;[38;5;214m[54cb3698]&amp#27;[0m&amp#27;[38;5;-54m[AndroidUiautomator2Driver@38c1]&amp#27;[0m Proxying [POST /elements] to [POST http://127.0.0.1:8200/session/7af5b591-ed58-44b6-be45-0eb8b1fbd11d/elements] with body: {"strategy":"id","selector":"com.androidsample.generalstore:id/productName","context":"","multiple":true}
&amp#27;[38;5;214m[54cb3698]&amp#27;[0m&amp#27;[38;5;-54m[AndroidUiautomator2Driver@38c1]&amp#27;[0m Got response with status 200: {"sessionId":"7af5b591-ed58-44b6-be45-0eb8b1fbd11d","value":[]}
&amp#27;[38;5;214m[54cb3698]&amp#27;[0m&amp#27;[38;5;-54m[AndroidUiautomator2Driver@38c1]&amp#27;[0m Waited for 11339 ms so far
&amp#27;[38;5;214m[54cb3698]&amp#27;[0m&amp#27;[38;5;-54m[AndroidUiautomator2Driver@38c1]&amp#27;[0m Matched '/elements' to command name 'findElements'
&amp#27;[38;5;214m[54cb3698]&amp#27;[0m&amp#27;[38;5;-54m[AndroidUiautomator2Driver@38c1]&amp#27;[0m Proxying [POST /elements] to [POST http://127.0.0.1:8200/session/7af5b591-ed58-44b6-be45-0eb8b1fbd11d/elements] with body: {"strategy":"id","selector":"com.androidsample.generalstore:id/productName","context":"","multiple":true}
&amp#27;[38;5;214m[54cb3698]&amp#27;[0m&amp#27;[38;5;-54m[AndroidUiautomator2Driver@38c1]&amp#27;[0m Got response with status 200: {"sessionId":"7af5b591-ed58-44b6-be45-0eb8b1fbd11d","value":[]}
&amp#27;[38;5;214m[54cb3698]&amp#27;[0m&amp#27;[38;5;-54m[AndroidUiautomator2Driver@38c1]&amp#27;[0m Waited for 11954 ms so far
&amp#27;[38;5;214m[54cb3698]&amp#27;[0m&amp#27;[38;5;-54m[AndroidUiautomator2Driver@38c1]&amp#27;[0m Matched '/elements' to command name 'findElements'
&amp#27;[38;5;214m[54cb3698]&amp#27;[0m&amp#27;[38;5;-54m[AndroidUiautomator2Driver@38c1]&amp#27;[0m Proxying [POST /elements] to [POST http://127.0.0.1:8200/session/7af5b591-ed58-44b6-be45-0eb8b1fbd11d/elements] with body: {"strategy":"id","selector":"com.androidsample.generalstore:id/productName","context":"","multiple":true}
&amp#27;[38;5;214m[54cb3698]&amp#27;[0m&amp#27;[38;5;-54m[AndroidUiautomator2Driver@38c1]&amp#27;[0m Got response with status 200: {"sessionId":"7af5b591-ed58-44b6-be45-0eb8b1fbd11d","value":[]}
&amp#27;[38;5;214m[54cb3698]&amp#27;[0m&amp#27;[38;5;-54m[AndroidUiautomator2Driver@38c1]&amp#27;[0m Waited for 12595 ms so far
&amp#27;[38;5;214m[54cb3698]&amp#27;[0m&amp#27;[38;5;-54m[AndroidUiautomator2Driver@38c1]&amp#27;[0m Matched '/elements' to command name 'findElements'
&amp#27;[38;5;214m[54cb3698]&amp#27;[0m&amp#27;[38;5;-54m[AndroidUiautomator2Driver@38c1]&amp#27;[0m Proxying [POST /elements] to [POST http://127.0.0.1:8200/session/7af5b591-ed58-44b6-be45-0eb8b1fbd11d/elements] with body: {"strategy":"id","selector":"com.androidsample.generalstore:id/productName","context":"","multiple":true}
&amp#27;[38;5;214m[54cb3698]&amp#27;[0m&amp#27;[38;5;-54m[AndroidUiautomator2Driver@38c1]&amp#27;[0m Got response with status 200: {"sessionId":"7af5b591-ed58-44b6-be45-0eb8b1fbd11d","value":[]}
&amp#27;[38;5;214m[54cb3698]&amp#27;[0m&amp#27;[38;5;-54m[AndroidUiautomator2Driver@38c1]&amp#27;[0m Waited for 13226 ms so far
&amp#27;[38;5;214m[54cb3698]&amp#27;[0m&amp#27;[38;5;-54m[AndroidUiautomator2Driver@38c1]&amp#27;[0m Matched '/elements' to command name 'findElements'
&amp#27;[38;5;214m[54cb3698]&amp#27;[0m&amp#27;[38;5;-54m[AndroidUiautomator2Driver@38c1]&amp#27;[0m Proxying [POST /elements] to [POST http://127.0.0.1:8200/session/7af5b591-ed58-44b6-be45-0eb8b1fbd11d/elements] with body: {"strategy":"id","selector":"com.androidsample.generalstore:id/productName","context":"","multiple":true}
&amp#27;[38;5;214m[54cb3698]&amp#27;[0m&amp#27;[38;5;-54m[AndroidUiautomator2Driver@38c1]&amp#27;[0m Got response with status 200: {"sessionId":"7af5b591-ed58-44b6-be45-0eb8b1fbd11d","value":[]}
&amp#27;[38;5;214m[54cb3698]&amp#27;[0m&amp#27;[38;5;-54m[AndroidUiautomator2Driver@38c1]&amp#27;[0m Waited for 13843 ms so far
&amp#27;[38;5;214m[54cb3698]&amp#27;[0m&amp#27;[38;5;-54m[AndroidUiautomator2Driver@38c1]&amp#27;[0m Matched '/elements' to command name 'findElements'
&amp#27;[38;5;214m[54cb3698]&amp#27;[0m&amp#27;[38;5;-54m[AndroidUiautomator2Driver@38c1]&amp#27;[0m Proxying [POST /elements] to [POST http://127.0.0.1:8200/session/7af5b591-ed58-44b6-be45-0eb8b1fbd11d/elements] with body: {"strategy":"id","selector":"com.androidsample.generalstore:id/productName","context":"","multiple":true}
&amp#27;[38;5;214m[54cb3698]&amp#27;[0m&amp#27;[38;5;-54m[AndroidUiautomator2Driver@38c1]&amp#27;[0m Got response with status 200: {"sessionId":"7af5b591-ed58-44b6-be45-0eb8b1fbd11d","value":[]}
&amp#27;[38;5;214m[54cb3698]&amp#27;[0m&amp#27;[38;5;-54m[AndroidUiautomator2Driver@38c1]&amp#27;[0m Waited for 14444 ms so far
&amp#27;[38;5;214m[54cb3698]&amp#27;[0m&amp#27;[38;5;-54m[AndroidUiautomator2Driver@38c1]&amp#27;[0m Matched '/elements' to command name 'findElements'
&amp#27;[38;5;214m[54cb3698]&amp#27;[0m&amp#27;[38;5;-54m[AndroidUiautomator2Driver@38c1]&amp#27;[0m Proxying [POST /elements] to [POST http://127.0.0.1:8200/session/7af5b591-ed58-44b6-be45-0eb8b1fbd11d/elements] with body: {"strategy":"id","selector":"com.androidsample.generalstore:id/productName","context":"","multiple":true}
&amp#27;[38;5;214m[54cb3698]&amp#27;[0m&amp#27;[38;5;-54m[AndroidUiautomator2Driver@38c1]&amp#27;[0m Got response with status 200: {"sessionId":"7af5b591-ed58-44b6-be45-0eb8b1fbd11d","value":[]}
&amp#27;[38;5;214m[54cb3698]&amp#27;[0m&amp#27;[38;5;-54m[AndroidUiautomator2Driver@38c1]&amp#27;[0m Waited for 15056 ms so far
&amp#27;[38;5;214m[54cb3698]&amp#27;[0m&amp#27;[38;5;-54m[AndroidUiautomator2Driver@38c1]&amp#27;[0m Matched '/elements' to command name 'findElements'
&amp#27;[38;5;214m[54cb3698]&amp#27;[0m&amp#27;[38;5;-54m[AndroidUiautomator2Driver@38c1]&amp#27;[0m Proxying [POST /elements] to [POST http://127.0.0.1:8200/session/7af5b591-ed58-44b6-be45-0eb8b1fbd11d/elements] with body: {"strategy":"id","selector":"com.androidsample.generalstore:id/productName","context":"","multiple":true}
&amp#27;[38;5;214m[54cb3698]&amp#27;[0m&amp#27;[38;5;-54m[AndroidUiautomator2Driver@38c1]&amp#27;[0m Got response with status 200: {"sessionId":"7af5b591-ed58-44b6-be45-0eb8b1fbd11d","value":[]}
&amp#27;[38;5;214m[54cb3698]&amp#27;[0m&amp#27;[38;5;-54m[AndroidUiautomator2Driver@38c1]&amp#27;[0m Waited for 15695 ms so far
&amp#27;[38;5;214m[54cb3698]&amp#27;[0m&amp#27;[38;5;-54m[AndroidUiautomator2Driver@38c1]&amp#27;[0m Matched '/elements' to command name 'findElements'
&amp#27;[38;5;214m[54cb3698]&amp#27;[0m&amp#27;[38;5;-54m[AndroidUiautomator2Driver@38c1]&amp#27;[0m Proxying [POST /elements] to [POST http://127.0.0.1:8200/session/7af5b591-ed58-44b6-be45-0eb8b1fbd11d/elements] with body: {"strategy":"id","selector":"com.androidsample.generalstore:id/productName","context":"","multiple":true}
&amp#27;[38;5;214m[54cb3698]&amp#27;[0m&amp#27;[38;5;-54m[AndroidUiautomator2Driver@38c1]&amp#27;[0m Got response with status 200: {"sessionId":"7af5b591-ed58-44b6-be45-0eb8b1fbd11d","value":[]}
&amp#27;[38;5;214m[54cb3698]&amp#27;[0m&amp#27;[38;5;-54m[AndroidUiautomator2Driver@38c1]&amp#27;[0m Waited for 16302 ms so far
&amp#27;[38;5;214m[54cb3698]&amp#27;[0m&amp#27;[38;5;-54m[AndroidUiautomator2Driver@38c1]&amp#27;[0m Matched '/elements' to command name 'findElements'
&amp#27;[38;5;214m[54cb3698]&amp#27;[0m&amp#27;[38;5;-54m[AndroidUiautomator2Driver@38c1]&amp#27;[0m Proxying [POST /elements] to [POST http://127.0.0.1:8200/session/7af5b591-ed58-44b6-be45-0eb8b1fbd11d/elements] with body: {"strategy":"id","selector":"com.androidsample.generalstore:id/productName","context":"","multiple":true}
&amp#27;[38;5;214m[54cb3698]&amp#27;[0m&amp#27;[38;5;-54m[AndroidUiautomator2Driver@38c1]&amp#27;[0m Got response with status 200: {"sessionId":"7af5b591-ed58-44b6-be45-0eb8b1fbd11d","value":[]}
&amp#27;[38;5;214m[54cb3698]&amp#27;[0m&amp#27;[38;5;-54m[AndroidUiautomator2Driver@38c1]&amp#27;[0m Waited for 16920 ms so far
&amp#27;[38;5;214m[54cb3698]&amp#27;[0m&amp#27;[38;5;-54m[AndroidUiautomator2Driver@38c1]&amp#27;[0m Matched '/elements' to command name 'findElements'
&amp#27;[38;5;214m[54cb3698]&amp#27;[0m&amp#27;[38;5;-54m[AndroidUiautomator2Driver@38c1]&amp#27;[0m Proxying [POST /elements] to [POST http://127.0.0.1:8200/session/7af5b591-ed58-44b6-be45-0eb8b1fbd11d/elements] with body: {"strategy":"id","selector":"com.androidsample.generalstore:id/productName","context":"","multiple":true}
&amp#27;[38;5;214m[54cb3698]&amp#27;[0m&amp#27;[38;5;-54m[AndroidUiautomator2Driver@38c1]&amp#27;[0m Got response with status 200: {"sessionId":"7af5b591-ed58-44b6-be45-0eb8b1fbd11d","value":[]}
&amp#27;[38;5;214m[54cb3698]&amp#27;[0m&amp#27;[38;5;-54m[AndroidUiautomator2Driver@38c1]&amp#27;[0m Waited for 17533 ms so far
&amp#27;[38;5;214m[54cb3698]&amp#27;[0m&amp#27;[38;5;-54m[AndroidUiautomator2Driver@38c1]&amp#27;[0m Matched '/elements' to command name 'findElements'
&amp#27;[38;5;214m[54cb3698]&amp#27;[0m&amp#27;[38;5;-54m[AndroidUiautomator2Driver@38c1]&amp#27;[0m Proxying [POST /elements] to [POST http://127.0.0.1:8200/session/7af5b591-ed58-44b6-be45-0eb8b1fbd11d/elements] with body: {"strategy":"id","selector":"com.androidsample.generalstore:id/productName","context":"","multiple":true}
&amp#27;[38;5;214m[54cb3698]&amp#27;[0m&amp#27;[38;5;-54m[AndroidUiautomator2Driver@38c1]&amp#27;[0m Got response with status 200: {"sessionId":"7af5b591-ed58-44b6-be45-0eb8b1fbd11d","value":[]}
&amp#27;[38;5;214m[54cb3698]&amp#27;[0m&amp#27;[38;5;-54m[AndroidUiautomator2Driver@38c1]&amp#27;[0m Waited for 18167 ms so far
&amp#27;[38;5;214m[54cb3698]&amp#27;[0m&amp#27;[38;5;-54m[AndroidUiautomator2Driver@38c1]&amp#27;[0m Matched '/elements' to command name 'findElements'
&amp#27;[38;5;214m[54cb3698]&amp#27;[0m&amp#27;[38;5;-54m[AndroidUiautomator2Driver@38c1]&amp#27;[0m Proxying [POST /elements] to [POST http://127.0.0.1:8200/session/7af5b591-ed58-44b6-be45-0eb8b1fbd11d/elements] with body: {"strategy":"id","selector":"com.androidsample.generalstore:id/productName","context":"","multiple":true}
&amp#27;[38;5;214m[54cb3698]&amp#27;[0m&amp#27;[38;5;-54m[AndroidUiautomator2Driver@38c1]&amp#27;[0m Got response with status 200: {"sessionId":"7af5b591-ed58-44b6-be45-0eb8b1fbd11d","value":[]}
&amp#27;[38;5;214m[54cb3698]&amp#27;[0m&amp#27;[38;5;-54m[AndroidUiautomator2Driver@38c1]&amp#27;[0m Waited for 18759 ms so far
&amp#27;[38;5;214m[54cb3698]&amp#27;[0m&amp#27;[38;5;-54m[AndroidUiautomator2Driver@38c1]&amp#27;[0m Matched '/elements' to command name 'findElements'
&amp#27;[38;5;214m[54cb3698]&amp#27;[0m&amp#27;[38;5;-54m[AndroidUiautomator2Driver@38c1]&amp#27;[0m Proxying [POST /elements] to [POST http://127.0.0.1:8200/session/7af5b591-ed58-44b6-be45-0eb8b1fbd11d/elements] with body: {"strategy":"id","selector":"com.androidsample.generalstore:id/productName","context":"","multiple":true}
&amp#27;[38;5;214m[54cb3698]&amp#27;[0m&amp#27;[38;5;-54m[AndroidUiautomator2Driver@38c1]&amp#27;[0m Got response with status 200: {"sessionId":"7af5b591-ed58-44b6-be45-0eb8b1fbd11d","value":[]}
&amp#27;[38;5;214m[54cb3698]&amp#27;[0m&amp#27;[38;5;-54m[AndroidUiautomator2Driver@38c1]&amp#27;[0m Waited for 19373 ms so far
&amp#27;[38;5;214m[54cb3698]&amp#27;[0m&amp#27;[38;5;-54m[AndroidUiautomator2Driver@38c1]&amp#27;[0m Matched '/elements' to command name 'findElements'
&amp#27;[38;5;214m[54cb3698]&amp#27;[0m&amp#27;[38;5;-54m[AndroidUiautomator2Driver@38c1]&amp#27;[0m Proxying [POST /elements] to [POST http://127.0.0.1:8200/session/7af5b591-ed58-44b6-be45-0eb8b1fbd11d/elements] with body: {"strategy":"id","selector":"com.androidsample.generalstore:id/productName","context":"","multiple":true}
&amp#27;[38;5;214m[54cb3698]&amp#27;[0m&amp#27;[38;5;-54m[AndroidUiautomator2Driver@38c1]&amp#27;[0m Got response with status 200: {"sessionId":"7af5b591-ed58-44b6-be45-0eb8b1fbd11d","value":[]}
&amp#27;[38;5;214m[54cb3698]&amp#27;[0m&amp#27;[38;5;-54m[AndroidUiautomator2Driver@38c1]&amp#27;[0m Waited for 19935 ms so far
&amp#27;[38;5;214m[54cb3698]&amp#27;[0m&amp#27;[38;5;-54m[AndroidUiautomator2Driver@38c1]&amp#27;[0m Matched '/elements' to command name 'findElements'
&amp#27;[38;5;214m[54cb3698]&amp#27;[0m&amp#27;[38;5;-54m[AndroidUiautomator2Driver@38c1]&amp#27;[0m Proxying [POST /elements] to [POST http://127.0.0.1:8200/session/7af5b591-ed58-44b6-be45-0eb8b1fbd11d/elements] with body: {"strategy":"id","selector":"com.androidsample.generalstore:id/productName","context":"","multiple":true}
&amp#27;[38;5;214m[54cb3698]&amp#27;[0m&amp#27;[38;5;-54m[AndroidUiautomator2Driver@38c1]&amp#27;[0m Got response with status 200: {"sessionId":"7af5b591-ed58-44b6-be45-0eb8b1fbd11d","value":[]}
&amp#27;[38;5;214m[54cb3698]&amp#27;[0m&amp#27;[38;5;-54m[AndroidUiautomator2Driver@38c1]&amp#27;[0m Responding to client with driver.findElements() result: []
&amp#27;[38;5;214m[54cb3698]&amp#27;[0m&amp#27;[38;5;86m[HTTP]&amp#27;[0m &amp#27;[37m<-- POST /session/54cb3698-e03f-4cbd-b4e9-fe0dcbe108de/elements &amp#27;[39m&amp#27;[32m200&amp#27;[39m &amp#27;[90m20107 ms - 12&amp#27;[39m &amp#27;[90m&amp#27;[39m
&amp#27;[38;5;214m[54cb3698]&amp#27;[0m&amp#27;[38;5;86m[HTTP]&amp#27;[0m &amp#27;[37m-->&amp#27;[39m &amp#27;[37mGET&amp#27;[39m &amp#27;[37m/session/54cb3698-e03f-4cbd-b4e9-fe0dcbe108de/context&amp#27;[39m &amp#27;[90m{}&amp#27;[39m
&amp#27;[38;5;214m[54cb3698]&amp#27;[0m&amp#27;[38;5;-54m[AndroidUiautomator2Driver@38c1]&amp#27;[0m Calling AppiumDriver.getCurrentContext() with args: ["54cb3698-e03f-4cbd-b4e9-fe0dcbe108de"]
&amp#27;[38;5;214m[54cb3698]&amp#27;[0m&amp#27;[38;5;-54m[AndroidUiautomator2Driver@38c1]&amp#27;[0m Responding to client with driver.getCurrentContext() result: "NATIVE_APP"
&amp#27;[38;5;214m[54cb3698]&amp#27;[0m&amp#27;[38;5;86m[HTTP]&amp#27;[0m &amp#27;[37m<-- GET /session/54cb3698-e03f-4cbd-b4e9-fe0dcbe108de/context &amp#27;[39m&amp#27;[32m200&amp#27;[39m &amp#27;[90m3 ms - 22&amp#27;[39m &amp#27;[90m&amp#27;[39m
&amp#27;[38;5;214m[54cb3698]&amp#27;[0m&amp#27;[38;5;86m[HTTP]&amp#27;[0m &amp#27;[37m-->&amp#27;[39m &amp#27;[37mPOST&amp#27;[39m &amp#27;[37m/session/54cb3698-e03f-4cbd-b4e9-fe0dcbe108de/elements&amp#27;[39m &amp#27;[90m{"using":"id","value":"com.androidsample.generalstore:id/productAddCart"}&amp#27;[39m
&amp#27;[38;5;214m[54cb3698]&amp#27;[0m&amp#27;[38;5;-54m[AndroidUiautomator2Driver@38c1]&amp#27;[0m Calling AppiumDriver.findElements() with args: ["id","com.androidsample.generalstore:id/productAddCart","54cb3698-e03f-4cbd-b4e9-fe0dcbe108de"]
&amp#27;[38;5;214m[54cb3698]&amp#27;[0m&amp#27;[38;5;-54m[AndroidUiautomator2Driver@38c1]&amp#27;[0m Valid locator strategies for this request: xpath, id, class name, accessibility id, css selector, -android uiautomator
&amp#27;[38;5;214m[54cb3698]&amp#27;[0m&amp#27;[38;5;-54m[AndroidUiautomator2Driver@38c1]&amp#27;[0m Waiting up to 20000 ms for condition
&amp#27;[38;5;214m[54cb3698]&amp#27;[0m&amp#27;[38;5;-54m[AndroidUiautomator2Driver@38c1]&amp#27;[0m Matched '/elements' to command name 'findElements'
&amp#27;[38;5;214m[54cb3698]&amp#27;[0m&amp#27;[38;5;-54m[AndroidUiautomator2Driver@38c1]&amp#27;[0m Proxying [POST /elements] to [POST http://127.0.0.1:8200/session/7af5b591-ed58-44b6-be45-0eb8b1fbd11d/elements] with body: {"strategy":"id","selector":"com.androidsample.generalstore:id/productAddCart","context":"","multiple":true}
&amp#27;[38;5;214m[54cb3698]&amp#27;[0m&amp#27;[38;5;-54m[AndroidUiautomator2Driver@38c1]&amp#27;[0m Got response with status 200: {"sessionId":"7af5b591-ed58-44b6-be45-0eb8b1fbd11d","value":[]}
&amp#27;[38;5;214m[54cb3698]&amp#27;[0m&amp#27;[38;5;-54m[AndroidUiautomator2Driver@38c1]&amp#27;[0m Waited for 87 ms so far
&amp#27;[38;5;214m[54cb3698]&amp#27;[0m&amp#27;[38;5;-54m[AndroidUiautomator2Driver@38c1]&amp#27;[0m Matched '/elements' to command name 'findElements'
&amp#27;[38;5;214m[54cb3698]&amp#27;[0m&amp#27;[38;5;-54m[AndroidUiautomator2Driver@38c1]&amp#27;[0m Proxying [POST /elements] to [POST http://127.0.0.1:8200/session/7af5b591-ed58-44b6-be45-0eb8b1fbd11d/elements] with body: {"strategy":"id","selector":"com.androidsample.generalstore:id/productAddCart","context":"","multiple":true}
&amp#27;[38;5;214m[54cb3698]&amp#27;[0m&amp#27;[38;5;-54m[AndroidUiautomator2Driver@38c1]&amp#27;[0m Got response with status 200: {"sessionId":"7af5b591-ed58-44b6-be45-0eb8b1fbd11d","value":[]}
&amp#27;[38;5;214m[54cb3698]&amp#27;[0m&amp#27;[38;5;-54m[AndroidUiautomator2Driver@38c1]&amp#27;[0m Waited for 706 ms so far
&amp#27;[38;5;214m[54cb3698]&amp#27;[0m&amp#27;[38;5;-54m[AndroidUiautomator2Driver@38c1]&amp#27;[0m Matched '/elements' to command name 'findElements'
&amp#27;[38;5;214m[54cb3698]&amp#27;[0m&amp#27;[38;5;-54m[AndroidUiautomator2Driver@38c1]&amp#27;[0m Proxying [POST /elements] to [POST http://127.0.0.1:8200/session/7af5b591-ed58-44b6-be45-0eb8b1fbd11d/elements] with body: {"strategy":"id","selector":"com.androidsample.generalstore:id/productAddCart","context":"","multiple":true}
&amp#27;[38;5;214m[54cb3698]&amp#27;[0m&amp#27;[38;5;-54m[AndroidUiautomator2Driver@38c1]&amp#27;[0m Got response with status 200: {"sessionId":"7af5b591-ed58-44b6-be45-0eb8b1fbd11d","value":[]}
&amp#27;[38;5;214m[54cb3698]&amp#27;[0m&amp#27;[38;5;-54m[AndroidUiautomator2Driver@38c1]&amp#27;[0m Waited for 1333 ms so far
&amp#27;[38;5;214m[54cb3698]&amp#27;[0m&amp#27;[38;5;-54m[AndroidUiautomator2Driver@38c1]&amp#27;[0m Matched '/elements' to command name 'findElements'
&amp#27;[38;5;214m[54cb3698]&amp#27;[0m&amp#27;[38;5;-54m[AndroidUiautomator2Driver@38c1]&amp#27;[0m Proxying [POST /elements] to [POST http://127.0.0.1:8200/session/7af5b591-ed58-44b6-be45-0eb8b1fbd11d/elements] with body: {"strategy":"id","selector":"com.androidsample.generalstore:id/productAddCart","context":"","multiple":true}
&amp#27;[38;5;214m[54cb3698]&amp#27;[0m&amp#27;[38;5;-54m[AndroidUiautomator2Driver@38c1]&amp#27;[0m Got response with status 200: {"sessionId":"7af5b591-ed58-44b6-be45-0eb8b1fbd11d","value":[]}
&amp#27;[38;5;214m[54cb3698]&amp#27;[0m&amp#27;[38;5;-54m[AndroidUiautomator2Driver@38c1]&amp#27;[0m Waited for 1942 ms so far
&amp#27;[38;5;214m[54cb3698]&amp#27;[0m&amp#27;[38;5;-54m[AndroidUiautomator2Driver@38c1]&amp#27;[0m Matched '/elements' to command name 'findElements'
&amp#27;[38;5;214m[54cb3698]&amp#27;[0m&amp#27;[38;5;-54m[AndroidUiautomator2Driver@38c1]&amp#27;[0m Proxying [POST /elements] to [POST http://127.0.0.1:8200/session/7af5b591-ed58-44b6-be45-0eb8b1fbd11d/elements] with body: {"strategy":"id","selector":"com.androidsample.generalstore:id/productAddCart","context":"","multiple":true}
&amp#27;[38;5;214m[54cb3698]&amp#27;[0m&amp#27;[38;5;-54m[AndroidUiautomator2Driver@38c1]&amp#27;[0m Got response with status 200: {"sessionId":"7af5b591-ed58-44b6-be45-0eb8b1fbd11d","value":[]}
&amp#27;[38;5;214m[54cb3698]&amp#27;[0m&amp#27;[38;5;-54m[AndroidUiautomator2Driver@38c1]&amp#27;[0m Waited for 2540 ms so far
&amp#27;[38;5;214m[54cb3698]&amp#27;[0m&amp#27;[38;5;-54m[AndroidUiautomator2Driver@38c1]&amp#27;[0m Matched '/elements' to command name 'findElements'
&amp#27;[38;5;214m[54cb3698]&amp#27;[0m&amp#27;[38;5;-54m[AndroidUiautomator2Driver@38c1]&amp#27;[0m Proxying [POST /elements] to [POST http://127.0.0.1:8200/session/7af5b591-ed58-44b6-be45-0eb8b1fbd11d/elements] with body: {"strategy":"id","selector":"com.androidsample.generalstore:id/productAddCart","context":"","multiple":true}
&amp#27;[38;5;214m[54cb3698]&amp#27;[0m&amp#27;[38;5;-54m[AndroidUiautomator2Driver@38c1]&amp#27;[0m Got response with status 200: {"sessionId":"7af5b591-ed58-44b6-be45-0eb8b1fbd11d","value":[]}
&amp#27;[38;5;214m[54cb3698]&amp#27;[0m&amp#27;[38;5;-54m[AndroidUiautomator2Driver@38c1]&amp#27;[0m Waited for 3146 ms so far
&amp#27;[38;5;214m[54cb3698]&amp#27;[0m&amp#27;[38;5;-54m[AndroidUiautomator2Driver@38c1]&amp#27;[0m Matched '/elements' to command name 'findElements'
&amp#27;[38;5;214m[54cb3698]&amp#27;[0m&amp#27;[38;5;-54m[AndroidUiautomator2Driver@38c1]&amp#27;[0m Proxying [POST /elements] to [POST http://127.0.0.1:8200/session/7af5b591-ed58-44b6-be45-0eb8b1fbd11d/elements] with body: {"strategy":"id","selector":"com.androidsample.generalstore:id/productAddCart","context":"","multiple":true}
&amp#27;[38;5;214m[54cb3698]&amp#27;[0m&amp#27;[38;5;-54m[AndroidUiautomator2Driver@38c1]&amp#27;[0m Got response with status 200: {"sessionId":"7af5b591-ed58-44b6-be45-0eb8b1fbd11d","value":[]}
&amp#27;[38;5;214m[54cb3698]&amp#27;[0m&amp#27;[38;5;-54m[AndroidUiautomator2Driver@38c1]&amp#27;[0m Waited for 3729 ms so far
&amp#27;[38;5;214m[54cb3698]&amp#27;[0m&amp#27;[38;5;-54m[AndroidUiautomator2Driver@38c1]&amp#27;[0m Matched '/elements' to command name 'findElements'
&amp#27;[38;5;214m[54cb3698]&amp#27;[0m&amp#27;[38;5;-54m[AndroidUiautomator2Driver@38c1]&amp#27;[0m Proxying [POST /elements] to [POST http://127.0.0.1:8200/session/7af5b591-ed58-44b6-be45-0eb8b1fbd11d/elements] with body: {"strategy":"id","selector":"com.androidsample.generalstore:id/productAddCart","context":"","multiple":true}
&amp#27;[38;5;214m[54cb3698]&amp#27;[0m&amp#27;[38;5;-54m[AndroidUiautomator2Driver@38c1]&amp#27;[0m Got response with status 200: {"sessionId":"7af5b591-ed58-44b6-be45-0eb8b1fbd11d","value":[]}
&amp#27;[38;5;214m[54cb3698]&amp#27;[0m&amp#27;[38;5;-54m[AndroidUiautomator2Driver@38c1]&amp#27;[0m Waited for 4331 ms so far
&amp#27;[38;5;214m[54cb3698]&amp#27;[0m&amp#27;[38;5;-54m[AndroidUiautomator2Driver@38c1]&amp#27;[0m Matched '/elements' to command name 'findElements'
&amp#27;[38;5;214m[54cb3698]&amp#27;[0m&amp#27;[38;5;-54m[AndroidUiautomator2Driver@38c1]&amp#27;[0m Proxying [POST /elements] to [POST http://127.0.0.1:8200/session/7af5b591-ed58-44b6-be45-0eb8b1fbd11d/elements] with body: {"strategy":"id","selector":"com.androidsample.generalstore:id/productAddCart","context":"","multiple":true}
&amp#27;[38;5;214m[54cb3698]&amp#27;[0m&amp#27;[38;5;-54m[AndroidUiautomator2Driver@38c1]&amp#27;[0m Got response with status 200: {"sessionId":"7af5b591-ed58-44b6-be45-0eb8b1fbd11d","value":[]}
&amp#27;[38;5;214m[54cb3698]&amp#27;[0m&amp#27;[38;5;-54m[AndroidUiautomator2Driver@38c1]&amp#27;[0m Waited for 4952 ms so far
&amp#27;[38;5;214m[54cb3698]&amp#27;[0m&amp#27;[38;5;-54m[AndroidUiautomator2Driver@38c1]&amp#27;[0m Matched '/elements' to command name 'findElements'
&amp#27;[38;5;214m[54cb3698]&amp#27;[0m&amp#27;[38;5;-54m[AndroidUiautomator2Driver@38c1]&amp#27;[0m Proxying [POST /elements] to [POST http://127.0.0.1:8200/session/7af5b591-ed58-44b6-be45-0eb8b1fbd11d/elements] with body: {"strategy":"id","selector":"com.androidsample.generalstore:id/productAddCart","context":"","multiple":true}
&amp#27;[38;5;214m[54cb3698]&amp#27;[0m&amp#27;[38;5;-54m[AndroidUiautomator2Driver@38c1]&amp#27;[0m Got response with status 200: {"sessionId":"7af5b591-ed58-44b6-be45-0eb8b1fbd11d","value":[]}
&amp#27;[38;5;214m[54cb3698]&amp#27;[0m&amp#27;[38;5;-54m[AndroidUiautomator2Driver@38c1]&amp#27;[0m Waited for 5584 ms so far
&amp#27;[38;5;214m[54cb3698]&amp#27;[0m&amp#27;[38;5;-54m[AndroidUiautomator2Driver@38c1]&amp#27;[0m Matched '/elements' to command name 'findElements'
&amp#27;[38;5;214m[54cb3698]&amp#27;[0m&amp#27;[38;5;-54m[AndroidUiautomator2Driver@38c1]&amp#27;[0m Proxying [POST /elements] to [POST http://127.0.0.1:8200/session/7af5b591-ed58-44b6-be45-0eb8b1fbd11d/elements] with body: {"strategy":"id","selector":"com.androidsample.generalstore:id/productAddCart","context":"","multiple":true}
&amp#27;[38;5;214m[54cb3698]&amp#27;[0m&amp#27;[38;5;-54m[AndroidUiautomator2Driver@38c1]&amp#27;[0m Got response with status 200: {"sessionId":"7af5b591-ed58-44b6-be45-0eb8b1fbd11d","value":[]}
&amp#27;[38;5;214m[54cb3698]&amp#27;[0m&amp#27;[38;5;-54m[AndroidUiautomator2Driver@38c1]&amp#27;[0m Waited for 6159 ms so far
&amp#27;[38;5;214m[54cb3698]&amp#27;[0m&amp#27;[38;5;-54m[AndroidUiautomator2Driver@38c1]&amp#27;[0m Matched '/elements' to command name 'findElements'
&amp#27;[38;5;214m[54cb3698]&amp#27;[0m&amp#27;[38;5;-54m[AndroidUiautomator2Driver@38c1]&amp#27;[0m Proxying [POST /elements] to [POST http://127.0.0.1:8200/session/7af5b591-ed58-44b6-be45-0eb8b1fbd11d/elements] with body: {"strategy":"id","selector":"com.androidsample.generalstore:id/productAddCart","context":"","multiple":true}
&amp#27;[38;5;214m[54cb3698]&amp#27;[0m&amp#27;[38;5;-54m[AndroidUiautomator2Driver@38c1]&amp#27;[0m Got response with status 200: {"sessionId":"7af5b591-ed58-44b6-be45-0eb8b1fbd11d","value":[]}
&amp#27;[38;5;214m[54cb3698]&amp#27;[0m&amp#27;[38;5;-54m[AndroidUiautomator2Driver@38c1]&amp#27;[0m Waited for 6772 ms so far
&amp#27;[38;5;214m[54cb3698]&amp#27;[0m&amp#27;[38;5;-54m[AndroidUiautomator2Driver@38c1]&amp#27;[0m Matched '/elements' to command name 'findElements'
&amp#27;[38;5;214m[54cb3698]&amp#27;[0m&amp#27;[38;5;-54m[AndroidUiautomator2Driver@38c1]&amp#27;[0m Proxying [POST /elements] to [POST http://127.0.0.1:8200/session/7af5b591-ed58-44b6-be45-0eb8b1fbd11d/elements] with body: {"strategy":"id","selector":"com.androidsample.generalstore:id/productAddCart","context":"","multiple":true}
&amp#27;[38;5;214m[54cb3698]&amp#27;[0m&amp#27;[38;5;-54m[AndroidUiautomator2Driver@38c1]&amp#27;[0m Got response with status 200: {"sessionId":"7af5b591-ed58-44b6-be45-0eb8b1fbd11d","value":[]}
&amp#27;[38;5;214m[54cb3698]&amp#27;[0m&amp#27;[38;5;-54m[AndroidUiautomator2Driver@38c1]&amp#27;[0m Waited for 7399 ms so far
&amp#27;[38;5;214m[54cb3698]&amp#27;[0m&amp#27;[38;5;-54m[AndroidUiautomator2Driver@38c1]&amp#27;[0m Matched '/elements' to command name 'findElements'
&amp#27;[38;5;214m[54cb3698]&amp#27;[0m&amp#27;[38;5;-54m[AndroidUiautomator2Driver@38c1]&amp#27;[0m Proxying [POST /elements] to [POST http://127.0.0.1:8200/session/7af5b591-ed58-44b6-be45-0eb8b1fbd11d/elements] with body: {"strategy":"id","selector":"com.androidsample.generalstore:id/productAddCart","context":"","multiple":true}
&amp#27;[38;5;214m[54cb3698]&amp#27;[0m&amp#27;[38;5;-54m[AndroidUiautomator2Driver@38c1]&amp#27;[0m Got response with status 200: {"sessionId":"7af5b591-ed58-44b6-be45-0eb8b1fbd11d","value":[]}
&amp#27;[38;5;214m[54cb3698]&amp#27;[0m&amp#27;[38;5;-54m[AndroidUiautomator2Driver@38c1]&amp#27;[0m Waited for 8020 ms so far
&amp#27;[38;5;214m[54cb3698]&amp#27;[0m&amp#27;[38;5;-54m[AndroidUiautomator2Driver@38c1]&amp#27;[0m Matched '/elements' to command name 'findElements'
&amp#27;[38;5;214m[54cb3698]&amp#27;[0m&amp#27;[38;5;-54m[AndroidUiautomator2Driver@38c1]&amp#27;[0m Proxying [POST /elements] to [POST http://127.0.0.1:8200/session/7af5b591-ed58-44b6-be45-0eb8b1fbd11d/elements] with body: {"strategy":"id","selector":"com.androidsample.generalstore:id/productAddCart","context":"","multiple":true}
&amp#27;[38;5;214m[54cb3698]&amp#27;[0m&amp#27;[38;5;-54m[AndroidUiautomator2Driver@38c1]&amp#27;[0m Got response with status 200: {"sessionId":"7af5b591-ed58-44b6-be45-0eb8b1fbd11d","value":[]}
&amp#27;[38;5;214m[54cb3698]&amp#27;[0m&amp#27;[38;5;-54m[AndroidUiautomator2Driver@38c1]&amp#27;[0m Waited for 12171 ms so far
&amp#27;[38;5;214m[54cb3698]&amp#27;[0m&amp#27;[38;5;-54m[AndroidUiautomator2Driver@38c1]&amp#27;[0m Matched '/elements' to command name 'findElements'
&amp#27;[38;5;214m[54cb3698]&amp#27;[0m&amp#27;[38;5;-54m[AndroidUiautomator2Driver@38c1]&amp#27;[0m Proxying [POST /elements] to [POST http://127.0.0.1:8200/session/7af5b591-ed58-44b6-be45-0eb8b1fbd11d/elements] with body: {"strategy":"id","selector":"com.androidsample.generalstore:id/productAddCart","context":"","multiple":true}
&amp#27;[38;5;214m[54cb3698]&amp#27;[0m&amp#27;[38;5;-54m[AndroidUiautomator2Driver@38c1]&amp#27;[0m Got response with status 200: {"sessionId":"7af5b591-ed58-44b6-be45-0eb8b1fbd11d","value":[{"ELEMENT":"00000000-0000-050e-ffff-ffff00000051","element-6066-11e4-a52e-4f735466cecf":"00000000-0000-050e-ffff-ffff00000051"},{"ELEMENT":"00000000-0000-050e-ffff-ffff00000059","element-6066-11e4-a52e-4f735466cecf":"00000000-0000-050e-ffff-ffff00000059"}]}
&amp#27;[38;5;214m[54cb3698]&amp#27;[0m&amp#27;[38;5;-54m[AndroidUiautomator2Driver@38c1]&amp#27;[0m Responding to client with driver.findElements() result: [{"element-6066-11e4-a52e-4f735466cecf":"00000000-0000-050e-ffff-ffff00000051","ELEMENT":"00000000-0000-050e-ffff-ffff00000051"},{"element-6066-11e4-a52e-4f735466cecf":"00000000-0000-050e-ffff-ffff00000059","ELEMENT":"00000000-0000-050e-ffff-ffff00000059"}]
&amp#27;[38;5;214m[54cb3698]&amp#27;[0m&amp#27;[38;5;86m[HTTP]&amp#27;[0m &amp#27;[37m<-- POST /session/54cb3698-e03f-4cbd-b4e9-fe0dcbe108de/elements &amp#27;[39m&amp#27;[32m200&amp#27;[39m &amp#27;[90m13460 ms - 267&amp#27;[39m &amp#27;[90m&amp#27;[39m
&amp#27;[38;5;214m[54cb3698]&amp#27;[0m&amp#27;[38;5;86m[HTTP]&amp#27;[0m &amp#27;[37m-->&amp#27;[39m &amp#27;[37mPOST&amp#27;[39m &amp#27;[37m/session/54cb3698-e03f-4cbd-b4e9-fe0dcbe108de/element/00000000-0000-050e-ffff-ffff00000051/click&amp#27;[39m &amp#27;[90m{"id":"00000000-0000-050e-ffff-ffff00000051"}&amp#27;[39m
&amp#27;[38;5;214m[54cb3698]&amp#27;[0m&amp#27;[38;5;-54m[AndroidUiautomator2Driver@38c1]&amp#27;[0m Calling AppiumDriver.click() with args: ["00000000-0000-050e-ffff-ffff00000051","54cb3698-e03f-4cbd-b4e9-fe0dcbe108de"]
&amp#27;[38;5;214m[54cb3698]&amp#27;[0m&amp#27;[38;5;-54m[AndroidUiautomator2Driver@38c1]&amp#27;[0m Matched '/element/00000000-0000-050e-ffff-ffff00000051/click' to command name 'click'
&amp#27;[38;5;214m[54cb3698]&amp#27;[0m&amp#27;[38;5;-54m[AndroidUiautomator2Driver@38c1]&amp#27;[0m Proxying [POST /element/00000000-0000-050e-ffff-ffff00000051/click] to [POST http://127.0.0.1:8200/session/7af5b591-ed58-44b6-be45-0eb8b1fbd11d/element/00000000-0000-050e-ffff-ffff00000051/click] with body: {"element":"00000000-0000-050e-ffff-ffff00000051"}
&amp#27;[38;5;214m[54cb3698]&amp#27;[0m&amp#27;[38;5;-54m[AndroidUiautomator2Driver@38c1]&amp#27;[0m Got response with status 200: {"sessionId":"7af5b591-ed58-44b6-be45-0eb8b1fbd11d","value":null}
&amp#27;[38;5;214m[54cb3698]&amp#27;[0m&amp#27;[38;5;-54m[AndroidUiautomator2Driver@38c1]&amp#27;[0m Responding to client with driver.click() result: null
&amp#27;[38;5;214m[54cb3698]&amp#27;[0m&amp#27;[38;5;86m[HTTP]&amp#27;[0m &amp#27;[37m<-- POST /session/54cb3698-e03f-4cbd-b4e9-fe0dcbe108de/element/00000000-0000-050e-ffff-ffff00000051/click &amp#27;[39m&amp#27;[32m200&amp#27;[39m &amp#27;[90m581 ms - 14&amp#27;[39m &amp#27;[90m&amp#27;[39m
&amp#27;[38;5;214m[54cb3698]&amp#27;[0m&amp#27;[38;5;86m[HTTP]&amp#27;[0m &amp#27;[37m-->&amp#27;[39m &amp#27;[37mGET&amp#27;[39m &amp#27;[37m/session/54cb3698-e03f-4cbd-b4e9-fe0dcbe108de/context&amp#27;[39m &amp#27;[90m{}&amp#27;[39m
&amp#27;[38;5;214m[54cb3698]&amp#27;[0m&amp#27;[38;5;-54m[AndroidUiautomator2Driver@38c1]&amp#27;[0m Calling AppiumDriver.getCurrentContext() with args: ["54cb3698-e03f-4cbd-b4e9-fe0dcbe108de"]
&amp#27;[38;5;214m[54cb3698]&amp#27;[0m&amp#27;[38;5;-54m[AndroidUiautomator2Driver@38c1]&amp#27;[0m Responding to client with driver.getCurrentContext() result: "NATIVE_APP"
&amp#27;[38;5;214m[54cb3698]&amp#27;[0m&amp#27;[38;5;86m[HTTP]&amp#27;[0m &amp#27;[37m<-- GET /session/54cb3698-e03f-4cbd-b4e9-fe0dcbe108de/context &amp#27;[39m&amp#27;[32m200&amp#27;[39m &amp#27;[90m2 ms - 22&amp#27;[39m &amp#27;[90m&amp#27;[39m
&amp#27;[38;5;214m[54cb3698]&amp#27;[0m&amp#27;[38;5;86m[HTTP]&amp#27;[0m &amp#27;[37m-->&amp#27;[39m &amp#27;[37mPOST&amp#27;[39m &amp#27;[37m/session/54cb3698-e03f-4cbd-b4e9-fe0dcbe108de/elements&amp#27;[39m &amp#27;[90m{"using":"id","value":"com.androidsample.generalstore:id/productAddCart"}&amp#27;[39m
&amp#27;[38;5;214m[54cb3698]&amp#27;[0m&amp#27;[38;5;-54m[AndroidUiautomator2Driver@38c1]&amp#27;[0m Calling AppiumDriver.findElements() with args: ["id","com.androidsample.generalstore:id/productAddCart","54cb3698-e03f-4cbd-b4e9-fe0dcbe108de"]
&amp#27;[38;5;214m[54cb3698]&amp#27;[0m&amp#27;[38;5;-54m[AndroidUiautomator2Driver@38c1]&amp#27;[0m Valid locator strategies for this request: xpath, id, class name, accessibility id, css selector, -android uiautomator
&amp#27;[38;5;214m[54cb3698]&amp#27;[0m&amp#27;[38;5;-54m[AndroidUiautomator2Driver@38c1]&amp#27;[0m Waiting up to 20000 ms for condition
&amp#27;[38;5;214m[54cb3698]&amp#27;[0m&amp#27;[38;5;-54m[AndroidUiautomator2Driver@38c1]&amp#27;[0m Matched '/elements' to command name 'findElements'
&amp#27;[38;5;214m[54cb3698]&amp#27;[0m&amp#27;[38;5;-54m[AndroidUiautomator2Driver@38c1]&amp#27;[0m Proxying [POST /elements] to [POST http://127.0.0.1:8200/session/7af5b591-ed58-44b6-be45-0eb8b1fbd11d/elements] with body: {"strategy":"id","selector":"com.androidsample.generalstore:id/productAddCart","context":"","multiple":true}
&amp#27;[38;5;214m[54cb3698]&amp#27;[0m&amp#27;[38;5;-54m[AndroidUiautomator2Driver@38c1]&amp#27;[0m Got response with status 200: {"sessionId":"7af5b591-ed58-44b6-be45-0eb8b1fbd11d","value":[{"ELEMENT":"00000000-0000-050e-ffff-ffff00000051","element-6066-11e4-a52e-4f735466cecf":"00000000-0000-050e-ffff-ffff00000051"},{"ELEMENT":"00000000-0000-050e-ffff-ffff00000059","element-6066-11e4-a52e-4f735466cecf":"00000000-0000-050e-ffff-ffff00000059"}]}
&amp#27;[38;5;214m[54cb3698]&amp#27;[0m&amp#27;[38;5;-54m[AndroidUiautomator2Driver@38c1]&amp#27;[0m Responding to client with driver.findElements() result: [{"element-6066-11e4-a52e-4f735466cecf":"00000000-0000-050e-ffff-ffff00000051","ELEMENT":"00000000-0000-050e-ffff-ffff00000051"},{"element-6066-11e4-a52e-4f735466cecf":"00000000-0000-050e-ffff-ffff00000059","ELEMENT":"00000000-0000-050e-ffff-ffff00000059"}]
&amp#27;[38;5;214m[54cb3698]&amp#27;[0m&amp#27;[38;5;86m[HTTP]&amp#27;[0m &amp#27;[37m<-- POST /session/54cb3698-e03f-4cbd-b4e9-fe0dcbe108de/elements &amp#27;[39m&amp#27;[32m200&amp#27;[39m &amp#27;[90m137 ms - 267&amp#27;[39m &amp#27;[90m&amp#27;[39m
&amp#27;[38;5;214m[54cb3698]&amp#27;[0m&amp#27;[38;5;86m[HTTP]&amp#27;[0m &amp#27;[37m-->&amp#27;[39m &amp#27;[37mPOST&amp#27;[39m &amp#27;[37m/session/54cb3698-e03f-4cbd-b4e9-fe0dcbe108de/element/00000000-0000-050e-ffff-ffff00000059/click&amp#27;[39m &amp#27;[90m{"id":"00000000-0000-050e-ffff-ffff00000059"}&amp#27;[39m
&amp#27;[38;5;214m[54cb3698]&amp#27;[0m&amp#27;[38;5;-54m[AndroidUiautomator2Driver@38c1]&amp#27;[0m Calling AppiumDriver.click() with args: ["00000000-0000-050e-ffff-ffff00000059","54cb3698-e03f-4cbd-b4e9-fe0dcbe108de"]
&amp#27;[38;5;214m[54cb3698]&amp#27;[0m&amp#27;[38;5;-54m[AndroidUiautomator2Driver@38c1]&amp#27;[0m Matched '/element/00000000-0000-050e-ffff-ffff00000059/click' to command name 'click'
&amp#27;[38;5;214m[54cb3698]&amp#27;[0m&amp#27;[38;5;-54m[AndroidUiautomator2Driver@38c1]&amp#27;[0m Proxying [POST /element/00000000-0000-050e-ffff-ffff00000059/click] to [POST http://127.0.0.1:8200/session/7af5b591-ed58-44b6-be45-0eb8b1fbd11d/element/00000000-0000-050e-ffff-ffff00000059/click] with body: {"element":"00000000-0000-050e-ffff-ffff00000059"}
&amp#27;[38;5;214m[54cb3698]&amp#27;[0m&amp#27;[38;5;-54m[AndroidUiautomator2Driver@38c1]&amp#27;[0m Got response with status 200: {"sessionId":"7af5b591-ed58-44b6-be45-0eb8b1fbd11d","value":null}
&amp#27;[38;5;214m[54cb3698]&amp#27;[0m&amp#27;[38;5;-54m[AndroidUiautomator2Driver@38c1]&amp#27;[0m Responding to client with driver.click() result: null
&amp#27;[38;5;214m[54cb3698]&amp#27;[0m&amp#27;[38;5;86m[HTTP]&amp#27;[0m &amp#27;[37m<-- POST /session/54cb3698-e03f-4cbd-b4e9-fe0dcbe108de/element/00000000-0000-050e-ffff-ffff00000059/click &amp#27;[39m&amp#27;[32m200&amp#27;[39m &amp#27;[90m865 ms - 14&amp#27;[39m &amp#27;[90m&amp#27;[39m
&amp#27;[38;5;214m[54cb3698]&amp#27;[0m&amp#27;[38;5;86m[HTTP]&amp#27;[0m &amp#27;[37m-->&amp#27;[39m &amp#27;[37mGET&amp#27;[39m &amp#27;[37m/session/54cb3698-e03f-4cbd-b4e9-fe0dcbe108de/context&amp#27;[39m &amp#27;[90m{}&amp#27;[39m
&amp#27;[38;5;214m[54cb3698]&amp#27;[0m&amp#27;[38;5;-54m[AndroidUiautomator2Driver@38c1]&amp#27;[0m Calling AppiumDriver.getCurrentContext() with args: ["54cb3698-e03f-4cbd-b4e9-fe0dcbe108de"]
&amp#27;[38;5;214m[54cb3698]&amp#27;[0m&amp#27;[38;5;-54m[AndroidUiautomator2Driver@38c1]&amp#27;[0m Responding to client with driver.getCurrentContext() result: "NATIVE_APP"
&amp#27;[38;5;214m[54cb3698]&amp#27;[0m&amp#27;[38;5;86m[HTTP]&amp#27;[0m &amp#27;[37m<-- GET /session/54cb3698-e03f-4cbd-b4e9-fe0dcbe108de/context &amp#27;[39m&amp#27;[32m200&amp#27;[39m &amp#27;[90m1 ms - 22&amp#27;[39m &amp#27;[90m&amp#27;[39m
&amp#27;[38;5;214m[54cb3698]&amp#27;[0m&amp#27;[38;5;86m[HTTP]&amp#27;[0m &amp#27;[37m-->&amp#27;[39m &amp#27;[37mPOST&amp#27;[39m &amp#27;[37m/session/54cb3698-e03f-4cbd-b4e9-fe0dcbe108de/element&amp#27;[39m &amp#27;[90m{"using":"id","value":"com.androidsample.generalstore:id/appbar_btn_cart"}&amp#27;[39m
&amp#27;[38;5;214m[54cb3698]&amp#27;[0m&amp#27;[38;5;-54m[AndroidUiautomator2Driver@38c1]&amp#27;[0m Calling AppiumDriver.findElement() with args: ["id","com.androidsample.generalstore:id/appbar_btn_cart","54cb3698-e03f-4cbd-b4e9-fe0dcbe108de"]
&amp#27;[38;5;214m[54cb3698]&amp#27;[0m&amp#27;[38;5;-54m[AndroidUiautomator2Driver@38c1]&amp#27;[0m Valid locator strategies for this request: xpath, id, class name, accessibility id, css selector, -android uiautomator
&amp#27;[38;5;214m[54cb3698]&amp#27;[0m&amp#27;[38;5;-54m[AndroidUiautomator2Driver@38c1]&amp#27;[0m Waiting up to 20000 ms for condition
&amp#27;[38;5;214m[54cb3698]&amp#27;[0m&amp#27;[38;5;-54m[AndroidUiautomator2Driver@38c1]&amp#27;[0m Matched '/element' to command name 'findElement'
&amp#27;[38;5;214m[54cb3698]&amp#27;[0m&amp#27;[38;5;-54m[AndroidUiautomator2Driver@38c1]&amp#27;[0m Proxying [POST /element] to [POST http://127.0.0.1:8200/session/7af5b591-ed58-44b6-be45-0eb8b1fbd11d/element] with body: {"strategy":"id","selector":"com.androidsample.generalstore:id/appbar_btn_cart","context":"","multiple":false}
&amp#27;[38;5;214m[54cb3698]&amp#27;[0m&amp#27;[38;5;-54m[AndroidUiautomator2Driver@38c1]&amp#27;[0m Got response with status 200: {"sessionId":"7af5b591-ed58-44b6-be45-0eb8b1fbd11d","value":{"ELEMENT":"00000000-0000-050e-ffff-ffff00000044","element-6066-11e4-a52e-4f735466cecf":"00000000-0000-050e-ffff-ffff00000044"}}
&amp#27;[38;5;214m[54cb3698]&amp#27;[0m&amp#27;[38;5;-54m[AndroidUiautomator2Driver@38c1]&amp#27;[0m Responding to client with driver.findElement() result: {"element-6066-11e4-a52e-4f735466cecf":"00000000-0000-050e-ffff-ffff00000044","ELEMENT":"00000000-0000-050e-ffff-ffff00000044"}
&amp#27;[38;5;214m[54cb3698]&amp#27;[0m&amp#27;[38;5;86m[HTTP]&amp#27;[0m &amp#27;[37m<-- POST /session/54cb3698-e03f-4cbd-b4e9-fe0dcbe108de/element &amp#27;[39m&amp#27;[32m200&amp#27;[39m &amp#27;[90m77 ms - 137&amp#27;[39m &amp#27;[90m&amp#27;[39m
&amp#27;[38;5;214m[54cb3698]&amp#27;[0m&amp#27;[38;5;86m[HTTP]&amp#27;[0m &amp#27;[37m-->&amp#27;[39m &amp#27;[37mPOST&amp#27;[39m &amp#27;[37m/session/54cb3698-e03f-4cbd-b4e9-fe0dcbe108de/element/00000000-0000-050e-ffff-ffff00000044/click&amp#27;[39m &amp#27;[90m{"id":"00000000-0000-050e-ffff-ffff00000044"}&amp#27;[39m
&amp#27;[38;5;214m[54cb3698]&amp#27;[0m&amp#27;[38;5;-54m[AndroidUiautomator2Driver@38c1]&amp#27;[0m Calling AppiumDriver.click() with args: ["00000000-0000-050e-ffff-ffff00000044","54cb3698-e03f-4cbd-b4e9-fe0dcbe108de"]
&amp#27;[38;5;214m[54cb3698]&amp#27;[0m&amp#27;[38;5;-54m[AndroidUiautomator2Driver@38c1]&amp#27;[0m Matched '/element/00000000-0000-050e-ffff-ffff00000044/click' to command name 'click'
&amp#27;[38;5;214m[54cb3698]&amp#27;[0m&amp#27;[38;5;-54m[AndroidUiautomator2Driver@38c1]&amp#27;[0m Proxying [POST /element/00000000-0000-050e-ffff-ffff00000044/click] to [POST http://127.0.0.1:8200/session/7af5b591-ed58-44b6-be45-0eb8b1fbd11d/element/00000000-0000-050e-ffff-ffff00000044/click] with body: {"element":"00000000-0000-050e-ffff-ffff00000044"}
&amp#27;[38;5;214m[54cb3698]&amp#27;[0m&amp#27;[38;5;-54m[AndroidUiautomator2Driver@38c1]&amp#27;[0m Got response with status 200: {"sessionId":"7af5b591-ed58-44b6-be45-0eb8b1fbd11d","value":null}
&amp#27;[38;5;214m[54cb3698]&amp#27;[0m&amp#27;[38;5;-54m[AndroidUiautomator2Driver@38c1]&amp#27;[0m Responding to client with driver.click() result: null
&amp#27;[38;5;214m[54cb3698]&amp#27;[0m&amp#27;[38;5;86m[HTTP]&amp#27;[0m &amp#27;[37m<-- POST /session/54cb3698-e03f-4cbd-b4e9-fe0dcbe108de/element/00000000-0000-050e-ffff-ffff00000044/click &amp#27;[39m&amp#27;[32m200&amp#27;[39m &amp#27;[90m92 ms - 14&amp#27;[39m &amp#27;[90m&amp#27;[39m
]]></system-out>
  </testcase>
  <testcase name="TC" classname="DataProviderFirst.DataProvider1" time="21.008">
    <failure message="Can&apos;t locate an element by this strategy: By.chained({AppiumBy.id: android:id/button1})" type="org.openqa.selenium.NoSuchElementException"><![CDATA[org.openqa.selenium.NoSuchElementException: Can't locate an element by this strategy: By.chained({AppiumBy.id: android:id/button1})
	at io.appium.java_client.pagefactory.AppiumElementLocator.findElement(AppiumElementLocator.java:166)
	at io.appium.java_client.pagefactory.interceptors.InterceptorOfASingleElement.call(InterceptorOfASingleElement.java:64)
	at io.appium.java_client.proxy.Interceptor.intercept(Interceptor.java:78)
	at org.openqa.selenium.remote.RemoteWebElement$ByteBuddy$CSx2gyC7.click(Unknown Source)
	at org.rsa.PageObjectModel.CartPage.setAcceptTC(CartPage.java:31)
	at DataProviderFirst.DataProvider1.TC(DataProvider1.java:51)
	at java.base/jdk.internal.reflect.DirectMethodHandleAccessor.invoke(DirectMethodHandleAccessor.java:104)
	at java.base/java.lang.reflect.Method.invoke(Method.java:565)
	at org.testng.internal.invokers.MethodInvocationHelper.invokeMethod(MethodInvocationHelper.java:139)
	at org.testng.internal.invokers.TestInvoker.invokeMethod(TestInvoker.java:664)
	at org.testng.internal.invokers.TestInvoker.invokeTestMethod(TestInvoker.java:227)
	at org.testng.internal.invokers.MethodRunner.runInSequence(MethodRunner.java:50)
	at org.testng.internal.invokers.TestInvoker$MethodInvocationAgent.invoke(TestInvoker.java:957)
	at org.testng.internal.invokers.TestInvoker.invokeTestMethods(TestInvoker.java:200)
	at org.testng.internal.invokers.TestMethodWorker.invokeTestMethods(TestMethodWorker.java:148)
	at org.testng.internal.invokers.TestMethodWorker.run(TestMethodWorker.java:128)
	at java.base/java.util.ArrayList.forEach(ArrayList.java:1604)
	at org.testng.TestRunner.privateRun(TestRunner.java:848)
	at org.testng.TestRunner.run(TestRunner.java:621)
	at org.testng.SuiteRunner.runTest(SuiteRunner.java:443)
	at org.testng.SuiteRunner.runSequentially(SuiteRunner.java:437)
	at org.testng.SuiteRunner.privateRun(SuiteRunner.java:397)
	at org.testng.SuiteRunner.run(SuiteRunner.java:336)
	at org.testng.SuiteRunnerWorker.runSuite(SuiteRunnerWorker.java:52)
	at org.testng.SuiteRunnerWorker.run(SuiteRunnerWorker.java:95)
	at org.testng.TestNG.runSuitesSequentially(TestNG.java:1280)
	at org.testng.TestNG.runSuitesLocally(TestNG.java:1200)
	at org.testng.TestNG.runSuites(TestNG.java:1114)
	at org.testng.TestNG.run(TestNG.java:1082)
	at org.apache.maven.surefire.testng.TestNGExecutor.run(TestNGExecutor.java:324)
	at org.apache.maven.surefire.testng.TestNGXmlTestSuite.execute(TestNGXmlTestSuite.java:74)
	at org.apache.maven.surefire.testng.TestNGProvider.invoke(TestNGProvider.java:123)
	at org.apache.maven.surefire.booter.ForkedBooter.runSuitesInProcess(ForkedBooter.java:456)
	at org.apache.maven.surefire.booter.ForkedBooter.execute(ForkedBooter.java:169)
	at org.apache.maven.surefire.booter.ForkedBooter.run(ForkedBooter.java:595)
	at org.apache.maven.surefire.booter.ForkedBooter.main(ForkedBooter.java:581)
Caused by: org.openqa.selenium.TimeoutException: Expected condition failed: waiting for io.appium.java_client.pagefactory.AppiumElementLocator$WaitingFunction@43d6262c (tried for 1 second(s) with 500 milliseconds interval)
	at org.openqa.selenium.support.ui.FluentWait.timeoutException(FluentWait.java:262)
	at org.openqa.selenium.support.ui.FluentWait.until(FluentWait.java:230)
	at io.appium.java_client.pagefactory.AppiumElementLocator.waitFor(AppiumElementLocator.java:135)
	at io.appium.java_client.pagefactory.AppiumElementLocator.findElement(AppiumElementLocator.java:160)
	... 35 more
Caused by: org.openqa.selenium.NoSuchElementException: Cannot locate an element using By.chained({AppiumBy.id: android:id/button1})
For documentation on this error, please visit: https://www.selenium.dev/documentation/webdriver/troubleshooting/errors#no-such-element-exception
Build info: version: '4.13.0', revision: 'ba948ece5b*'
System info: os.name: 'Windows 11', os.arch: 'amd64', os.version: '10.0', java.version: '24.0.2'
Driver info: driver.version: RemoteWebDriver
	at io.appium.java_client.pagefactory.bys.builder.ByChained.findElement(ByChained.java:77)
	at org.openqa.selenium.remote.ElementLocation$ElementFinder$1.findElement(ElementLocation.java:139)
	at org.openqa.selenium.remote.ElementLocation.findElement(ElementLocation.java:59)
	at org.openqa.selenium.remote.RemoteWebDriver.findElement(RemoteWebDriver.java:359)
	at org.openqa.selenium.remote.RemoteWebDriver.findElement(RemoteWebDriver.java:353)
	at io.appium.java_client.pagefactory.bys.ContentMappedBy.findElement(ContentMappedBy.java:53)
	at org.openqa.selenium.remote.ElementLocation$ElementFinder$1.findElement(ElementLocation.java:139)
	at org.openqa.selenium.remote.ElementLocation.findElement(ElementLocation.java:59)
	at org.openqa.selenium.remote.RemoteWebDriver.findElement(RemoteWebDriver.java:359)
	at org.openqa.selenium.remote.RemoteWebDriver.findElement(RemoteWebDriver.java:353)
	at io.appium.java_client.pagefactory.AppiumElementLocator.lambda$findElement$1(AppiumElementLocator.java:160)
	at io.appium.java_client.pagefactory.AppiumElementLocator$WaitingFunction.apply(AppiumElementLocator.java:217)
	at io.appium.java_client.pagefactory.AppiumElementLocator$WaitingFunction.apply(AppiumElementLocator.java:210)
	at org.openqa.selenium.support.ui.FluentWait.until(FluentWait.java:205)
	... 37 more
]]></failure>
    <system-out><![CDATA[&amp#27;[38;5;214m[54cb3698]&amp#27;[0m&amp#27;[38;5;86m[HTTP]&amp#27;[0m &amp#27;[37m-->&amp#27;[39m &amp#27;[37mGET&amp#27;[39m &amp#27;[37m/session/54cb3698-e03f-4cbd-b4e9-fe0dcbe108de/context&amp#27;[39m &amp#27;[90m{}&amp#27;[39m
&amp#27;[38;5;214m[54cb3698]&amp#27;[0m&amp#27;[38;5;-54m[AndroidUiautomator2Driver@38c1]&amp#27;[0m Calling AppiumDriver.getCurrentContext() with args: ["54cb3698-e03f-4cbd-b4e9-fe0dcbe108de"]
&amp#27;[38;5;214m[54cb3698]&amp#27;[0m&amp#27;[38;5;-54m[AndroidUiautomator2Driver@38c1]&amp#27;[0m Responding to client with driver.getCurrentContext() result: "NATIVE_APP"
&amp#27;[38;5;214m[54cb3698]&amp#27;[0m&amp#27;[38;5;86m[HTTP]&amp#27;[0m &amp#27;[37m<-- GET /session/54cb3698-e03f-4cbd-b4e9-fe0dcbe108de/context &amp#27;[39m&amp#27;[32m200&amp#27;[39m &amp#27;[90m2 ms - 22&amp#27;[39m &amp#27;[90m&amp#27;[39m
&amp#27;[38;5;214m[54cb3698]&amp#27;[0m&amp#27;[38;5;86m[HTTP]&amp#27;[0m &amp#27;[37m-->&amp#27;[39m &amp#27;[37mPOST&amp#27;[39m &amp#27;[37m/session/54cb3698-e03f-4cbd-b4e9-fe0dcbe108de/element&amp#27;[39m &amp#27;[90m{"using":"id","value":"android:id/button1"}&amp#27;[39m
&amp#27;[38;5;214m[54cb3698]&amp#27;[0m&amp#27;[38;5;-54m[AndroidUiautomator2Driver@38c1]&amp#27;[0m Calling AppiumDriver.findElement() with args: ["id","android:id/button1","54cb3698-e03f-4cbd-b4e9-fe0dcbe108de"]
&amp#27;[38;5;214m[54cb3698]&amp#27;[0m&amp#27;[38;5;-54m[AndroidUiautomator2Driver@38c1]&amp#27;[0m Valid locator strategies for this request: xpath, id, class name, accessibility id, css selector, -android uiautomator
&amp#27;[38;5;214m[54cb3698]&amp#27;[0m&amp#27;[38;5;-54m[AndroidUiautomator2Driver@38c1]&amp#27;[0m Waiting up to 20000 ms for condition
&amp#27;[38;5;214m[54cb3698]&amp#27;[0m&amp#27;[38;5;-54m[AndroidUiautomator2Driver@38c1]&amp#27;[0m Matched '/element' to command name 'findElement'
&amp#27;[38;5;214m[54cb3698]&amp#27;[0m&amp#27;[38;5;-54m[AndroidUiautomator2Driver@38c1]&amp#27;[0m Proxying [POST /element] to [POST http://127.0.0.1:8200/session/7af5b591-ed58-44b6-be45-0eb8b1fbd11d/element] with body: {"strategy":"id","selector":"android:id/button1","context":"","multiple":false}
&amp#27;[38;5;214m[54cb3698]&amp#27;[0m&amp#27;[38;5;-54m[AndroidUiautomator2Driver@38c1]&amp#27;[0m Got response with status 404: {"sessionId":"7af5b591-ed58-44b6-be45-0eb8b1fbd11d","value":{"error":"no such element","message":"An element could not be located on the page using the given search parameters","stacktrace":"io.appium.uiautomator2.common.exceptions.ElementNotFoundException: An element could not be located on the page using the given search parameters\n\tat io.appium.uiautomator2.handler.FindElement.safeHandle(FindElement.java:63)\n\tat io.appium.uiautomator2.handler.request.SafeRequestHandler.handle(SafeRequestHandler.java:59)\n\tat io.appium.uiautomator2.server.AppiumServlet.handleRequest(AppiumServlet.java:259)\n\tat io.appium.uiautomator2.server.AppiumServlet.handleHttpRequest(AppiumServlet.java:253)\n\tat io.appium.uiautomator2.http.ServerHandler.channelRead(ServerHandler.java:77)\n\tat io.netty.channel.AbstractChannelHandlerContext.invokeChannelRead(AbstractChannelHandlerContext.java:366)\n\tat io.netty.channel.AbstractChannelHandlerContext.invokeChannelRead(AbstractChannelHandlerContext.java:352)\n\tat io.netty.chann...
&amp#27;[38;5;214m[54cb3698]&amp#27;[0m&amp#27;[38;5;123m[W3C]&amp#27;[0m Matched W3C error code 'no such element' to NoSuchElementError
&amp#27;[38;5;214m[54cb3698]&amp#27;[0m&amp#27;[38;5;-54m[AndroidUiautomator2Driver@38c1]&amp#27;[0m Waited for 1196 ms so far
&amp#27;[38;5;214m[54cb3698]&amp#27;[0m&amp#27;[38;5;-54m[AndroidUiautomator2Driver@38c1]&amp#27;[0m Matched '/element' to command name 'findElement'
&amp#27;[38;5;214m[54cb3698]&amp#27;[0m&amp#27;[38;5;-54m[AndroidUiautomator2Driver@38c1]&amp#27;[0m Proxying [POST /element] to [POST http://127.0.0.1:8200/session/7af5b591-ed58-44b6-be45-0eb8b1fbd11d/element] with body: {"strategy":"id","selector":"android:id/button1","context":"","multiple":false}
&amp#27;[38;5;214m[54cb3698]&amp#27;[0m&amp#27;[38;5;-54m[AndroidUiautomator2Driver@38c1]&amp#27;[0m Got response with status 404: {"sessionId":"7af5b591-ed58-44b6-be45-0eb8b1fbd11d","value":{"error":"no such element","message":"An element could not be located on the page using the given search parameters","stacktrace":"io.appium.uiautomator2.common.exceptions.ElementNotFoundException: An element could not be located on the page using the given search parameters\n\tat io.appium.uiautomator2.handler.FindElement.safeHandle(FindElement.java:63)\n\tat io.appium.uiautomator2.handler.request.SafeRequestHandler.handle(SafeRequestHandler.java:59)\n\tat io.appium.uiautomator2.server.AppiumServlet.handleRequest(AppiumServlet.java:259)\n\tat io.appium.uiautomator2.server.AppiumServlet.handleHttpRequest(AppiumServlet.java:253)\n\tat io.appium.uiautomator2.http.ServerHandler.channelRead(ServerHandler.java:77)\n\tat io.netty.channel.AbstractChannelHandlerContext.invokeChannelRead(AbstractChannelHandlerContext.java:366)\n\tat io.netty.channel.AbstractChannelHandlerContext.invokeChannelRead(AbstractChannelHandlerContext.java:352)\n\tat io.netty.chann...
&amp#27;[38;5;214m[54cb3698]&amp#27;[0m&amp#27;[38;5;123m[W3C]&amp#27;[0m Matched W3C error code 'no such element' to NoSuchElementError
&amp#27;[38;5;214m[54cb3698]&amp#27;[0m&amp#27;[38;5;-54m[AndroidUiautomator2Driver@38c1]&amp#27;[0m Waited for 1846 ms so far
&amp#27;[38;5;214m[54cb3698]&amp#27;[0m&amp#27;[38;5;-54m[AndroidUiautomator2Driver@38c1]&amp#27;[0m Matched '/element' to command name 'findElement'
&amp#27;[38;5;214m[54cb3698]&amp#27;[0m&amp#27;[38;5;-54m[AndroidUiautomator2Driver@38c1]&amp#27;[0m Proxying [POST /element] to [POST http://127.0.0.1:8200/session/7af5b591-ed58-44b6-be45-0eb8b1fbd11d/element] with body: {"strategy":"id","selector":"android:id/button1","context":"","multiple":false}
&amp#27;[38;5;214m[54cb3698]&amp#27;[0m&amp#27;[38;5;-54m[AndroidUiautomator2Driver@38c1]&amp#27;[0m Got response with status 404: {"sessionId":"7af5b591-ed58-44b6-be45-0eb8b1fbd11d","value":{"error":"no such element","message":"An element could not be located on the page using the given search parameters","stacktrace":"io.appium.uiautomator2.common.exceptions.ElementNotFoundException: An element could not be located on the page using the given search parameters\n\tat io.appium.uiautomator2.handler.FindElement.safeHandle(FindElement.java:63)\n\tat io.appium.uiautomator2.handler.request.SafeRequestHandler.handle(SafeRequestHandler.java:59)\n\tat io.appium.uiautomator2.server.AppiumServlet.handleRequest(AppiumServlet.java:259)\n\tat io.appium.uiautomator2.server.AppiumServlet.handleHttpRequest(AppiumServlet.java:253)\n\tat io.appium.uiautomator2.http.ServerHandler.channelRead(ServerHandler.java:77)\n\tat io.netty.channel.AbstractChannelHandlerContext.invokeChannelRead(AbstractChannelHandlerContext.java:366)\n\tat io.netty.channel.AbstractChannelHandlerContext.invokeChannelRead(AbstractChannelHandlerContext.java:352)\n\tat io.netty.chann...
&amp#27;[38;5;214m[54cb3698]&amp#27;[0m&amp#27;[38;5;123m[W3C]&amp#27;[0m Matched W3C error code 'no such element' to NoSuchElementError
&amp#27;[38;5;214m[54cb3698]&amp#27;[0m&amp#27;[38;5;-54m[AndroidUiautomator2Driver@38c1]&amp#27;[0m Waited for 2437 ms so far
&amp#27;[38;5;214m[54cb3698]&amp#27;[0m&amp#27;[38;5;-54m[AndroidUiautomator2Driver@38c1]&amp#27;[0m Matched '/element' to command name 'findElement'
&amp#27;[38;5;214m[54cb3698]&amp#27;[0m&amp#27;[38;5;-54m[AndroidUiautomator2Driver@38c1]&amp#27;[0m Proxying [POST /element] to [POST http://127.0.0.1:8200/session/7af5b591-ed58-44b6-be45-0eb8b1fbd11d/element] with body: {"strategy":"id","selector":"android:id/button1","context":"","multiple":false}
&amp#27;[38;5;214m[54cb3698]&amp#27;[0m&amp#27;[38;5;-54m[AndroidUiautomator2Driver@38c1]&amp#27;[0m Got response with status 404: {"sessionId":"7af5b591-ed58-44b6-be45-0eb8b1fbd11d","value":{"error":"no such element","message":"An element could not be located on the page using the given search parameters","stacktrace":"io.appium.uiautomator2.common.exceptions.ElementNotFoundException: An element could not be located on the page using the given search parameters\n\tat io.appium.uiautomator2.handler.FindElement.safeHandle(FindElement.java:63)\n\tat io.appium.uiautomator2.handler.request.SafeRequestHandler.handle(SafeRequestHandler.java:59)\n\tat io.appium.uiautomator2.server.AppiumServlet.handleRequest(AppiumServlet.java:259)\n\tat io.appium.uiautomator2.server.AppiumServlet.handleHttpRequest(AppiumServlet.java:253)\n\tat io.appium.uiautomator2.http.ServerHandler.channelRead(ServerHandler.java:77)\n\tat io.netty.channel.AbstractChannelHandlerContext.invokeChannelRead(AbstractChannelHandlerContext.java:366)\n\tat io.netty.channel.AbstractChannelHandlerContext.invokeChannelRead(AbstractChannelHandlerContext.java:352)\n\tat io.netty.chann...
&amp#27;[38;5;214m[54cb3698]&amp#27;[0m&amp#27;[38;5;123m[W3C]&amp#27;[0m Matched W3C error code 'no such element' to NoSuchElementError
&amp#27;[38;5;214m[54cb3698]&amp#27;[0m&amp#27;[38;5;-54m[AndroidUiautomator2Driver@38c1]&amp#27;[0m Waited for 3071 ms so far
&amp#27;[38;5;214m[54cb3698]&amp#27;[0m&amp#27;[38;5;-54m[AndroidUiautomator2Driver@38c1]&amp#27;[0m Matched '/element' to command name 'findElement'
&amp#27;[38;5;214m[54cb3698]&amp#27;[0m&amp#27;[38;5;-54m[AndroidUiautomator2Driver@38c1]&amp#27;[0m Proxying [POST /element] to [POST http://127.0.0.1:8200/session/7af5b591-ed58-44b6-be45-0eb8b1fbd11d/element] with body: {"strategy":"id","selector":"android:id/button1","context":"","multiple":false}
&amp#27;[38;5;214m[54cb3698]&amp#27;[0m&amp#27;[38;5;-54m[AndroidUiautomator2Driver@38c1]&amp#27;[0m Got response with status 404: {"sessionId":"7af5b591-ed58-44b6-be45-0eb8b1fbd11d","value":{"error":"no such element","message":"An element could not be located on the page using the given search parameters","stacktrace":"io.appium.uiautomator2.common.exceptions.ElementNotFoundException: An element could not be located on the page using the given search parameters\n\tat io.appium.uiautomator2.handler.FindElement.safeHandle(FindElement.java:63)\n\tat io.appium.uiautomator2.handler.request.SafeRequestHandler.handle(SafeRequestHandler.java:59)\n\tat io.appium.uiautomator2.server.AppiumServlet.handleRequest(AppiumServlet.java:259)\n\tat io.appium.uiautomator2.server.AppiumServlet.handleHttpRequest(AppiumServlet.java:253)\n\tat io.appium.uiautomator2.http.ServerHandler.channelRead(ServerHandler.java:77)\n\tat io.netty.channel.AbstractChannelHandlerContext.invokeChannelRead(AbstractChannelHandlerContext.java:366)\n\tat io.netty.channel.AbstractChannelHandlerContext.invokeChannelRead(AbstractChannelHandlerContext.java:352)\n\tat io.netty.chann...
&amp#27;[38;5;214m[54cb3698]&amp#27;[0m&amp#27;[38;5;123m[W3C]&amp#27;[0m Matched W3C error code 'no such element' to NoSuchElementError
&amp#27;[38;5;214m[54cb3698]&amp#27;[0m&amp#27;[38;5;-54m[AndroidUiautomator2Driver@38c1]&amp#27;[0m Waited for 3731 ms so far
&amp#27;[38;5;214m[54cb3698]&amp#27;[0m&amp#27;[38;5;-54m[AndroidUiautomator2Driver@38c1]&amp#27;[0m Matched '/element' to command name 'findElement'
&amp#27;[38;5;214m[54cb3698]&amp#27;[0m&amp#27;[38;5;-54m[AndroidUiautomator2Driver@38c1]&amp#27;[0m Proxying [POST /element] to [POST http://127.0.0.1:8200/session/7af5b591-ed58-44b6-be45-0eb8b1fbd11d/element] with body: {"strategy":"id","selector":"android:id/button1","context":"","multiple":false}
&amp#27;[38;5;214m[54cb3698]&amp#27;[0m&amp#27;[38;5;-54m[AndroidUiautomator2Driver@38c1]&amp#27;[0m Got response with status 404: {"sessionId":"7af5b591-ed58-44b6-be45-0eb8b1fbd11d","value":{"error":"no such element","message":"An element could not be located on the page using the given search parameters","stacktrace":"io.appium.uiautomator2.common.exceptions.ElementNotFoundException: An element could not be located on the page using the given search parameters\n\tat io.appium.uiautomator2.handler.FindElement.safeHandle(FindElement.java:63)\n\tat io.appium.uiautomator2.handler.request.SafeRequestHandler.handle(SafeRequestHandler.java:59)\n\tat io.appium.uiautomator2.server.AppiumServlet.handleRequest(AppiumServlet.java:259)\n\tat io.appium.uiautomator2.server.AppiumServlet.handleHttpRequest(AppiumServlet.java:253)\n\tat io.appium.uiautomator2.http.ServerHandler.channelRead(ServerHandler.java:77)\n\tat io.netty.channel.AbstractChannelHandlerContext.invokeChannelRead(AbstractChannelHandlerContext.java:366)\n\tat io.netty.channel.AbstractChannelHandlerContext.invokeChannelRead(AbstractChannelHandlerContext.java:352)\n\tat io.netty.chann...
&amp#27;[38;5;214m[54cb3698]&amp#27;[0m&amp#27;[38;5;123m[W3C]&amp#27;[0m Matched W3C error code 'no such element' to NoSuchElementError
&amp#27;[38;5;214m[54cb3698]&amp#27;[0m&amp#27;[38;5;-54m[AndroidUiautomator2Driver@38c1]&amp#27;[0m Waited for 4359 ms so far
&amp#27;[38;5;214m[54cb3698]&amp#27;[0m&amp#27;[38;5;-54m[AndroidUiautomator2Driver@38c1]&amp#27;[0m Matched '/element' to command name 'findElement'
&amp#27;[38;5;214m[54cb3698]&amp#27;[0m&amp#27;[38;5;-54m[AndroidUiautomator2Driver@38c1]&amp#27;[0m Proxying [POST /element] to [POST http://127.0.0.1:8200/session/7af5b591-ed58-44b6-be45-0eb8b1fbd11d/element] with body: {"strategy":"id","selector":"android:id/button1","context":"","multiple":false}
&amp#27;[38;5;214m[54cb3698]&amp#27;[0m&amp#27;[38;5;-54m[AndroidUiautomator2Driver@38c1]&amp#27;[0m Got response with status 404: {"sessionId":"7af5b591-ed58-44b6-be45-0eb8b1fbd11d","value":{"error":"no such element","message":"An element could not be located on the page using the given search parameters","stacktrace":"io.appium.uiautomator2.common.exceptions.ElementNotFoundException: An element could not be located on the page using the given search parameters\n\tat io.appium.uiautomator2.handler.FindElement.safeHandle(FindElement.java:63)\n\tat io.appium.uiautomator2.handler.request.SafeRequestHandler.handle(SafeRequestHandler.java:59)\n\tat io.appium.uiautomator2.server.AppiumServlet.handleRequest(AppiumServlet.java:259)\n\tat io.appium.uiautomator2.server.AppiumServlet.handleHttpRequest(AppiumServlet.java:253)\n\tat io.appium.uiautomator2.http.ServerHandler.channelRead(ServerHandler.java:77)\n\tat io.netty.channel.AbstractChannelHandlerContext.invokeChannelRead(AbstractChannelHandlerContext.java:366)\n\tat io.netty.channel.AbstractChannelHandlerContext.invokeChannelRead(AbstractChannelHandlerContext.java:352)\n\tat io.netty.chann...
&amp#27;[38;5;214m[54cb3698]&amp#27;[0m&amp#27;[38;5;123m[W3C]&amp#27;[0m Matched W3C error code 'no such element' to NoSuchElementError
&amp#27;[38;5;214m[54cb3698]&amp#27;[0m&amp#27;[38;5;-54m[AndroidUiautomator2Driver@38c1]&amp#27;[0m Waited for 5001 ms so far
&amp#27;[38;5;214m[54cb3698]&amp#27;[0m&amp#27;[38;5;-54m[AndroidUiautomator2Driver@38c1]&amp#27;[0m Matched '/element' to command name 'findElement'
&amp#27;[38;5;214m[54cb3698]&amp#27;[0m&amp#27;[38;5;-54m[AndroidUiautomator2Driver@38c1]&amp#27;[0m Proxying [POST /element] to [POST http://127.0.0.1:8200/session/7af5b591-ed58-44b6-be45-0eb8b1fbd11d/element] with body: {"strategy":"id","selector":"android:id/button1","context":"","multiple":false}
&amp#27;[38;5;214m[54cb3698]&amp#27;[0m&amp#27;[38;5;-54m[AndroidUiautomator2Driver@38c1]&amp#27;[0m Got response with status 404: {"sessionId":"7af5b591-ed58-44b6-be45-0eb8b1fbd11d","value":{"error":"no such element","message":"An element could not be located on the page using the given search parameters","stacktrace":"io.appium.uiautomator2.common.exceptions.ElementNotFoundException: An element could not be located on the page using the given search parameters\n\tat io.appium.uiautomator2.handler.FindElement.safeHandle(FindElement.java:63)\n\tat io.appium.uiautomator2.handler.request.SafeRequestHandler.handle(SafeRequestHandler.java:59)\n\tat io.appium.uiautomator2.server.AppiumServlet.handleRequest(AppiumServlet.java:259)\n\tat io.appium.uiautomator2.server.AppiumServlet.handleHttpRequest(AppiumServlet.java:253)\n\tat io.appium.uiautomator2.http.ServerHandler.channelRead(ServerHandler.java:77)\n\tat io.netty.channel.AbstractChannelHandlerContext.invokeChannelRead(AbstractChannelHandlerContext.java:366)\n\tat io.netty.channel.AbstractChannelHandlerContext.invokeChannelRead(AbstractChannelHandlerContext.java:352)\n\tat io.netty.chann...
&amp#27;[38;5;214m[54cb3698]&amp#27;[0m&amp#27;[38;5;123m[W3C]&amp#27;[0m Matched W3C error code 'no such element' to NoSuchElementError
&amp#27;[38;5;214m[54cb3698]&amp#27;[0m&amp#27;[38;5;-54m[AndroidUiautomator2Driver@38c1]&amp#27;[0m Waited for 5652 ms so far
&amp#27;[38;5;214m[54cb3698]&amp#27;[0m&amp#27;[38;5;-54m[AndroidUiautomator2Driver@38c1]&amp#27;[0m Matched '/element' to command name 'findElement'
&amp#27;[38;5;214m[54cb3698]&amp#27;[0m&amp#27;[38;5;-54m[AndroidUiautomator2Driver@38c1]&amp#27;[0m Proxying [POST /element] to [POST http://127.0.0.1:8200/session/7af5b591-ed58-44b6-be45-0eb8b1fbd11d/element] with body: {"strategy":"id","selector":"android:id/button1","context":"","multiple":false}
&amp#27;[38;5;214m[54cb3698]&amp#27;[0m&amp#27;[38;5;-54m[AndroidUiautomator2Driver@38c1]&amp#27;[0m Got response with status 404: {"sessionId":"7af5b591-ed58-44b6-be45-0eb8b1fbd11d","value":{"error":"no such element","message":"An element could not be located on the page using the given search parameters","stacktrace":"io.appium.uiautomator2.common.exceptions.ElementNotFoundException: An element could not be located on the page using the given search parameters\n\tat io.appium.uiautomator2.handler.FindElement.safeHandle(FindElement.java:63)\n\tat io.appium.uiautomator2.handler.request.SafeRequestHandler.handle(SafeRequestHandler.java:59)\n\tat io.appium.uiautomator2.server.AppiumServlet.handleRequest(AppiumServlet.java:259)\n\tat io.appium.uiautomator2.server.AppiumServlet.handleHttpRequest(AppiumServlet.java:253)\n\tat io.appium.uiautomator2.http.ServerHandler.channelRead(ServerHandler.java:77)\n\tat io.netty.channel.AbstractChannelHandlerContext.invokeChannelRead(AbstractChannelHandlerContext.java:366)\n\tat io.netty.channel.AbstractChannelHandlerContext.invokeChannelRead(AbstractChannelHandlerContext.java:352)\n\tat io.netty.chann...
&amp#27;[38;5;214m[54cb3698]&amp#27;[0m&amp#27;[38;5;123m[W3C]&amp#27;[0m Matched W3C error code 'no such element' to NoSuchElementError
&amp#27;[38;5;214m[54cb3698]&amp#27;[0m&amp#27;[38;5;-54m[AndroidUiautomator2Driver@38c1]&amp#27;[0m Waited for 6303 ms so far
&amp#27;[38;5;214m[54cb3698]&amp#27;[0m&amp#27;[38;5;-54m[AndroidUiautomator2Driver@38c1]&amp#27;[0m Matched '/element' to command name 'findElement'
&amp#27;[38;5;214m[54cb3698]&amp#27;[0m&amp#27;[38;5;-54m[AndroidUiautomator2Driver@38c1]&amp#27;[0m Proxying [POST /element] to [POST http://127.0.0.1:8200/session/7af5b591-ed58-44b6-be45-0eb8b1fbd11d/element] with body: {"strategy":"id","selector":"android:id/button1","context":"","multiple":false}
&amp#27;[38;5;214m[54cb3698]&amp#27;[0m&amp#27;[38;5;-54m[AndroidUiautomator2Driver@38c1]&amp#27;[0m Got response with status 404: {"sessionId":"7af5b591-ed58-44b6-be45-0eb8b1fbd11d","value":{"error":"no such element","message":"An element could not be located on the page using the given search parameters","stacktrace":"io.appium.uiautomator2.common.exceptions.ElementNotFoundException: An element could not be located on the page using the given search parameters\n\tat io.appium.uiautomator2.handler.FindElement.safeHandle(FindElement.java:63)\n\tat io.appium.uiautomator2.handler.request.SafeRequestHandler.handle(SafeRequestHandler.java:59)\n\tat io.appium.uiautomator2.server.AppiumServlet.handleRequest(AppiumServlet.java:259)\n\tat io.appium.uiautomator2.server.AppiumServlet.handleHttpRequest(AppiumServlet.java:253)\n\tat io.appium.uiautomator2.http.ServerHandler.channelRead(ServerHandler.java:77)\n\tat io.netty.channel.AbstractChannelHandlerContext.invokeChannelRead(AbstractChannelHandlerContext.java:366)\n\tat io.netty.channel.AbstractChannelHandlerContext.invokeChannelRead(AbstractChannelHandlerContext.java:352)\n\tat io.netty.chann...
&amp#27;[38;5;214m[54cb3698]&amp#27;[0m&amp#27;[38;5;123m[W3C]&amp#27;[0m Matched W3C error code 'no such element' to NoSuchElementError
&amp#27;[38;5;214m[54cb3698]&amp#27;[0m&amp#27;[38;5;-54m[AndroidUiautomator2Driver@38c1]&amp#27;[0m Waited for 6974 ms so far
&amp#27;[38;5;214m[54cb3698]&amp#27;[0m&amp#27;[38;5;-54m[AndroidUiautomator2Driver@38c1]&amp#27;[0m Matched '/element' to command name 'findElement'
&amp#27;[38;5;214m[54cb3698]&amp#27;[0m&amp#27;[38;5;-54m[AndroidUiautomator2Driver@38c1]&amp#27;[0m Proxying [POST /element] to [POST http://127.0.0.1:8200/session/7af5b591-ed58-44b6-be45-0eb8b1fbd11d/element] with body: {"strategy":"id","selector":"android:id/button1","context":"","multiple":false}
&amp#27;[38;5;214m[54cb3698]&amp#27;[0m&amp#27;[38;5;-54m[AndroidUiautomator2Driver@38c1]&amp#27;[0m Got response with status 404: {"sessionId":"7af5b591-ed58-44b6-be45-0eb8b1fbd11d","value":{"error":"no such element","message":"An element could not be located on the page using the given search parameters","stacktrace":"io.appium.uiautomator2.common.exceptions.ElementNotFoundException: An element could not be located on the page using the given search parameters\n\tat io.appium.uiautomator2.handler.FindElement.safeHandle(FindElement.java:63)\n\tat io.appium.uiautomator2.handler.request.SafeRequestHandler.handle(SafeRequestHandler.java:59)\n\tat io.appium.uiautomator2.server.AppiumServlet.handleRequest(AppiumServlet.java:259)\n\tat io.appium.uiautomator2.server.AppiumServlet.handleHttpRequest(AppiumServlet.java:253)\n\tat io.appium.uiautomator2.http.ServerHandler.channelRead(ServerHandler.java:77)\n\tat io.netty.channel.AbstractChannelHandlerContext.invokeChannelRead(AbstractChannelHandlerContext.java:366)\n\tat io.netty.channel.AbstractChannelHandlerContext.invokeChannelRead(AbstractChannelHandlerContext.java:352)\n\tat io.netty.chann...
&amp#27;[38;5;214m[54cb3698]&amp#27;[0m&amp#27;[38;5;123m[W3C]&amp#27;[0m Matched W3C error code 'no such element' to NoSuchElementError
&amp#27;[38;5;214m[54cb3698]&amp#27;[0m&amp#27;[38;5;-54m[AndroidUiautomator2Driver@38c1]&amp#27;[0m Waited for 7647 ms so far
&amp#27;[38;5;214m[54cb3698]&amp#27;[0m&amp#27;[38;5;-54m[AndroidUiautomator2Driver@38c1]&amp#27;[0m Matched '/element' to command name 'findElement'
&amp#27;[38;5;214m[54cb3698]&amp#27;[0m&amp#27;[38;5;-54m[AndroidUiautomator2Driver@38c1]&amp#27;[0m Proxying [POST /element] to [POST http://127.0.0.1:8200/session/7af5b591-ed58-44b6-be45-0eb8b1fbd11d/element] with body: {"strategy":"id","selector":"android:id/button1","context":"","multiple":false}
&amp#27;[38;5;214m[54cb3698]&amp#27;[0m&amp#27;[38;5;-54m[AndroidUiautomator2Driver@38c1]&amp#27;[0m Got response with status 404: {"sessionId":"7af5b591-ed58-44b6-be45-0eb8b1fbd11d","value":{"error":"no such element","message":"An element could not be located on the page using the given search parameters","stacktrace":"io.appium.uiautomator2.common.exceptions.ElementNotFoundException: An element could not be located on the page using the given search parameters\n\tat io.appium.uiautomator2.handler.FindElement.safeHandle(FindElement.java:63)\n\tat io.appium.uiautomator2.handler.request.SafeRequestHandler.handle(SafeRequestHandler.java:59)\n\tat io.appium.uiautomator2.server.AppiumServlet.handleRequest(AppiumServlet.java:259)\n\tat io.appium.uiautomator2.server.AppiumServlet.handleHttpRequest(AppiumServlet.java:253)\n\tat io.appium.uiautomator2.http.ServerHandler.channelRead(ServerHandler.java:77)\n\tat io.netty.channel.AbstractChannelHandlerContext.invokeChannelRead(AbstractChannelHandlerContext.java:366)\n\tat io.netty.channel.AbstractChannelHandlerContext.invokeChannelRead(AbstractChannelHandlerContext.java:352)\n\tat io.netty.chann...
&amp#27;[38;5;214m[54cb3698]&amp#27;[0m&amp#27;[38;5;123m[W3C]&amp#27;[0m Matched W3C error code 'no such element' to NoSuchElementError
&amp#27;[38;5;214m[54cb3698]&amp#27;[0m&amp#27;[38;5;-54m[AndroidUiautomator2Driver@38c1]&amp#27;[0m Waited for 8183 ms so far
&amp#27;[38;5;214m[54cb3698]&amp#27;[0m&amp#27;[38;5;-54m[AndroidUiautomator2Driver@38c1]&amp#27;[0m Matched '/element' to command name 'findElement'
&amp#27;[38;5;214m[54cb3698]&amp#27;[0m&amp#27;[38;5;-54m[AndroidUiautomator2Driver@38c1]&amp#27;[0m Proxying [POST /element] to [POST http://127.0.0.1:8200/session/7af5b591-ed58-44b6-be45-0eb8b1fbd11d/element] with body: {"strategy":"id","selector":"android:id/button1","context":"","multiple":false}
&amp#27;[38;5;214m[54cb3698]&amp#27;[0m&amp#27;[38;5;-54m[AndroidUiautomator2Driver@38c1]&amp#27;[0m Got response with status 404: {"sessionId":"7af5b591-ed58-44b6-be45-0eb8b1fbd11d","value":{"error":"no such element","message":"An element could not be located on the page using the given search parameters","stacktrace":"io.appium.uiautomator2.common.exceptions.ElementNotFoundException: An element could not be located on the page using the given search parameters\n\tat io.appium.uiautomator2.handler.FindElement.safeHandle(FindElement.java:63)\n\tat io.appium.uiautomator2.handler.request.SafeRequestHandler.handle(SafeRequestHandler.java:59)\n\tat io.appium.uiautomator2.server.AppiumServlet.handleRequest(AppiumServlet.java:259)\n\tat io.appium.uiautomator2.server.AppiumServlet.handleHttpRequest(AppiumServlet.java:253)\n\tat io.appium.uiautomator2.http.ServerHandler.channelRead(ServerHandler.java:77)\n\tat io.netty.channel.AbstractChannelHandlerContext.invokeChannelRead(AbstractChannelHandlerContext.java:366)\n\tat io.netty.channel.AbstractChannelHandlerContext.invokeChannelRead(AbstractChannelHandlerContext.java:352)\n\tat io.netty.chann...
&amp#27;[38;5;214m[54cb3698]&amp#27;[0m&amp#27;[38;5;123m[W3C]&amp#27;[0m Matched W3C error code 'no such element' to NoSuchElementError
&amp#27;[38;5;214m[54cb3698]&amp#27;[0m&amp#27;[38;5;-54m[AndroidUiautomator2Driver@38c1]&amp#27;[0m Waited for 8791 ms so far
&amp#27;[38;5;214m[54cb3698]&amp#27;[0m&amp#27;[38;5;-54m[AndroidUiautomator2Driver@38c1]&amp#27;[0m Matched '/element' to command name 'findElement'
&amp#27;[38;5;214m[54cb3698]&amp#27;[0m&amp#27;[38;5;-54m[AndroidUiautomator2Driver@38c1]&amp#27;[0m Proxying [POST /element] to [POST http://127.0.0.1:8200/session/7af5b591-ed58-44b6-be45-0eb8b1fbd11d/element] with body: {"strategy":"id","selector":"android:id/button1","context":"","multiple":false}
&amp#27;[38;5;214m[54cb3698]&amp#27;[0m&amp#27;[38;5;-54m[AndroidUiautomator2Driver@38c1]&amp#27;[0m Got response with status 404: {"sessionId":"7af5b591-ed58-44b6-be45-0eb8b1fbd11d","value":{"error":"no such element","message":"An element could not be located on the page using the given search parameters","stacktrace":"io.appium.uiautomator2.common.exceptions.ElementNotFoundException: An element could not be located on the page using the given search parameters\n\tat io.appium.uiautomator2.handler.FindElement.safeHandle(FindElement.java:63)\n\tat io.appium.uiautomator2.handler.request.SafeRequestHandler.handle(SafeRequestHandler.java:59)\n\tat io.appium.uiautomator2.server.AppiumServlet.handleRequest(AppiumServlet.java:259)\n\tat io.appium.uiautomator2.server.AppiumServlet.handleHttpRequest(AppiumServlet.java:253)\n\tat io.appium.uiautomator2.http.ServerHandler.channelRead(ServerHandler.java:77)\n\tat io.netty.channel.AbstractChannelHandlerContext.invokeChannelRead(AbstractChannelHandlerContext.java:366)\n\tat io.netty.channel.AbstractChannelHandlerContext.invokeChannelRead(AbstractChannelHandlerContext.java:352)\n\tat io.netty.chann...
&amp#27;[38;5;214m[54cb3698]&amp#27;[0m&amp#27;[38;5;123m[W3C]&amp#27;[0m Matched W3C error code 'no such element' to NoSuchElementError
&amp#27;[38;5;214m[54cb3698]&amp#27;[0m&amp#27;[38;5;-54m[AndroidUiautomator2Driver@38c1]&amp#27;[0m Waited for 9412 ms so far
&amp#27;[38;5;214m[54cb3698]&amp#27;[0m&amp#27;[38;5;-54m[AndroidUiautomator2Driver@38c1]&amp#27;[0m Matched '/element' to command name 'findElement'
&amp#27;[38;5;214m[54cb3698]&amp#27;[0m&amp#27;[38;5;-54m[AndroidUiautomator2Driver@38c1]&amp#27;[0m Proxying [POST /element] to [POST http://127.0.0.1:8200/session/7af5b591-ed58-44b6-be45-0eb8b1fbd11d/element] with body: {"strategy":"id","selector":"android:id/button1","context":"","multiple":false}
&amp#27;[38;5;214m[54cb3698]&amp#27;[0m&amp#27;[38;5;-54m[AndroidUiautomator2Driver@38c1]&amp#27;[0m Got response with status 404: {"sessionId":"7af5b591-ed58-44b6-be45-0eb8b1fbd11d","value":{"error":"no such element","message":"An element could not be located on the page using the given search parameters","stacktrace":"io.appium.uiautomator2.common.exceptions.ElementNotFoundException: An element could not be located on the page using the given search parameters\n\tat io.appium.uiautomator2.handler.FindElement.safeHandle(FindElement.java:63)\n\tat io.appium.uiautomator2.handler.request.SafeRequestHandler.handle(SafeRequestHandler.java:59)\n\tat io.appium.uiautomator2.server.AppiumServlet.handleRequest(AppiumServlet.java:259)\n\tat io.appium.uiautomator2.server.AppiumServlet.handleHttpRequest(AppiumServlet.java:253)\n\tat io.appium.uiautomator2.http.ServerHandler.channelRead(ServerHandler.java:77)\n\tat io.netty.channel.AbstractChannelHandlerContext.invokeChannelRead(AbstractChannelHandlerContext.java:366)\n\tat io.netty.channel.AbstractChannelHandlerContext.invokeChannelRead(AbstractChannelHandlerContext.java:352)\n\tat io.netty.chann...
&amp#27;[38;5;214m[54cb3698]&amp#27;[0m&amp#27;[38;5;123m[W3C]&amp#27;[0m Matched W3C error code 'no such element' to NoSuchElementError
&amp#27;[38;5;214m[54cb3698]&amp#27;[0m&amp#27;[38;5;-54m[AndroidUiautomator2Driver@38c1]&amp#27;[0m Waited for 10047 ms so far
&amp#27;[38;5;214m[54cb3698]&amp#27;[0m&amp#27;[38;5;-54m[AndroidUiautomator2Driver@38c1]&amp#27;[0m Matched '/element' to command name 'findElement'
&amp#27;[38;5;214m[54cb3698]&amp#27;[0m&amp#27;[38;5;-54m[AndroidUiautomator2Driver@38c1]&amp#27;[0m Proxying [POST /element] to [POST http://127.0.0.1:8200/session/7af5b591-ed58-44b6-be45-0eb8b1fbd11d/element] with body: {"strategy":"id","selector":"android:id/button1","context":"","multiple":false}
&amp#27;[38;5;214m[54cb3698]&amp#27;[0m&amp#27;[38;5;-54m[AndroidUiautomator2Driver@38c1]&amp#27;[0m Got response with status 404: {"sessionId":"7af5b591-ed58-44b6-be45-0eb8b1fbd11d","value":{"error":"no such element","message":"An element could not be located on the page using the given search parameters","stacktrace":"io.appium.uiautomator2.common.exceptions.ElementNotFoundException: An element could not be located on the page using the given search parameters\n\tat io.appium.uiautomator2.handler.FindElement.safeHandle(FindElement.java:63)\n\tat io.appium.uiautomator2.handler.request.SafeRequestHandler.handle(SafeRequestHandler.java:59)\n\tat io.appium.uiautomator2.server.AppiumServlet.handleRequest(AppiumServlet.java:259)\n\tat io.appium.uiautomator2.server.AppiumServlet.handleHttpRequest(AppiumServlet.java:253)\n\tat io.appium.uiautomator2.http.ServerHandler.channelRead(ServerHandler.java:77)\n\tat io.netty.channel.AbstractChannelHandlerContext.invokeChannelRead(AbstractChannelHandlerContext.java:366)\n\tat io.netty.channel.AbstractChannelHandlerContext.invokeChannelRead(AbstractChannelHandlerContext.java:352)\n\tat io.netty.chann...
&amp#27;[38;5;214m[54cb3698]&amp#27;[0m&amp#27;[38;5;123m[W3C]&amp#27;[0m Matched W3C error code 'no such element' to NoSuchElementError
&amp#27;[38;5;214m[54cb3698]&amp#27;[0m&amp#27;[38;5;-54m[AndroidUiautomator2Driver@38c1]&amp#27;[0m Waited for 10676 ms so far
&amp#27;[38;5;214m[54cb3698]&amp#27;[0m&amp#27;[38;5;-54m[AndroidUiautomator2Driver@38c1]&amp#27;[0m Matched '/element' to command name 'findElement'
&amp#27;[38;5;214m[54cb3698]&amp#27;[0m&amp#27;[38;5;-54m[AndroidUiautomator2Driver@38c1]&amp#27;[0m Proxying [POST /element] to [POST http://127.0.0.1:8200/session/7af5b591-ed58-44b6-be45-0eb8b1fbd11d/element] with body: {"strategy":"id","selector":"android:id/button1","context":"","multiple":false}
&amp#27;[38;5;214m[54cb3698]&amp#27;[0m&amp#27;[38;5;-54m[AndroidUiautomator2Driver@38c1]&amp#27;[0m Got response with status 404: {"sessionId":"7af5b591-ed58-44b6-be45-0eb8b1fbd11d","value":{"error":"no such element","message":"An element could not be located on the page using the given search parameters","stacktrace":"io.appium.uiautomator2.common.exceptions.ElementNotFoundException: An element could not be located on the page using the given search parameters\n\tat io.appium.uiautomator2.handler.FindElement.safeHandle(FindElement.java:63)\n\tat io.appium.uiautomator2.handler.request.SafeRequestHandler.handle(SafeRequestHandler.java:59)\n\tat io.appium.uiautomator2.server.AppiumServlet.handleRequest(AppiumServlet.java:259)\n\tat io.appium.uiautomator2.server.AppiumServlet.handleHttpRequest(AppiumServlet.java:253)\n\tat io.appium.uiautomator2.http.ServerHandler.channelRead(ServerHandler.java:77)\n\tat io.netty.channel.AbstractChannelHandlerContext.invokeChannelRead(AbstractChannelHandlerContext.java:366)\n\tat io.netty.channel.AbstractChannelHandlerContext.invokeChannelRead(AbstractChannelHandlerContext.java:352)\n\tat io.netty.chann...
&amp#27;[38;5;214m[54cb3698]&amp#27;[0m&amp#27;[38;5;123m[W3C]&amp#27;[0m Matched W3C error code 'no such element' to NoSuchElementError
&amp#27;[38;5;214m[54cb3698]&amp#27;[0m&amp#27;[38;5;-54m[AndroidUiautomator2Driver@38c1]&amp#27;[0m Waited for 11333 ms so far
&amp#27;[38;5;214m[54cb3698]&amp#27;[0m&amp#27;[38;5;-54m[AndroidUiautomator2Driver@38c1]&amp#27;[0m Matched '/element' to command name 'findElement'
&amp#27;[38;5;214m[54cb3698]&amp#27;[0m&amp#27;[38;5;-54m[AndroidUiautomator2Driver@38c1]&amp#27;[0m Proxying [POST /element] to [POST http://127.0.0.1:8200/session/7af5b591-ed58-44b6-be45-0eb8b1fbd11d/element] with body: {"strategy":"id","selector":"android:id/button1","context":"","multiple":false}
&amp#27;[38;5;214m[54cb3698]&amp#27;[0m&amp#27;[38;5;-54m[AndroidUiautomator2Driver@38c1]&amp#27;[0m Got response with status 404: {"sessionId":"7af5b591-ed58-44b6-be45-0eb8b1fbd11d","value":{"error":"no such element","message":"An element could not be located on the page using the given search parameters","stacktrace":"io.appium.uiautomator2.common.exceptions.ElementNotFoundException: An element could not be located on the page using the given search parameters\n\tat io.appium.uiautomator2.handler.FindElement.safeHandle(FindElement.java:63)\n\tat io.appium.uiautomator2.handler.request.SafeRequestHandler.handle(SafeRequestHandler.java:59)\n\tat io.appium.uiautomator2.server.AppiumServlet.handleRequest(AppiumServlet.java:259)\n\tat io.appium.uiautomator2.server.AppiumServlet.handleHttpRequest(AppiumServlet.java:253)\n\tat io.appium.uiautomator2.http.ServerHandler.channelRead(ServerHandler.java:77)\n\tat io.netty.channel.AbstractChannelHandlerContext.invokeChannelRead(AbstractChannelHandlerContext.java:366)\n\tat io.netty.channel.AbstractChannelHandlerContext.invokeChannelRead(AbstractChannelHandlerContext.java:352)\n\tat io.netty.chann...
&amp#27;[38;5;214m[54cb3698]&amp#27;[0m&amp#27;[38;5;123m[W3C]&amp#27;[0m Matched W3C error code 'no such element' to NoSuchElementError
&amp#27;[38;5;214m[54cb3698]&amp#27;[0m&amp#27;[38;5;-54m[AndroidUiautomator2Driver@38c1]&amp#27;[0m Waited for 12003 ms so far
&amp#27;[38;5;214m[54cb3698]&amp#27;[0m&amp#27;[38;5;-54m[AndroidUiautomator2Driver@38c1]&amp#27;[0m Matched '/element' to command name 'findElement'
&amp#27;[38;5;214m[54cb3698]&amp#27;[0m&amp#27;[38;5;-54m[AndroidUiautomator2Driver@38c1]&amp#27;[0m Proxying [POST /element] to [POST http://127.0.0.1:8200/session/7af5b591-ed58-44b6-be45-0eb8b1fbd11d/element] with body: {"strategy":"id","selector":"android:id/button1","context":"","multiple":false}
&amp#27;[38;5;214m[54cb3698]&amp#27;[0m&amp#27;[38;5;-54m[AndroidUiautomator2Driver@38c1]&amp#27;[0m Got response with status 404: {"sessionId":"7af5b591-ed58-44b6-be45-0eb8b1fbd11d","value":{"error":"no such element","message":"An element could not be located on the page using the given search parameters","stacktrace":"io.appium.uiautomator2.common.exceptions.ElementNotFoundException: An element could not be located on the page using the given search parameters\n\tat io.appium.uiautomator2.handler.FindElement.safeHandle(FindElement.java:63)\n\tat io.appium.uiautomator2.handler.request.SafeRequestHandler.handle(SafeRequestHandler.java:59)\n\tat io.appium.uiautomator2.server.AppiumServlet.handleRequest(AppiumServlet.java:259)\n\tat io.appium.uiautomator2.server.AppiumServlet.handleHttpRequest(AppiumServlet.java:253)\n\tat io.appium.uiautomator2.http.ServerHandler.channelRead(ServerHandler.java:77)\n\tat io.netty.channel.AbstractChannelHandlerContext.invokeChannelRead(AbstractChannelHandlerContext.java:366)\n\tat io.netty.channel.AbstractChannelHandlerContext.invokeChannelRead(AbstractChannelHandlerContext.java:352)\n\tat io.netty.chann...
&amp#27;[38;5;214m[54cb3698]&amp#27;[0m&amp#27;[38;5;123m[W3C]&amp#27;[0m Matched W3C error code 'no such element' to NoSuchElementError
&amp#27;[38;5;214m[54cb3698]&amp#27;[0m&amp#27;[38;5;-54m[AndroidUiautomator2Driver@38c1]&amp#27;[0m Waited for 12682 ms so far
&amp#27;[38;5;214m[54cb3698]&amp#27;[0m&amp#27;[38;5;-54m[AndroidUiautomator2Driver@38c1]&amp#27;[0m Matched '/element' to command name 'findElement'
&amp#27;[38;5;214m[54cb3698]&amp#27;[0m&amp#27;[38;5;-54m[AndroidUiautomator2Driver@38c1]&amp#27;[0m Proxying [POST /element] to [POST http://127.0.0.1:8200/session/7af5b591-ed58-44b6-be45-0eb8b1fbd11d/element] with body: {"strategy":"id","selector":"android:id/button1","context":"","multiple":false}
&amp#27;[38;5;214m[54cb3698]&amp#27;[0m&amp#27;[38;5;-54m[AndroidUiautomator2Driver@38c1]&amp#27;[0m Got response with status 404: {"sessionId":"7af5b591-ed58-44b6-be45-0eb8b1fbd11d","value":{"error":"no such element","message":"An element could not be located on the page using the given search parameters","stacktrace":"io.appium.uiautomator2.common.exceptions.ElementNotFoundException: An element could not be located on the page using the given search parameters\n\tat io.appium.uiautomator2.handler.FindElement.safeHandle(FindElement.java:63)\n\tat io.appium.uiautomator2.handler.request.SafeRequestHandler.handle(SafeRequestHandler.java:59)\n\tat io.appium.uiautomator2.server.AppiumServlet.handleRequest(AppiumServlet.java:259)\n\tat io.appium.uiautomator2.server.AppiumServlet.handleHttpRequest(AppiumServlet.java:253)\n\tat io.appium.uiautomator2.http.ServerHandler.channelRead(ServerHandler.java:77)\n\tat io.netty.channel.AbstractChannelHandlerContext.invokeChannelRead(AbstractChannelHandlerContext.java:366)\n\tat io.netty.channel.AbstractChannelHandlerContext.invokeChannelRead(AbstractChannelHandlerContext.java:352)\n\tat io.netty.chann...
&amp#27;[38;5;214m[54cb3698]&amp#27;[0m&amp#27;[38;5;123m[W3C]&amp#27;[0m Matched W3C error code 'no such element' to NoSuchElementError
&amp#27;[38;5;214m[54cb3698]&amp#27;[0m&amp#27;[38;5;-54m[AndroidUiautomator2Driver@38c1]&amp#27;[0m Waited for 13351 ms so far
&amp#27;[38;5;214m[54cb3698]&amp#27;[0m&amp#27;[38;5;-54m[AndroidUiautomator2Driver@38c1]&amp#27;[0m Matched '/element' to command name 'findElement'
&amp#27;[38;5;214m[54cb3698]&amp#27;[0m&amp#27;[38;5;-54m[AndroidUiautomator2Driver@38c1]&amp#27;[0m Proxying [POST /element] to [POST http://127.0.0.1:8200/session/7af5b591-ed58-44b6-be45-0eb8b1fbd11d/element] with body: {"strategy":"id","selector":"android:id/button1","context":"","multiple":false}
&amp#27;[38;5;214m[54cb3698]&amp#27;[0m&amp#27;[38;5;-54m[AndroidUiautomator2Driver@38c1]&amp#27;[0m Got response with status 404: {"sessionId":"7af5b591-ed58-44b6-be45-0eb8b1fbd11d","value":{"error":"no such element","message":"An element could not be located on the page using the given search parameters","stacktrace":"io.appium.uiautomator2.common.exceptions.ElementNotFoundException: An element could not be located on the page using the given search parameters\n\tat io.appium.uiautomator2.handler.FindElement.safeHandle(FindElement.java:63)\n\tat io.appium.uiautomator2.handler.request.SafeRequestHandler.handle(SafeRequestHandler.java:59)\n\tat io.appium.uiautomator2.server.AppiumServlet.handleRequest(AppiumServlet.java:259)\n\tat io.appium.uiautomator2.server.AppiumServlet.handleHttpRequest(AppiumServlet.java:253)\n\tat io.appium.uiautomator2.http.ServerHandler.channelRead(ServerHandler.java:77)\n\tat io.netty.channel.AbstractChannelHandlerContext.invokeChannelRead(AbstractChannelHandlerContext.java:366)\n\tat io.netty.channel.AbstractChannelHandlerContext.invokeChannelRead(AbstractChannelHandlerContext.java:352)\n\tat io.netty.chann...
&amp#27;[38;5;214m[54cb3698]&amp#27;[0m&amp#27;[38;5;123m[W3C]&amp#27;[0m Matched W3C error code 'no such element' to NoSuchElementError
&amp#27;[38;5;214m[54cb3698]&amp#27;[0m&amp#27;[38;5;-54m[AndroidUiautomator2Driver@38c1]&amp#27;[0m Waited for 14029 ms so far
&amp#27;[38;5;214m[54cb3698]&amp#27;[0m&amp#27;[38;5;-54m[AndroidUiautomator2Driver@38c1]&amp#27;[0m Matched '/element' to command name 'findElement'
&amp#27;[38;5;214m[54cb3698]&amp#27;[0m&amp#27;[38;5;-54m[AndroidUiautomator2Driver@38c1]&amp#27;[0m Proxying [POST /element] to [POST http://127.0.0.1:8200/session/7af5b591-ed58-44b6-be45-0eb8b1fbd11d/element] with body: {"strategy":"id","selector":"android:id/button1","context":"","multiple":false}
&amp#27;[38;5;214m[54cb3698]&amp#27;[0m&amp#27;[38;5;-54m[AndroidUiautomator2Driver@38c1]&amp#27;[0m Got response with status 404: {"sessionId":"7af5b591-ed58-44b6-be45-0eb8b1fbd11d","value":{"error":"no such element","message":"An element could not be located on the page using the given search parameters","stacktrace":"io.appium.uiautomator2.common.exceptions.ElementNotFoundException: An element could not be located on the page using the given search parameters\n\tat io.appium.uiautomator2.handler.FindElement.safeHandle(FindElement.java:63)\n\tat io.appium.uiautomator2.handler.request.SafeRequestHandler.handle(SafeRequestHandler.java:59)\n\tat io.appium.uiautomator2.server.AppiumServlet.handleRequest(AppiumServlet.java:259)\n\tat io.appium.uiautomator2.server.AppiumServlet.handleHttpRequest(AppiumServlet.java:253)\n\tat io.appium.uiautomator2.http.ServerHandler.channelRead(ServerHandler.java:77)\n\tat io.netty.channel.AbstractChannelHandlerContext.invokeChannelRead(AbstractChannelHandlerContext.java:366)\n\tat io.netty.channel.AbstractChannelHandlerContext.invokeChannelRead(AbstractChannelHandlerContext.java:352)\n\tat io.netty.chann...
&amp#27;[38;5;214m[54cb3698]&amp#27;[0m&amp#27;[38;5;123m[W3C]&amp#27;[0m Matched W3C error code 'no such element' to NoSuchElementError
&amp#27;[38;5;214m[54cb3698]&amp#27;[0m&amp#27;[38;5;-54m[AndroidUiautomator2Driver@38c1]&amp#27;[0m Waited for 14725 ms so far
&amp#27;[38;5;214m[54cb3698]&amp#27;[0m&amp#27;[38;5;-54m[AndroidUiautomator2Driver@38c1]&amp#27;[0m Matched '/element' to command name 'findElement'
&amp#27;[38;5;214m[54cb3698]&amp#27;[0m&amp#27;[38;5;-54m[AndroidUiautomator2Driver@38c1]&amp#27;[0m Proxying [POST /element] to [POST http://127.0.0.1:8200/session/7af5b591-ed58-44b6-be45-0eb8b1fbd11d/element] with body: {"strategy":"id","selector":"android:id/button1","context":"","multiple":false}
&amp#27;[38;5;214m[54cb3698]&amp#27;[0m&amp#27;[38;5;-54m[AndroidUiautomator2Driver@38c1]&amp#27;[0m Got response with status 404: {"sessionId":"7af5b591-ed58-44b6-be45-0eb8b1fbd11d","value":{"error":"no such element","message":"An element could not be located on the page using the given search parameters","stacktrace":"io.appium.uiautomator2.common.exceptions.ElementNotFoundException: An element could not be located on the page using the given search parameters\n\tat io.appium.uiautomator2.handler.FindElement.safeHandle(FindElement.java:63)\n\tat io.appium.uiautomator2.handler.request.SafeRequestHandler.handle(SafeRequestHandler.java:59)\n\tat io.appium.uiautomator2.server.AppiumServlet.handleRequest(AppiumServlet.java:259)\n\tat io.appium.uiautomator2.server.AppiumServlet.handleHttpRequest(AppiumServlet.java:253)\n\tat io.appium.uiautomator2.http.ServerHandler.channelRead(ServerHandler.java:77)\n\tat io.netty.channel.AbstractChannelHandlerContext.invokeChannelRead(AbstractChannelHandlerContext.java:366)\n\tat io.netty.channel.AbstractChannelHandlerContext.invokeChannelRead(AbstractChannelHandlerContext.java:352)\n\tat io.netty.chann...
&amp#27;[38;5;214m[54cb3698]&amp#27;[0m&amp#27;[38;5;123m[W3C]&amp#27;[0m Matched W3C error code 'no such element' to NoSuchElementError
&amp#27;[38;5;214m[54cb3698]&amp#27;[0m&amp#27;[38;5;-54m[AndroidUiautomator2Driver@38c1]&amp#27;[0m Waited for 15345 ms so far
&amp#27;[38;5;214m[54cb3698]&amp#27;[0m&amp#27;[38;5;-54m[AndroidUiautomator2Driver@38c1]&amp#27;[0m Matched '/element' to command name 'findElement'
&amp#27;[38;5;214m[54cb3698]&amp#27;[0m&amp#27;[38;5;-54m[AndroidUiautomator2Driver@38c1]&amp#27;[0m Proxying [POST /element] to [POST http://127.0.0.1:8200/session/7af5b591-ed58-44b6-be45-0eb8b1fbd11d/element] with body: {"strategy":"id","selector":"android:id/button1","context":"","multiple":false}
&amp#27;[38;5;214m[54cb3698]&amp#27;[0m&amp#27;[38;5;-54m[AndroidUiautomator2Driver@38c1]&amp#27;[0m Got response with status 404: {"sessionId":"7af5b591-ed58-44b6-be45-0eb8b1fbd11d","value":{"error":"no such element","message":"An element could not be located on the page using the given search parameters","stacktrace":"io.appium.uiautomator2.common.exceptions.ElementNotFoundException: An element could not be located on the page using the given search parameters\n\tat io.appium.uiautomator2.handler.FindElement.safeHandle(FindElement.java:63)\n\tat io.appium.uiautomator2.handler.request.SafeRequestHandler.handle(SafeRequestHandler.java:59)\n\tat io.appium.uiautomator2.server.AppiumServlet.handleRequest(AppiumServlet.java:259)\n\tat io.appium.uiautomator2.server.AppiumServlet.handleHttpRequest(AppiumServlet.java:253)\n\tat io.appium.uiautomator2.http.ServerHandler.channelRead(ServerHandler.java:77)\n\tat io.netty.channel.AbstractChannelHandlerContext.invokeChannelRead(AbstractChannelHandlerContext.java:366)\n\tat io.netty.channel.AbstractChannelHandlerContext.invokeChannelRead(AbstractChannelHandlerContext.java:352)\n\tat io.netty.chann...
&amp#27;[38;5;214m[54cb3698]&amp#27;[0m&amp#27;[38;5;123m[W3C]&amp#27;[0m Matched W3C error code 'no such element' to NoSuchElementError
&amp#27;[38;5;214m[54cb3698]&amp#27;[0m&amp#27;[38;5;-54m[AndroidUiautomator2Driver@38c1]&amp#27;[0m Waited for 16005 ms so far
&amp#27;[38;5;214m[54cb3698]&amp#27;[0m&amp#27;[38;5;-54m[AndroidUiautomator2Driver@38c1]&amp#27;[0m Matched '/element' to command name 'findElement'
&amp#27;[38;5;214m[54cb3698]&amp#27;[0m&amp#27;[38;5;-54m[AndroidUiautomator2Driver@38c1]&amp#27;[0m Proxying [POST /element] to [POST http://127.0.0.1:8200/session/7af5b591-ed58-44b6-be45-0eb8b1fbd11d/element] with body: {"strategy":"id","selector":"android:id/button1","context":"","multiple":false}
&amp#27;[38;5;214m[54cb3698]&amp#27;[0m&amp#27;[38;5;-54m[AndroidUiautomator2Driver@38c1]&amp#27;[0m Got response with status 404: {"sessionId":"7af5b591-ed58-44b6-be45-0eb8b1fbd11d","value":{"error":"no such element","message":"An element could not be located on the page using the given search parameters","stacktrace":"io.appium.uiautomator2.common.exceptions.ElementNotFoundException: An element could not be located on the page using the given search parameters\n\tat io.appium.uiautomator2.handler.FindElement.safeHandle(FindElement.java:63)\n\tat io.appium.uiautomator2.handler.request.SafeRequestHandler.handle(SafeRequestHandler.java:59)\n\tat io.appium.uiautomator2.server.AppiumServlet.handleRequest(AppiumServlet.java:259)\n\tat io.appium.uiautomator2.server.AppiumServlet.handleHttpRequest(AppiumServlet.java:253)\n\tat io.appium.uiautomator2.http.ServerHandler.channelRead(ServerHandler.java:77)\n\tat io.netty.channel.AbstractChannelHandlerContext.invokeChannelRead(AbstractChannelHandlerContext.java:366)\n\tat io.netty.channel.AbstractChannelHandlerContext.invokeChannelRead(AbstractChannelHandlerContext.java:352)\n\tat io.netty.chann...
&amp#27;[38;5;214m[54cb3698]&amp#27;[0m&amp#27;[38;5;123m[W3C]&amp#27;[0m Matched W3C error code 'no such element' to NoSuchElementError
&amp#27;[38;5;214m[54cb3698]&amp#27;[0m&amp#27;[38;5;-54m[AndroidUiautomator2Driver@38c1]&amp#27;[0m Waited for 16655 ms so far
&amp#27;[38;5;214m[54cb3698]&amp#27;[0m&amp#27;[38;5;-54m[AndroidUiautomator2Driver@38c1]&amp#27;[0m Matched '/element' to command name 'findElement'
&amp#27;[38;5;214m[54cb3698]&amp#27;[0m&amp#27;[38;5;-54m[AndroidUiautomator2Driver@38c1]&amp#27;[0m Proxying [POST /element] to [POST http://127.0.0.1:8200/session/7af5b591-ed58-44b6-be45-0eb8b1fbd11d/element] with body: {"strategy":"id","selector":"android:id/button1","context":"","multiple":false}
&amp#27;[38;5;214m[54cb3698]&amp#27;[0m&amp#27;[38;5;-54m[AndroidUiautomator2Driver@38c1]&amp#27;[0m Got response with status 404: {"sessionId":"7af5b591-ed58-44b6-be45-0eb8b1fbd11d","value":{"error":"no such element","message":"An element could not be located on the page using the given search parameters","stacktrace":"io.appium.uiautomator2.common.exceptions.ElementNotFoundException: An element could not be located on the page using the given search parameters\n\tat io.appium.uiautomator2.handler.FindElement.safeHandle(FindElement.java:63)\n\tat io.appium.uiautomator2.handler.request.SafeRequestHandler.handle(SafeRequestHandler.java:59)\n\tat io.appium.uiautomator2.server.AppiumServlet.handleRequest(AppiumServlet.java:259)\n\tat io.appium.uiautomator2.server.AppiumServlet.handleHttpRequest(AppiumServlet.java:253)\n\tat io.appium.uiautomator2.http.ServerHandler.channelRead(ServerHandler.java:77)\n\tat io.netty.channel.AbstractChannelHandlerContext.invokeChannelRead(AbstractChannelHandlerContext.java:366)\n\tat io.netty.channel.AbstractChannelHandlerContext.invokeChannelRead(AbstractChannelHandlerContext.java:352)\n\tat io.netty.chann...
&amp#27;[38;5;214m[54cb3698]&amp#27;[0m&amp#27;[38;5;123m[W3C]&amp#27;[0m Matched W3C error code 'no such element' to NoSuchElementError
&amp#27;[38;5;214m[54cb3698]&amp#27;[0m&amp#27;[38;5;-54m[AndroidUiautomator2Driver@38c1]&amp#27;[0m Waited for 17314 ms so far
&amp#27;[38;5;214m[54cb3698]&amp#27;[0m&amp#27;[38;5;-54m[AndroidUiautomator2Driver@38c1]&amp#27;[0m Matched '/element' to command name 'findElement'
&amp#27;[38;5;214m[54cb3698]&amp#27;[0m&amp#27;[38;5;-54m[AndroidUiautomator2Driver@38c1]&amp#27;[0m Proxying [POST /element] to [POST http://127.0.0.1:8200/session/7af5b591-ed58-44b6-be45-0eb8b1fbd11d/element] with body: {"strategy":"id","selector":"android:id/button1","context":"","multiple":false}
&amp#27;[38;5;214m[54cb3698]&amp#27;[0m&amp#27;[38;5;-54m[AndroidUiautomator2Driver@38c1]&amp#27;[0m Got response with status 404: {"sessionId":"7af5b591-ed58-44b6-be45-0eb8b1fbd11d","value":{"error":"no such element","message":"An element could not be located on the page using the given search parameters","stacktrace":"io.appium.uiautomator2.common.exceptions.ElementNotFoundException: An element could not be located on the page using the given search parameters\n\tat io.appium.uiautomator2.handler.FindElement.safeHandle(FindElement.java:63)\n\tat io.appium.uiautomator2.handler.request.SafeRequestHandler.handle(SafeRequestHandler.java:59)\n\tat io.appium.uiautomator2.server.AppiumServlet.handleRequest(AppiumServlet.java:259)\n\tat io.appium.uiautomator2.server.AppiumServlet.handleHttpRequest(AppiumServlet.java:253)\n\tat io.appium.uiautomator2.http.ServerHandler.channelRead(ServerHandler.java:77)\n\tat io.netty.channel.AbstractChannelHandlerContext.invokeChannelRead(AbstractChannelHandlerContext.java:366)\n\tat io.netty.channel.AbstractChannelHandlerContext.invokeChannelRead(AbstractChannelHandlerContext.java:352)\n\tat io.netty.chann...
&amp#27;[38;5;214m[54cb3698]&amp#27;[0m&amp#27;[38;5;123m[W3C]&amp#27;[0m Matched W3C error code 'no such element' to NoSuchElementError
&amp#27;[38;5;214m[54cb3698]&amp#27;[0m&amp#27;[38;5;-54m[AndroidUiautomator2Driver@38c1]&amp#27;[0m Waited for 17961 ms so far
&amp#27;[38;5;214m[54cb3698]&amp#27;[0m&amp#27;[38;5;-54m[AndroidUiautomator2Driver@38c1]&amp#27;[0m Matched '/element' to command name 'findElement'
&amp#27;[38;5;214m[54cb3698]&amp#27;[0m&amp#27;[38;5;-54m[AndroidUiautomator2Driver@38c1]&amp#27;[0m Proxying [POST /element] to [POST http://127.0.0.1:8200/session/7af5b591-ed58-44b6-be45-0eb8b1fbd11d/element] with body: {"strategy":"id","selector":"android:id/button1","context":"","multiple":false}
&amp#27;[38;5;214m[54cb3698]&amp#27;[0m&amp#27;[38;5;-54m[AndroidUiautomator2Driver@38c1]&amp#27;[0m Got response with status 404: {"sessionId":"7af5b591-ed58-44b6-be45-0eb8b1fbd11d","value":{"error":"no such element","message":"An element could not be located on the page using the given search parameters","stacktrace":"io.appium.uiautomator2.common.exceptions.ElementNotFoundException: An element could not be located on the page using the given search parameters\n\tat io.appium.uiautomator2.handler.FindElement.safeHandle(FindElement.java:63)\n\tat io.appium.uiautomator2.handler.request.SafeRequestHandler.handle(SafeRequestHandler.java:59)\n\tat io.appium.uiautomator2.server.AppiumServlet.handleRequest(AppiumServlet.java:259)\n\tat io.appium.uiautomator2.server.AppiumServlet.handleHttpRequest(AppiumServlet.java:253)\n\tat io.appium.uiautomator2.http.ServerHandler.channelRead(ServerHandler.java:77)\n\tat io.netty.channel.AbstractChannelHandlerContext.invokeChannelRead(AbstractChannelHandlerContext.java:366)\n\tat io.netty.channel.AbstractChannelHandlerContext.invokeChannelRead(AbstractChannelHandlerContext.java:352)\n\tat io.netty.chann...
&amp#27;[38;5;214m[54cb3698]&amp#27;[0m&amp#27;[38;5;123m[W3C]&amp#27;[0m Matched W3C error code 'no such element' to NoSuchElementError
&amp#27;[38;5;214m[54cb3698]&amp#27;[0m&amp#27;[38;5;-54m[AndroidUiautomator2Driver@38c1]&amp#27;[0m Waited for 18601 ms so far
&amp#27;[38;5;214m[54cb3698]&amp#27;[0m&amp#27;[38;5;-54m[AndroidUiautomator2Driver@38c1]&amp#27;[0m Matched '/element' to command name 'findElement'
&amp#27;[38;5;214m[54cb3698]&amp#27;[0m&amp#27;[38;5;-54m[AndroidUiautomator2Driver@38c1]&amp#27;[0m Proxying [POST /element] to [POST http://127.0.0.1:8200/session/7af5b591-ed58-44b6-be45-0eb8b1fbd11d/element] with body: {"strategy":"id","selector":"android:id/button1","context":"","multiple":false}
&amp#27;[38;5;214m[54cb3698]&amp#27;[0m&amp#27;[38;5;-54m[AndroidUiautomator2Driver@38c1]&amp#27;[0m Got response with status 404: {"sessionId":"7af5b591-ed58-44b6-be45-0eb8b1fbd11d","value":{"error":"no such element","message":"An element could not be located on the page using the given search parameters","stacktrace":"io.appium.uiautomator2.common.exceptions.ElementNotFoundException: An element could not be located on the page using the given search parameters\n\tat io.appium.uiautomator2.handler.FindElement.safeHandle(FindElement.java:63)\n\tat io.appium.uiautomator2.handler.request.SafeRequestHandler.handle(SafeRequestHandler.java:59)\n\tat io.appium.uiautomator2.server.AppiumServlet.handleRequest(AppiumServlet.java:259)\n\tat io.appium.uiautomator2.server.AppiumServlet.handleHttpRequest(AppiumServlet.java:253)\n\tat io.appium.uiautomator2.http.ServerHandler.channelRead(ServerHandler.java:77)\n\tat io.netty.channel.AbstractChannelHandlerContext.invokeChannelRead(AbstractChannelHandlerContext.java:366)\n\tat io.netty.channel.AbstractChannelHandlerContext.invokeChannelRead(AbstractChannelHandlerContext.java:352)\n\tat io.netty.chann...
&amp#27;[38;5;214m[54cb3698]&amp#27;[0m&amp#27;[38;5;123m[W3C]&amp#27;[0m Matched W3C error code 'no such element' to NoSuchElementError
&amp#27;[38;5;214m[54cb3698]&amp#27;[0m&amp#27;[38;5;-54m[AndroidUiautomator2Driver@38c1]&amp#27;[0m Waited for 19257 ms so far
&amp#27;[38;5;214m[54cb3698]&amp#27;[0m&amp#27;[38;5;-54m[AndroidUiautomator2Driver@38c1]&amp#27;[0m Matched '/element' to command name 'findElement'
&amp#27;[38;5;214m[54cb3698]&amp#27;[0m&amp#27;[38;5;-54m[AndroidUiautomator2Driver@38c1]&amp#27;[0m Proxying [POST /element] to [POST http://127.0.0.1:8200/session/7af5b591-ed58-44b6-be45-0eb8b1fbd11d/element] with body: {"strategy":"id","selector":"android:id/button1","context":"","multiple":false}
&amp#27;[38;5;214m[54cb3698]&amp#27;[0m&amp#27;[38;5;-54m[AndroidUiautomator2Driver@38c1]&amp#27;[0m Got response with status 404: {"sessionId":"7af5b591-ed58-44b6-be45-0eb8b1fbd11d","value":{"error":"no such element","message":"An element could not be located on the page using the given search parameters","stacktrace":"io.appium.uiautomator2.common.exceptions.ElementNotFoundException: An element could not be located on the page using the given search parameters\n\tat io.appium.uiautomator2.handler.FindElement.safeHandle(FindElement.java:63)\n\tat io.appium.uiautomator2.handler.request.SafeRequestHandler.handle(SafeRequestHandler.java:59)\n\tat io.appium.uiautomator2.server.AppiumServlet.handleRequest(AppiumServlet.java:259)\n\tat io.appium.uiautomator2.server.AppiumServlet.handleHttpRequest(AppiumServlet.java:253)\n\tat io.appium.uiautomator2.http.ServerHandler.channelRead(ServerHandler.java:77)\n\tat io.netty.channel.AbstractChannelHandlerContext.invokeChannelRead(AbstractChannelHandlerContext.java:366)\n\tat io.netty.channel.AbstractChannelHandlerContext.invokeChannelRead(AbstractChannelHandlerContext.java:352)\n\tat io.netty.chann...
&amp#27;[38;5;214m[54cb3698]&amp#27;[0m&amp#27;[38;5;123m[W3C]&amp#27;[0m Matched W3C error code 'no such element' to NoSuchElementError
&amp#27;[38;5;214m[54cb3698]&amp#27;[0m&amp#27;[38;5;-54m[AndroidUiautomator2Driver@38c1]&amp#27;[0m Waited for 19897 ms so far
&amp#27;[38;5;214m[54cb3698]&amp#27;[0m&amp#27;[38;5;-54m[AndroidUiautomator2Driver@38c1]&amp#27;[0m Matched '/element' to command name 'findElement'
&amp#27;[38;5;214m[54cb3698]&amp#27;[0m&amp#27;[38;5;-54m[AndroidUiautomator2Driver@38c1]&amp#27;[0m Proxying [POST /element] to [POST http://127.0.0.1:8200/session/7af5b591-ed58-44b6-be45-0eb8b1fbd11d/element] with body: {"strategy":"id","selector":"android:id/button1","context":"","multiple":false}
&amp#27;[38;5;214m[54cb3698]&amp#27;[0m&amp#27;[38;5;-54m[AndroidUiautomator2Driver@38c1]&amp#27;[0m Got response with status 404: {"sessionId":"7af5b591-ed58-44b6-be45-0eb8b1fbd11d","value":{"error":"no such element","message":"An element could not be located on the page using the given search parameters","stacktrace":"io.appium.uiautomator2.common.exceptions.ElementNotFoundException: An element could not be located on the page using the given search parameters\n\tat io.appium.uiautomator2.handler.FindElement.safeHandle(FindElement.java:63)\n\tat io.appium.uiautomator2.handler.request.SafeRequestHandler.handle(SafeRequestHandler.java:59)\n\tat io.appium.uiautomator2.server.AppiumServlet.handleRequest(AppiumServlet.java:259)\n\tat io.appium.uiautomator2.server.AppiumServlet.handleHttpRequest(AppiumServlet.java:253)\n\tat io.appium.uiautomator2.http.ServerHandler.channelRead(ServerHandler.java:77)\n\tat io.netty.channel.AbstractChannelHandlerContext.invokeChannelRead(AbstractChannelHandlerContext.java:366)\n\tat io.netty.channel.AbstractChannelHandlerContext.invokeChannelRead(AbstractChannelHandlerContext.java:352)\n\tat io.netty.chann...
&amp#27;[38;5;214m[54cb3698]&amp#27;[0m&amp#27;[38;5;123m[W3C]&amp#27;[0m Matched W3C error code 'no such element' to NoSuchElementError
&amp#27;[38;5;214m[54cb3698]&amp#27;[0m&amp#27;[38;5;-54m[AndroidUiautomator2Driver@38c1]&amp#27;[0m Encountered internal error running command: NoSuchElementError: An element could not be located on the page using the given search parameters.
    at AndroidUiautomator2Driver.findElOrEls (C:\Users\Anishkumar\node_modules\appium-uiautomator2-driver\node_modules\appium-android-driver\lib\commands\find.ts:86:11)
    at processTicksAndRejections (node:internal/process/task_queues:105:5)
    at AndroidUiautomator2Driver.findElOrElsWithProcessing (C:\Users\Anishkumar\node_modules\appium-uiautomator2-driver\node_modules\@appium\base-driver\lib\basedriver\commands\find.ts:60:12)
    at AndroidUiautomator2Driver.findElement (C:\Users\Anishkumar\node_modules\appium-uiautomator2-driver\node_modules\@appium\base-driver\lib\basedriver\commands\find.ts:75:12)
&amp#27;[38;5;214m[54cb3698]&amp#27;[0m&amp#27;[38;5;86m[HTTP]&amp#27;[0m &amp#27;[37m<-- POST /session/54cb3698-e03f-4cbd-b4e9-fe0dcbe108de/element &amp#27;[39m&amp#27;[33m404&amp#27;[39m &amp#27;[90m20172 ms - 891&amp#27;[39m &amp#27;[90m&amp#27;[39m
&amp#27;[38;5;214m[54cb3698]&amp#27;[0m&amp#27;[38;5;86m[HTTP]&amp#27;[0m &amp#27;[37m-->&amp#27;[39m &amp#27;[37mGET&amp#27;[39m &amp#27;[37m/session/54cb3698-e03f-4cbd-b4e9-fe0dcbe108de/screenshot&amp#27;[39m &amp#27;[90m{}&amp#27;[39m
&amp#27;[38;5;214m[54cb3698]&amp#27;[0m&amp#27;[38;5;-54m[AndroidUiautomator2Driver@38c1]&amp#27;[0m Calling AppiumDriver.getScreenshot() with args: ["54cb3698-e03f-4cbd-b4e9-fe0dcbe108de"]
&amp#27;[38;5;214m[54cb3698]&amp#27;[0m&amp#27;[38;5;-54m[AndroidUiautomator2Driver@38c1]&amp#27;[0m Matched '/screenshot' to command name 'getScreenshot'
&amp#27;[38;5;214m[54cb3698]&amp#27;[0m&amp#27;[38;5;-54m[AndroidUiautomator2Driver@38c1]&amp#27;[0m Proxying [GET /screenshot] to [GET http://127.0.0.1:8200/session/7af5b591-ed58-44b6-be45-0eb8b1fbd11d/screenshot] with no body
&amp#27;[38;5;214m[54cb3698]&amp#27;[0m&amp#27;[38;5;-54m[AndroidUiautomator2Driver@38c1]&amp#27;[0m Got response with status 200: {"sessionId":"7af5b591-ed58-44b6-be45-0eb8b1fbd11d","value":"iVBORw0KGgoAAAANSUhEUgAABDgAAAloCAYAAACBSQW4AAAAAXNSR0IArs4c6QAAAARzQklUCAgICHwIZIgAACAASURBVHic7N13nB113ff/93dmTtte0ysJaYQklJAQepAighRRUVBAvC14WS+9vPTyurmu36X3z971Rr1QLhQEQSlKB5HeAwFSCaTXzfZ26sz9xxbO7p6ze7bv7L6ej8c+sjtnZs7nbJJzvvOebzGlGz/qCQAAAAAAwMes0S4AAAAAAABgsAg4AAAAAACA7xFwAAAAAAAA3yPgAAAAAAAAvkfAAQAAAAAAfI+AAwAAAAAA+B4BBwAAAAAA8D0CDgAAAAAA4HsEHAAAAAAAwPcIOAAAAAAAgO8RcAAAAAAAAN8j4AAAAAAAAL5HwAEAAAAAAHyPgAMAAAAAAPieM9oFAAAAAAAgSUZGpXa+TspbpCXhmZrhlGtaoFRTnBLlW+HRLm9INbtRHUjWaV+iVnuS1doY3a2nWzarNtUsT95ol+dLpnTjR/nNAQAAAABGnJGRYyxVOsV6T8GxOrNgmVZG5o92WaPqhdY39WjT67qvaZ2qkvVKeKnRLsk3CDgAAAAAACPKyChsBTTFKdFFhSfoI6Wnq9jKG+2yxpS6VLN+X/e4/tLwnA4lGxTzEvTs6AMBBwAAAABgxNiyNDVQqvcUHqsPFZ+i6YEyWUwPmZErVzvjVbq5/kk93LRe+xO1Sskd7bLGLAIOAAAAAMCICJmAloRm6JqyM3VG/lKFTXC0S/KFVjemf7Rs0A01j2pjbLdiXnK0SxqTmGQUY17ECmpuYJIWh2ZofnCKKp1iRaygAsZWyATkyM56bEIpxdyEEkqq2Y3pQKJWW+P7tTm2VzsTVUoyng0AAAAYEQVWWGvyFurq0rU6NnyEHJO9HY+uIlZIZ+UvV6lVoN/V/V3Pt7ypRrd1tMsacwg4uikYxMy8...
&amp#27;[38;5;214m[54cb3698]&amp#27;[0m&amp#27;[38;5;-54m[AndroidUiautomator2Driver@38c1]&amp#27;[0m Responding to client with driver.getScreenshot() result: "iVBORw0KGgoAAAANSUhEUgAABDgAAAloCAYAAACBSQW4AAAAAXNSR0IArs4c6QAAAARzQklUCAgICHwIZIgAACAASURBVHic7N13nB113ff/93dmTtte0ysJaYQklJAQepAighRRUVBAvC14WS+9vPTyurmu36X3z971Rr1QLhQEQSlKB5HeAwFSCaTXzfZ26sz9xxbO7p6ze7bv7L6ej8c+sjtnZs7nbJJzvvOebzGlGz/qCQAAAAAAwMes0S4AAAAAAABgsAg4AAAAAACA7xFwAAAAAAAA3yPgAAAAAAAAvkfAAQAAAAAAfI+AAwAAAAAA+B4BBwAAAAAA8D0CDgAAAAAA4HsEHAAAAAAAwPcIOAAAAAAAgO8RcAAAAAAAAN8j4AAAAAAAAL5HwAEAAAAAAHyPgAMAAAAAAPieM9oFAAAAAAAgSUZGpXa+TspbpCXhmZrhlGtaoFRTnBLlW+HRLm9INbtRHUjWaV+iVnuS1doY3a2nWzarNtUsT95ol+dLpnTjR/nNAQAAAABGnJGRYyxVOsV6T8GxOrNgmVZG5o92WaPqhdY39WjT67qvaZ2qkvVKeKnRLsk3CDgAAAAAACPKyChsBTTFKdFFhSfoI6Wnq9jKG+2yxpS6VLN+X/e4/tLwnA4lGxTzEvTs6AMBBwAAAABgxNiyNDVQqvcUHqsPFZ+i6YEyWUwPmZErVzvjVbq5/kk93LRe+xO1Sskd7bLGLAIOAAAAAMCICJmAloRm6JqyM3VG/lKFTXC0S/KFVjemf7Rs0A01j2pjbLdiXnK0SxqTmGQUY17ECmpuYJIWh2ZofnCKKp1iRaygAsZWyATkyM56bEIpxdyEEkqq2Y3pQKJWW+P7tTm2VzsTVUoyng0AAAAYEQVWWGvyFurq0rU6NnyEHJO9HY+uIlZIZ+UvV6lVoN/V/V3Pt7ypRrd1tMsacwg4uikYxMy8KblqdeNDWM3w1jPWXmt3AWPrxLyF+kjJaVqbf7RK7fwhO/e+RI0ebHpVN9U9...
&amp#27;[38;5;214m[54cb3698]&amp#27;[0m&amp#27;[38;5;86m[HTTP]&amp#27;[0m &amp#27;[37m<-- GET /session/54cb3698-e03f-4cbd-b4e9-fe0dcbe108de/screenshot &amp#27;[39m&amp#27;[32m200&amp#27;[39m &amp#27;[90m555 ms - 340004&amp#27;[39m &amp#27;[90m&amp#27;[39m
]]></system-out>
  </testcase>
  <testcase name="proceed" classname="DataProviderFirst.DataProvider1" time="6.208">
    <system-out><![CDATA[&amp#27;[38;5;214m[54cb3698]&amp#27;[0m&amp#27;[38;5;86m[HTTP]&amp#27;[0m &amp#27;[37m-->&amp#27;[39m &amp#27;[37mGET&amp#27;[39m &amp#27;[37m/session/54cb3698-e03f-4cbd-b4e9-fe0dcbe108de/context&amp#27;[39m &amp#27;[90m{}&amp#27;[39m
&amp#27;[38;5;214m[54cb3698]&amp#27;[0m&amp#27;[38;5;-54m[AndroidUiautomator2Driver@38c1]&amp#27;[0m Calling AppiumDriver.getCurrentContext() with args: ["54cb3698-e03f-4cbd-b4e9-fe0dcbe108de"]
&amp#27;[38;5;214m[54cb3698]&amp#27;[0m&amp#27;[38;5;-54m[AndroidUiautomator2Driver@38c1]&amp#27;[0m Responding to client with driver.getCurrentContext() result: "NATIVE_APP"
&amp#27;[38;5;214m[54cb3698]&amp#27;[0m&amp#27;[38;5;86m[HTTP]&amp#27;[0m &amp#27;[37m<-- GET /session/54cb3698-e03f-4cbd-b4e9-fe0dcbe108de/context &amp#27;[39m&amp#27;[32m200&amp#27;[39m &amp#27;[90m1 ms - 22&amp#27;[39m &amp#27;[90m&amp#27;[39m
&amp#27;[38;5;214m[54cb3698]&amp#27;[0m&amp#27;[38;5;86m[HTTP]&amp#27;[0m &amp#27;[37m-->&amp#27;[39m &amp#27;[37mPOST&amp#27;[39m &amp#27;[37m/session/54cb3698-e03f-4cbd-b4e9-fe0dcbe108de/element&amp#27;[39m &amp#27;[90m{"using":"class name","value":"android.widget.CheckBox"}&amp#27;[39m
&amp#27;[38;5;214m[54cb3698]&amp#27;[0m&amp#27;[38;5;-54m[AndroidUiautomator2Driver@38c1]&amp#27;[0m Calling AppiumDriver.findElement() with args: ["class name","android.widget.CheckBox","54cb3698-e03f-4cbd-b4e9-fe0dcbe108de"]
&amp#27;[38;5;214m[54cb3698]&amp#27;[0m&amp#27;[38;5;-54m[AndroidUiautomator2Driver@38c1]&amp#27;[0m Valid locator strategies for this request: xpath, id, class name, accessibility id, css selector, -android uiautomator
&amp#27;[38;5;214m[54cb3698]&amp#27;[0m&amp#27;[38;5;-54m[AndroidUiautomator2Driver@38c1]&amp#27;[0m Waiting up to 20000 ms for condition
&amp#27;[38;5;214m[54cb3698]&amp#27;[0m&amp#27;[38;5;-54m[AndroidUiautomator2Driver@38c1]&amp#27;[0m Matched '/element' to command name 'findElement'
&amp#27;[38;5;214m[54cb3698]&amp#27;[0m&amp#27;[38;5;-54m[AndroidUiautomator2Driver@38c1]&amp#27;[0m Proxying [POST /element] to [POST http://127.0.0.1:8200/session/7af5b591-ed58-44b6-be45-0eb8b1fbd11d/element] with body: {"strategy":"class name","selector":"android.widget.CheckBox","context":"","multiple":false}
&amp#27;[38;5;214m[54cb3698]&amp#27;[0m&amp#27;[38;5;-54m[AndroidUiautomator2Driver@38c1]&amp#27;[0m Got response with status 200: {"sessionId":"7af5b591-ed58-44b6-be45-0eb8b1fbd11d","value":{"ELEMENT":"00000000-0000-050f-ffff-ffff0000007b","element-6066-11e4-a52e-4f735466cecf":"00000000-0000-050f-ffff-ffff0000007b"}}
&amp#27;[38;5;214m[54cb3698]&amp#27;[0m&amp#27;[38;5;-54m[AndroidUiautomator2Driver@38c1]&amp#27;[0m Responding to client with driver.findElement() result: {"element-6066-11e4-a52e-4f735466cecf":"00000000-0000-050f-ffff-ffff0000007b","ELEMENT":"00000000-0000-050f-ffff-ffff0000007b"}
&amp#27;[38;5;214m[54cb3698]&amp#27;[0m&amp#27;[38;5;86m[HTTP]&amp#27;[0m &amp#27;[37m<-- POST /session/54cb3698-e03f-4cbd-b4e9-fe0dcbe108de/element &amp#27;[39m&amp#27;[32m200&amp#27;[39m &amp#27;[90m157 ms - 137&amp#27;[39m &amp#27;[90m&amp#27;[39m
&amp#27;[38;5;214m[54cb3698]&amp#27;[0m&amp#27;[38;5;86m[HTTP]&amp#27;[0m &amp#27;[37m-->&amp#27;[39m &amp#27;[37mPOST&amp#27;[39m &amp#27;[37m/session/54cb3698-e03f-4cbd-b4e9-fe0dcbe108de/element/00000000-0000-050f-ffff-ffff0000007b/click&amp#27;[39m &amp#27;[90m{"id":"00000000-0000-050f-ffff-ffff0000007b"}&amp#27;[39m
&amp#27;[38;5;214m[54cb3698]&amp#27;[0m&amp#27;[38;5;-54m[AndroidUiautomator2Driver@38c1]&amp#27;[0m Calling AppiumDriver.click() with args: ["00000000-0000-050f-ffff-ffff0000007b","54cb3698-e03f-4cbd-b4e9-fe0dcbe108de"]
&amp#27;[38;5;214m[54cb3698]&amp#27;[0m&amp#27;[38;5;-54m[AndroidUiautomator2Driver@38c1]&amp#27;[0m Matched '/element/00000000-0000-050f-ffff-ffff0000007b/click' to command name 'click'
&amp#27;[38;5;214m[54cb3698]&amp#27;[0m&amp#27;[38;5;-54m[AndroidUiautomator2Driver@38c1]&amp#27;[0m Proxying [POST /element/00000000-0000-050f-ffff-ffff0000007b/click] to [POST http://127.0.0.1:8200/session/7af5b591-ed58-44b6-be45-0eb8b1fbd11d/element/00000000-0000-050f-ffff-ffff0000007b/click] with body: {"element":"00000000-0000-050f-ffff-ffff0000007b"}
&amp#27;[38;5;214m[54cb3698]&amp#27;[0m&amp#27;[38;5;-54m[AndroidUiautomator2Driver@38c1]&amp#27;[0m Got response with status 200: {"sessionId":"7af5b591-ed58-44b6-be45-0eb8b1fbd11d","value":null}
&amp#27;[38;5;214m[54cb3698]&amp#27;[0m&amp#27;[38;5;-54m[AndroidUiautomator2Driver@38c1]&amp#27;[0m Responding to client with driver.click() result: null
&amp#27;[38;5;214m[54cb3698]&amp#27;[0m&amp#27;[38;5;86m[HTTP]&amp#27;[0m &amp#27;[37m<-- POST /session/54cb3698-e03f-4cbd-b4e9-fe0dcbe108de/element/00000000-0000-050f-ffff-ffff0000007b/click &amp#27;[39m&amp#27;[32m200&amp#27;[39m &amp#27;[90m102 ms - 14&amp#27;[39m &amp#27;[90m&amp#27;[39m
&amp#27;[38;5;214m[54cb3698]&amp#27;[0m&amp#27;[38;5;86m[HTTP]&amp#27;[0m &amp#27;[37m-->&amp#27;[39m &amp#27;[37mGET&amp#27;[39m &amp#27;[37m/session/54cb3698-e03f-4cbd-b4e9-fe0dcbe108de/context&amp#27;[39m &amp#27;[90m{}&amp#27;[39m
&amp#27;[38;5;214m[54cb3698]&amp#27;[0m&amp#27;[38;5;-54m[AndroidUiautomator2Driver@38c1]&amp#27;[0m Calling AppiumDriver.getCurrentContext() with args: ["54cb3698-e03f-4cbd-b4e9-fe0dcbe108de"]
&amp#27;[38;5;214m[54cb3698]&amp#27;[0m&amp#27;[38;5;-54m[AndroidUiautomator2Driver@38c1]&amp#27;[0m Responding to client with driver.getCurrentContext() result: "NATIVE_APP"
&amp#27;[38;5;214m[54cb3698]&amp#27;[0m&amp#27;[38;5;86m[HTTP]&amp#27;[0m &amp#27;[37m<-- GET /session/54cb3698-e03f-4cbd-b4e9-fe0dcbe108de/context &amp#27;[39m&amp#27;[32m200&amp#27;[39m &amp#27;[90m1 ms - 22&amp#27;[39m &amp#27;[90m&amp#27;[39m
&amp#27;[38;5;214m[54cb3698]&amp#27;[0m&amp#27;[38;5;86m[HTTP]&amp#27;[0m &amp#27;[37m-->&amp#27;[39m &amp#27;[37mPOST&amp#27;[39m &amp#27;[37m/session/54cb3698-e03f-4cbd-b4e9-fe0dcbe108de/element&amp#27;[39m &amp#27;[90m{"using":"id","value":"com.androidsample.generalstore:id/btnProceed"}&amp#27;[39m
&amp#27;[38;5;214m[54cb3698]&amp#27;[0m&amp#27;[38;5;-54m[AndroidUiautomator2Driver@38c1]&amp#27;[0m Calling AppiumDriver.findElement() with args: ["id","com.androidsample.generalstore:id/btnProceed","54cb3698-e03f-4cbd-b4e9-fe0dcbe108de"]
&amp#27;[38;5;214m[54cb3698]&amp#27;[0m&amp#27;[38;5;-54m[AndroidUiautomator2Driver@38c1]&amp#27;[0m Valid locator strategies for this request: xpath, id, class name, accessibility id, css selector, -android uiautomator
&amp#27;[38;5;214m[54cb3698]&amp#27;[0m&amp#27;[38;5;-54m[AndroidUiautomator2Driver@38c1]&amp#27;[0m Waiting up to 20000 ms for condition
&amp#27;[38;5;214m[54cb3698]&amp#27;[0m&amp#27;[38;5;-54m[AndroidUiautomator2Driver@38c1]&amp#27;[0m Matched '/element' to command name 'findElement'
&amp#27;[38;5;214m[54cb3698]&amp#27;[0m&amp#27;[38;5;-54m[AndroidUiautomator2Driver@38c1]&amp#27;[0m Proxying [POST /element] to [POST http://127.0.0.1:8200/session/7af5b591-ed58-44b6-be45-0eb8b1fbd11d/element] with body: {"strategy":"id","selector":"com.androidsample.generalstore:id/btnProceed","context":"","multiple":false}
&amp#27;[38;5;214m[54cb3698]&amp#27;[0m&amp#27;[38;5;-54m[AndroidUiautomator2Driver@38c1]&amp#27;[0m Got response with status 200: {"sessionId":"7af5b591-ed58-44b6-be45-0eb8b1fbd11d","value":{"ELEMENT":"00000000-0000-050f-ffff-ffff0000007c","element-6066-11e4-a52e-4f735466cecf":"00000000-0000-050f-ffff-ffff0000007c"}}
&amp#27;[38;5;214m[54cb3698]&amp#27;[0m&amp#27;[38;5;-54m[AndroidUiautomator2Driver@38c1]&amp#27;[0m Responding to client with driver.findElement() result: {"element-6066-11e4-a52e-4f735466cecf":"00000000-0000-050f-ffff-ffff0000007c","ELEMENT":"00000000-0000-050f-ffff-ffff0000007c"}
&amp#27;[38;5;214m[54cb3698]&amp#27;[0m&amp#27;[38;5;86m[HTTP]&amp#27;[0m &amp#27;[37m<-- POST /session/54cb3698-e03f-4cbd-b4e9-fe0dcbe108de/element &amp#27;[39m&amp#27;[32m200&amp#27;[39m &amp#27;[90m698 ms - 137&amp#27;[39m &amp#27;[90m&amp#27;[39m
&amp#27;[38;5;214m[54cb3698]&amp#27;[0m&amp#27;[38;5;86m[HTTP]&amp#27;[0m &amp#27;[37m-->&amp#27;[39m &amp#27;[37mPOST&amp#27;[39m &amp#27;[37m/session/54cb3698-e03f-4cbd-b4e9-fe0dcbe108de/element/00000000-0000-050f-ffff-ffff0000007c/click&amp#27;[39m &amp#27;[90m{"id":"00000000-0000-050f-ffff-ffff0000007c"}&amp#27;[39m
&amp#27;[38;5;214m[54cb3698]&amp#27;[0m&amp#27;[38;5;-54m[AndroidUiautomator2Driver@38c1]&amp#27;[0m Calling AppiumDriver.click() with args: ["00000000-0000-050f-ffff-ffff0000007c","54cb3698-e03f-4cbd-b4e9-fe0dcbe108de"]
&amp#27;[38;5;214m[54cb3698]&amp#27;[0m&amp#27;[38;5;-54m[AndroidUiautomator2Driver@38c1]&amp#27;[0m Matched '/element/00000000-0000-050f-ffff-ffff0000007c/click' to command name 'click'
&amp#27;[38;5;214m[54cb3698]&amp#27;[0m&amp#27;[38;5;-54m[AndroidUiautomator2Driver@38c1]&amp#27;[0m Proxying [POST /element/00000000-0000-050f-ffff-ffff0000007c/click] to [POST http://127.0.0.1:8200/session/7af5b591-ed58-44b6-be45-0eb8b1fbd11d/element/00000000-0000-050f-ffff-ffff0000007c/click] with body: {"element":"00000000-0000-050f-ffff-ffff0000007c"}
&amp#27;[38;5;214m[54cb3698]&amp#27;[0m&amp#27;[38;5;-54m[AndroidUiautomator2Driver@38c1]&amp#27;[0m Got response with status 200: {"sessionId":"7af5b591-ed58-44b6-be45-0eb8b1fbd11d","value":null}
&amp#27;[38;5;214m[54cb3698]&amp#27;[0m&amp#27;[38;5;-54m[AndroidUiautomator2Driver@38c1]&amp#27;[0m Responding to client with driver.click() result: null
&amp#27;[38;5;214m[54cb3698]&amp#27;[0m&amp#27;[38;5;86m[HTTP]&amp#27;[0m &amp#27;[37m<-- POST /session/54cb3698-e03f-4cbd-b4e9-fe0dcbe108de/element/00000000-0000-050f-ffff-ffff0000007c/click &amp#27;[39m&amp#27;[32m200&amp#27;[39m &amp#27;[90m96 ms - 14&amp#27;[39m &amp#27;[90m&amp#27;[39m
]]></system-out>
  </testcase>
</testsuite>