<?xml version="1.0" encoding="UTF-8"?>
<!-- Generated by org.testng.reporters.JUnitReportReporter -->
<testsuite hostname="Anish" failures="0" tests="1" name="DataProviderFirst.DataProvider2" time="16.121" errors="0" timestamp="2025-09-24T08:06:21 IST" skipped="0">
  <testcase classname="DataProviderFirst.DataProvider2" name="POM_App" time="16.121"/>
</testsuite> <!-- DataProviderFirst.DataProvider2 -->
