<?xml version="1.0" encoding="UTF-8"?>
<!-- Generated by org.testng.reporters.JUnitReportReporter -->
<testsuite hostname="Anish" failures="0" tests="1" name="DataProviderFirst.DataProvider2" time="17.325" errors="0" timestamp="2025-09-24T15:31:14 IST" skipped="0">
  <testcase classname="DataProviderFirst.DataProvider2" name="POM_App" time="17.325"/>
</testsuite> <!-- DataProviderFirst.DataProvider2 -->
