<?xml version="1.0" encoding="UTF-8"?>
<!-- Generated by org.testng.reporters.JUnitReportReporter -->
<testsuite hostname="Anish" failures="0" tests="5" name="DataProviderFirst.DataProvider1" time="43.325" errors="0" timestamp="2025-09-24T20:04:35 IST" skipped="0">
  <testcase classname="DataProviderFirst.DataProvider1" name="homePage" time="9.956"/>
  <testcase classname="DataProviderFirst.DataProvider1" name="findProduct" time="16.935"/>
  <testcase classname="DataProviderFirst.DataProvider1" name="addProduct" time="3.135"/>
  <testcase classname="DataProviderFirst.DataProvider1" name="TC" time="6.713"/>
  <testcase classname="DataProviderFirst.DataProvider1" name="proceed" time="6.586"/>
</testsuite> <!-- DataProviderFirst.DataProvider1 -->
